Using pre-set license
Built from '2021.3/staging' branch; Version is '2021.3.21f1 (1b156197d683) revision 1774945'; Using compiler version '192829333'; Build Type 'Release'
OS: 'Windows 11  (10.0.22621) 64bit Core' Language: 'ru' Physical Memory: 15741 MB
BatchMode: 1, IsHumanControllingUs: 0, StartBugReporterOnCrash: 0, Is64bit: 1, IsPro: 1

COMMAND LINE ARGUMENTS:
D:\Soft\Unity Hub\Version\2021.3.21f1\Editor\Unity.exe
-adb2
-batchMode
-noUpm
-name
AssetImportWorker2
-projectPath
D:/Projects/track-racing/UI
-logFile
Logs/AssetImportWorker2.log
-srvPort
63281
Successfully changed project path to: D:/Projects/track-racing/UI
D:/Projects/track-racing/UI
[UnityMemory] Configuration Parameters - Can be set up in boot.config
    "memorysetup-bucket-allocator-granularity=16"
    "memorysetup-bucket-allocator-bucket-count=8"
    "memorysetup-bucket-allocator-block-size=33554432"
    "memorysetup-bucket-allocator-block-count=8"
    "memorysetup-main-allocator-block-size=16777216"
    "memorysetup-thread-allocator-block-size=16777216"
    "memorysetup-gfx-main-allocator-block-size=16777216"
    "memorysetup-gfx-thread-allocator-block-size=16777216"
    "memorysetup-cache-allocator-block-size=4194304"
    "memorysetup-typetree-allocator-block-size=2097152"
    "memorysetup-profiler-bucket-allocator-granularity=16"
    "memorysetup-profiler-bucket-allocator-bucket-count=8"
    "memorysetup-profiler-bucket-allocator-block-size=33554432"
    "memorysetup-profiler-bucket-allocator-block-count=8"
    "memorysetup-profiler-allocator-block-size=16777216"
    "memorysetup-profiler-editor-allocator-block-size=1048576"
    "memorysetup-temp-allocator-size-main=16777216"
    "memorysetup-job-temp-allocator-block-size=2097152"
    "memorysetup-job-temp-allocator-block-size-background=1048576"
    "memorysetup-job-temp-allocator-reduction-small-platforms=262144"
    "memorysetup-temp-allocator-size-background-worker=32768"
    "memorysetup-temp-allocator-size-job-worker=262144"
    "memorysetup-temp-allocator-size-preload-manager=33554432"
    "memorysetup-temp-allocator-size-nav-mesh-worker=65536"
    "memorysetup-temp-allocator-size-audio-worker=65536"
    "memorysetup-temp-allocator-size-cloud-worker=32768"
    "memorysetup-temp-allocator-size-gi-baking-worker=262144"
    "memorysetup-temp-allocator-size-gfx=262144"
Player connection [30948] Host "[IP] 192.168.56.1 [Port] 0 [Flags] 2 [Guid] 3466456704 [EditorId] 3466456704 [Version] 1048832 [Id] WindowsEditor(7,t3rixis) [Debug] 1 [PackageName] WindowsEditor [ProjectName] Editor" joined multi-casting on [225.0.0.222:54997]...

Player connection [30948] Host "[IP] 192.168.56.1 [Port] 0 [Flags] 2 [Guid] 3466456704 [EditorId] 3466456704 [Version] 1048832 [Id] WindowsEditor(7,t3rixis) [Debug] 1 [PackageName] WindowsEditor [ProjectName] Editor" joined alternative multi-casting on [225.0.0.222:34997]...

Refreshing native plugins compatible for Editor in 94.08 ms, found 3 plugins.
Preloading 0 native plugins for Editor in 0.00 ms.
Initialize engine version: 2021.3.21f1 (1b156197d683)
[Subsystems] Discovering subsystems at path D:/Soft/Unity Hub/Version/2021.3.21f1/Editor/Data/Resources/UnitySubsystems
[Subsystems] Discovering subsystems at path D:/Projects/track-racing/UI/Assets
GfxDevice: creating device client; threaded=0; jobified=0
Direct3D:
    Version:  Direct3D 11.0 [level 11.1]
    Renderer: NVIDIA GeForce GTX 1650 (ID=0x1f99)
    Vendor:   NVIDIA
    VRAM:     3950 MB
    Driver:   31.0.15.3623
Initialize mono
Mono path[0] = 'D:/Soft/Unity Hub/Version/2021.3.21f1/Editor/Data/Managed'
Mono path[1] = 'D:/Soft/Unity Hub/Version/2021.3.21f1/Editor/Data/MonoBleedingEdge/lib/mono/unityjit-win32'
Mono config path = 'D:/Soft/Unity Hub/Version/2021.3.21f1/Editor/Data/MonoBleedingEdge/etc'
Using monoOptions --debugger-agent=transport=dt_socket,embedding=1,server=y,suspend=n,address=127.0.0.1:56860
Begin MonoManager ReloadAssembly
Registering precompiled unity dll's ...
Register platform support module: D:/Soft/Unity Hub/Version/2021.3.21f1/Editor/Data/PlaybackEngines/WindowsStandaloneSupport/UnityEditor.WindowsStandalone.Extensions.dll
Registered in 0.002115 seconds.
Native extension for WindowsStandalone target not found
Refreshing native plugins compatible for Editor in 96.44 ms, found 3 plugins.
Preloading 0 native plugins for Editor in 0.00 ms.
Mono: successfully reloaded assembly
- Completed reload, in  0.798 seconds
Domain Reload Profiling:
	ReloadAssembly (798ms)
		BeginReloadAssembly (129ms)
			ExecutionOrderSort (0ms)
			DisableScriptedObjects (0ms)
			BackupInstance (0ms)
			ReleaseScriptingObjects (0ms)
			CreateAndSetChildDomain (1ms)
		EndReloadAssembly (554ms)
			LoadAssemblies (129ms)
			RebuildTransferFunctionScriptingTraits (0ms)
			SetupTypeCache (134ms)
			ReleaseScriptCaches (0ms)
			RebuildScriptCaches (34ms)
			SetupLoadedEditorAssemblies (339ms)
				LogAssemblyErrors (0ms)
				InitializePlatformSupportModulesInManaged (10ms)
				SetLoadedEditorAssemblies (0ms)
				RefreshPlugins (97ms)
				BeforeProcessingInitializeOnLoad (2ms)
				ProcessInitializeOnLoadAttributes (182ms)
				ProcessInitializeOnLoadMethodAttributes (48ms)
				AfterProcessingInitializeOnLoad (0ms)
				EditorAssembliesLoaded (0ms)
			ExecutionOrderSort2 (0ms)
			AwakeInstancesAfterBackupRestoration (0ms)
Platform modules already initialized, skipping
Registering precompiled user dll's ...
Registered in 0.002953 seconds.
Begin MonoManager ReloadAssembly
Symbol file LoadedFromMemory doesn't match image D:\Projects\track-racing\UI\Library\PackageCache\com.unity.visualscripting@1.8.0\Editor\VisualScripting.Core\Dependencies\YamlDotNet\Unity.VisualScripting.YamlDotNet.dll
Symbol file LoadedFromMemory doesn't match image D:\Projects\track-racing\UI\Library\PackageCache\com.unity.visualscripting@1.8.0\Editor\VisualScripting.Core\Dependencies\DotNetZip\Unity.VisualScripting.IonicZip.dll
Native extension for WindowsStandalone target not found
Refreshing native plugins compatible for Editor in 0.66 ms, found 3 plugins.
Preloading 0 native plugins for Editor in 0.00 ms.
Mono: successfully reloaded assembly
- Completed reload, in  1.021 seconds
Domain Reload Profiling:
	ReloadAssembly (1022ms)
		BeginReloadAssembly (127ms)
			ExecutionOrderSort (0ms)
			DisableScriptedObjects (6ms)
			BackupInstance (0ms)
			ReleaseScriptingObjects (0ms)
			CreateAndSetChildDomain (21ms)
		EndReloadAssembly (790ms)
			LoadAssemblies (93ms)
			RebuildTransferFunctionScriptingTraits (0ms)
			SetupTypeCache (266ms)
			ReleaseScriptCaches (1ms)
			RebuildScriptCaches (61ms)
			SetupLoadedEditorAssemblies (346ms)
				LogAssemblyErrors (0ms)
				InitializePlatformSupportModulesInManaged (4ms)
				SetLoadedEditorAssemblies (0ms)
				RefreshPlugins (1ms)
				BeforeProcessingInitializeOnLoad (72ms)
				ProcessInitializeOnLoadAttributes (246ms)
				ProcessInitializeOnLoadMethodAttributes (21ms)
				AfterProcessingInitializeOnLoad (2ms)
				EditorAssembliesLoaded (0ms)
			ExecutionOrderSort2 (0ms)
			AwakeInstancesAfterBackupRestoration (5ms)
Platform modules already initialized, skipping
========================================================================
Worker process is ready to serve import requests
Launched and connected shader compiler UnityShaderCompiler.exe after 0.05 seconds
Refreshing native plugins compatible for Editor in 0.58 ms, found 3 plugins.
Preloading 0 native plugins for Editor in 0.00 ms.
Unloading 3047 Unused Serialized files (Serialized files now loaded: 0)
Unloading 24 unused Assets / (113.8 KB). Loaded Objects now: 3508.
Memory consumption went from 107.5 MB to 107.4 MB.
Total: 3.849800 ms (FindLiveObjects: 0.406000 ms CreateObjectMapping: 0.185600 ms MarkObjects: 3.137400 ms  DeleteObjects: 0.118800 ms)

AssetImportParameters requested are different than current active one (requested -> active):
  custom:video-decoder-ogg-theora: a1e56fd34408186e4bbccfd4996cb3dc -> 
  custom:container-muxer-webm: aa71ff27fc2769a1b78a27578f13a17b -> 
  custom:container-demuxer-webm: 4f35f7cbe854078d1ac9338744f61a02 -> 
  custom:video-encoder-webm-vp8: eb34c28f22e8b96e1ab97ce403110664 -> 
  custom:video-codec-MediaFoundation-h265: 746d11721c4dcdbdad8f713fa42b33f4 -> 
  custom:audio-encoder-webm-vorbis: bf7c407c2cedff20999df2af8eb42d56 -> 
  custom:framework-win-MediaFoundation: 216162199b28c13a410421893ffa2e32 -> 
  custom:container-demuxer-ogg: 62fdf1f143b41e24485cea50d1cbac27 -> 
  custom:video-decoder-webm-vp8: 9c59270c3fd7afecdb556c50c9e8de78 -> 
  custom:audio-decoder-ogg-vorbis: bf7c407c2cedff20999df2af8eb42d56 -> 
========================================================================
Received Import Request.
  Time since last request: 535996.242016 seconds.
  path: Packages/com.unity.collab-proxy/Editor/PlasticSCM/Assets/Images/buttonssosigninemail.png
  artifactKey: Guid(d24e7e0b75e1a244bb9687d6fd4315ef) Importer(815301076,1909f56bfc062723c751e8b465ee728b)
Start importing Packages/com.unity.collab-proxy/Editor/PlasticSCM/Assets/Images/buttonssosigninemail.png using Guid(d24e7e0b75e1a244bb9687d6fd4315ef) Importer(815301076,1909f56bfc062723c751e8b465ee728b)  -> (artifact id: 'e1b193e266fb87e23a30ba80080d8c2b') in 0.192941 seconds 
========================================================================
Received Import Request.
  Time since last request: 0.000044 seconds.
  path: Packages/com.unity.collab-proxy/Editor/PlasticSCM/Assets/Images/d_iconaddedlocal@2x.png
  artifactKey: Guid(02800fb9cff14da47a04572790384d8b) Importer(815301076,1909f56bfc062723c751e8b465ee728b)
Start importing Packages/com.unity.collab-proxy/Editor/PlasticSCM/Assets/Images/d_iconaddedlocal@2x.png using Guid(02800fb9cff14da47a04572790384d8b) Importer(815301076,1909f56bfc062723c751e8b465ee728b)  -> (artifact id: 'dd3f93f737983d8e71022870582a68eb') in 0.026050 seconds 
========================================================================
Received Import Request.
  Time since last request: 0.400376 seconds.
  path: Packages/com.unity.collab-proxy/Editor/PlasticSCM/Assets/Images/d_iconemptygravatar.png
  artifactKey: Guid(9aebd705574f9e642aef1e5f59b3e4d8) Importer(815301076,1909f56bfc062723c751e8b465ee728b)
Start importing Packages/com.unity.collab-proxy/Editor/PlasticSCM/Assets/Images/d_iconemptygravatar.png using Guid(9aebd705574f9e642aef1e5f59b3e4d8) Importer(815301076,1909f56bfc062723c751e8b465ee728b)  -> (artifact id: '83c187a7082e8290932d54dec8e92a5e') in 0.027391 seconds 
========================================================================
Received Import Request.
  Time since last request: 0.000048 seconds.
  path: Packages/com.unity.collab-proxy/Editor/PlasticSCM/Assets/Images/d_iconplasticview.png
  artifactKey: Guid(519d97e745e55f041b609f3666cbc037) Importer(815301076,1909f56bfc062723c751e8b465ee728b)
Start importing Packages/com.unity.collab-proxy/Editor/PlasticSCM/Assets/Images/d_iconplasticview.png using Guid(519d97e745e55f041b609f3666cbc037) Importer(815301076,1909f56bfc062723c751e8b465ee728b)  -> (artifact id: 'bc80088a4ed4c7b9f8df76cc6b1641b5') in 0.028573 seconds 
========================================================================
Received Import Request.
  Time since last request: 0.000045 seconds.
  path: Packages/com.unity.collab-proxy/Editor/PlasticSCM/Assets/Images/d_iconplasticnotifyincoming@2x.png
  artifactKey: Guid(c5fc116b3271b5947808130b2212cd60) Importer(815301076,1909f56bfc062723c751e8b465ee728b)
Start importing Packages/com.unity.collab-proxy/Editor/PlasticSCM/Assets/Images/d_iconplasticnotifyincoming@2x.png using Guid(c5fc116b3271b5947808130b2212cd60) Importer(815301076,1909f56bfc062723c751e8b465ee728b)  -> (artifact id: 'ed32df8e38812cfb6040a79df2405fe2') in 0.034980 seconds 
========================================================================
Received Import Request.
  Time since last request: 0.000026 seconds.
  path: Packages/com.unity.collab-proxy/Editor/PlasticSCM/Assets/Images/d_step2@2x.png
  artifactKey: Guid(cdb88fdb0cf46b244a667edaff21c7df) Importer(815301076,1909f56bfc062723c751e8b465ee728b)
Start importing Packages/com.unity.collab-proxy/Editor/PlasticSCM/Assets/Images/d_step2@2x.png using Guid(cdb88fdb0cf46b244a667edaff21c7df) Importer(815301076,1909f56bfc062723c751e8b465ee728b)  -> (artifact id: '198b5ec255da6a73ef7c59133d7d8540') in 0.028562 seconds 
========================================================================
Received Import Request.
  Time since last request: 0.000066 seconds.
  path: Packages/com.unity.collab-proxy/Editor/PlasticSCM/Assets/Images/d_iconplasticnotifyincoming.png
  artifactKey: Guid(f31d2c855644aad4cb2030bce12859f6) Importer(815301076,1909f56bfc062723c751e8b465ee728b)
Start importing Packages/com.unity.collab-proxy/Editor/PlasticSCM/Assets/Images/d_iconplasticnotifyincoming.png using Guid(f31d2c855644aad4cb2030bce12859f6) Importer(815301076,1909f56bfc062723c751e8b465ee728b)  -> (artifact id: '3112e80f02f4ec40668cb4b2bea2e4d7') in 0.023732 seconds 
========================================================================
Received Import Request.
  Time since last request: 42.443571 seconds.
  path: Assets/GameMenu/211876_play_icon.png
  artifactKey: Guid(c09eeeec9e0e8fc42bcc4616f3fc06be) Importer(815301076,1909f56bfc062723c751e8b465ee728b)
Start importing Assets/GameMenu/211876_play_icon.png using Guid(c09eeeec9e0e8fc42bcc4616f3fc06be) Importer(815301076,1909f56bfc062723c751e8b465ee728b)  -> (artifact id: '9d7f36d93267d0c50aeb49e340350d9c') in 0.012764 seconds 
========================================================================
Received Import Request.
  Time since last request: 135.681726 seconds.
  path: Assets/GameMenu/5261929.png
  artifactKey: Guid(bad91f2bc20698448ae3f556984bad9c) Importer(815301076,1909f56bfc062723c751e8b465ee728b)
Start importing Assets/GameMenu/5261929.png using Guid(bad91f2bc20698448ae3f556984bad9c) Importer(815301076,1909f56bfc062723c751e8b465ee728b)  -> (artifact id: '7969990bbc4a7acdc7f534783be38394') in 0.014824 seconds 
========================================================================
Received Import Request.
  Time since last request: 81.225658 seconds.
  path: Assets/GameMenu/5199939.png
  artifactKey: Guid(d2ee9dc46582f92428560635cb85c9a5) Importer(815301076,1909f56bfc062723c751e8b465ee728b)
Start importing Assets/GameMenu/5199939.png using Guid(d2ee9dc46582f92428560635cb85c9a5) Importer(815301076,1909f56bfc062723c751e8b465ee728b)  -> (artifact id: '2645b75d5712e608d0029b403979f3bc') in 0.015013 seconds 
========================================================================
Received Import Request.
  Time since last request: 16.694467 seconds.
  path: Packages/com.unity.collab-proxy/Editor/PlasticSCM/Assets/Images/iconconflictedoverlay@2x.png
  artifactKey: Guid(5679a74364f6b4440ab7e7aed55cd95e) Importer(815301076,1909f56bfc062723c751e8b465ee728b)
Start importing Packages/com.unity.collab-proxy/Editor/PlasticSCM/Assets/Images/iconconflictedoverlay@2x.png using Guid(5679a74364f6b4440ab7e7aed55cd95e) Importer(815301076,1909f56bfc062723c751e8b465ee728b)  -> (artifact id: '23eda30250d585f50ba6c2f4e34bf168') in 0.032877 seconds 
========================================================================
Received Import Request.
  Time since last request: 0.000031 seconds.
  path: Packages/com.unity.collab-proxy/Editor/PlasticSCM/Assets/Images/icondeleted.png
  artifactKey: Guid(77a39e873655d3c4b93d0b7696397b83) Importer(815301076,1909f56bfc062723c751e8b465ee728b)
Start importing Packages/com.unity.collab-proxy/Editor/PlasticSCM/Assets/Images/icondeleted.png using Guid(77a39e873655d3c4b93d0b7696397b83) Importer(815301076,1909f56bfc062723c751e8b465ee728b)  -> (artifact id: '59109bcf8b167f473653770edefede93') in 0.020142 seconds 
========================================================================
Received Import Request.
  Time since last request: 0.186790 seconds.
  path: Packages/com.unity.collab-proxy/Editor/PlasticSCM/Assets/Images/iconclosebutton.png
  artifactKey: Guid(13527793884104b46b7446fd7464c3ed) Importer(815301076,1909f56bfc062723c751e8b465ee728b)
Start importing Packages/com.unity.collab-proxy/Editor/PlasticSCM/Assets/Images/iconclosebutton.png using Guid(13527793884104b46b7446fd7464c3ed) Importer(815301076,1909f56bfc062723c751e8b465ee728b)  -> (artifact id: '29d78311355c0207bdd78bc289f62394') in 0.024509 seconds 
========================================================================
Received Import Request.
  Time since last request: 0.001732 seconds.
  path: Packages/com.unity.collab-proxy/Editor/PlasticSCM/Assets/Images/iconbranch.png
  artifactKey: Guid(a6219d44b6fc910449f7c3fee45db5c5) Importer(815301076,1909f56bfc062723c751e8b465ee728b)
Start importing Packages/com.unity.collab-proxy/Editor/PlasticSCM/Assets/Images/iconbranch.png using Guid(a6219d44b6fc910449f7c3fee45db5c5) Importer(815301076,1909f56bfc062723c751e8b465ee728b)  -> (artifact id: 'd384e7a5e8caad45dff46a864e62b96a') in 0.028993 seconds 
========================================================================
Received Import Request.
  Time since last request: 0.000029 seconds.
  path: Packages/com.unity.collab-proxy/Editor/PlasticSCM/Assets/Images/iconconflicted@2x.png
  artifactKey: Guid(f95f697d66d238446b1ab717def09945) Importer(815301076,1909f56bfc062723c751e8b465ee728b)
Start importing Packages/com.unity.collab-proxy/Editor/PlasticSCM/Assets/Images/iconconflicted@2x.png using Guid(f95f697d66d238446b1ab717def09945) Importer(815301076,1909f56bfc062723c751e8b465ee728b)  -> (artifact id: '70c3de1b1bbeabe59a6231c03f93a935') in 0.032837 seconds 
========================================================================
Received Import Request.
  Time since last request: 0.000030 seconds.
  path: Packages/com.unity.collab-proxy/Editor/PlasticSCM/Assets/Images/d_stepok.png
  artifactKey: Guid(be423a54b981d38428de82ad12534629) Importer(815301076,1909f56bfc062723c751e8b465ee728b)
Start importing Packages/com.unity.collab-proxy/Editor/PlasticSCM/Assets/Images/d_stepok.png using Guid(be423a54b981d38428de82ad12534629) Importer(815301076,1909f56bfc062723c751e8b465ee728b)  -> (artifact id: '6df83e218b93ffb288062a72809f4a01') in 0.025945 seconds 
========================================================================
Received Import Request.
  Time since last request: 0.000068 seconds.
  path: Packages/com.unity.collab-proxy/Editor/PlasticSCM/Assets/Images/d_step3@2x.png
  artifactKey: Guid(c9ed6d6ea2f9657409bfa068d4846139) Importer(815301076,1909f56bfc062723c751e8b465ee728b)
Start importing Packages/com.unity.collab-proxy/Editor/PlasticSCM/Assets/Images/d_step3@2x.png using Guid(c9ed6d6ea2f9657409bfa068d4846139) Importer(815301076,1909f56bfc062723c751e8b465ee728b)  -> (artifact id: 'e3d19e6f92cf3d9f60f501cab06daa9f') in 0.027656 seconds 
========================================================================
Received Import Request.
  Time since last request: 0.000030 seconds.
  path: Packages/com.unity.collab-proxy/Editor/PlasticSCM/Assets/Images/iconaddedlocal.png
  artifactKey: Guid(9a1ab8af8c446204e989a90f18305caf) Importer(815301076,1909f56bfc062723c751e8b465ee728b)
Start importing Packages/com.unity.collab-proxy/Editor/PlasticSCM/Assets/Images/iconaddedlocal.png using Guid(9a1ab8af8c446204e989a90f18305caf) Importer(815301076,1909f56bfc062723c751e8b465ee728b)  -> (artifact id: '66edd8a1b63c1a0badb44ee79de64c05') in 0.026739 seconds 
========================================================================
Received Import Request.
  Time since last request: 0.098977 seconds.
  path: Packages/com.unity.collab-proxy/Editor/PlasticSCM/Assets/Images/d_secondarytabclosehover@2x.png
  artifactKey: Guid(9aa4348290784b2468144a97eb15d8d7) Importer(815301076,1909f56bfc062723c751e8b465ee728b)
Start importing Packages/com.unity.collab-proxy/Editor/PlasticSCM/Assets/Images/d_secondarytabclosehover@2x.png using Guid(9aa4348290784b2468144a97eb15d8d7) Importer(815301076,1909f56bfc062723c751e8b465ee728b)  -> (artifact id: '9bb14067651d809e6d12fd25df16839b') in 0.022886 seconds 
========================================================================
Received Import Request.
  Time since last request: 0.024892 seconds.
  path: Packages/com.unity.collab-proxy/Editor/PlasticSCM/Assets/Images/d_refresh@2x.png
  artifactKey: Guid(602b72d4617c3694aa94419fc1b68e04) Importer(815301076,1909f56bfc062723c751e8b465ee728b)
Start importing Packages/com.unity.collab-proxy/Editor/PlasticSCM/Assets/Images/d_refresh@2x.png using Guid(602b72d4617c3694aa94419fc1b68e04) Importer(815301076,1909f56bfc062723c751e8b465ee728b)  -> (artifact id: '671776979fe67911e6b51a0a9c59bccc') in 0.022394 seconds 
========================================================================
Received Import Request.
  Time since last request: 0.000023 seconds.
  path: Packages/com.unity.collab-proxy/Editor/PlasticSCM/Assets/Images/d_secondarytabclosehover.png
  artifactKey: Guid(6a9d211bea1bc4a429d86cbb2d0b0a3e) Importer(815301076,1909f56bfc062723c751e8b465ee728b)
Start importing Packages/com.unity.collab-proxy/Editor/PlasticSCM/Assets/Images/d_secondarytabclosehover.png using Guid(6a9d211bea1bc4a429d86cbb2d0b0a3e) Importer(815301076,1909f56bfc062723c751e8b465ee728b)  -> (artifact id: 'ec780096b4da4ec7e56c3093e3849664') in 0.025701 seconds 
========================================================================
Received Import Request.
  Time since last request: 0.135640 seconds.
  path: Packages/com.unity.collab-proxy/Editor/PlasticSCM/Assets/Images/d_loading.png
  artifactKey: Guid(d58e94bfb1bac774dbb8ca9c2597ef2e) Importer(815301076,1909f56bfc062723c751e8b465ee728b)
Start importing Packages/com.unity.collab-proxy/Editor/PlasticSCM/Assets/Images/d_loading.png using Guid(d58e94bfb1bac774dbb8ca9c2597ef2e) Importer(815301076,1909f56bfc062723c751e8b465ee728b)  -> (artifact id: '8d806170a56d1e979fc084320439940c') in 0.023477 seconds 
========================================================================
Received Import Request.
  Time since last request: 0.000047 seconds.
  path: Packages/com.unity.collab-proxy/Editor/PlasticSCM/Assets/Images/d_ignoredoverlay@2x.png
  artifactKey: Guid(68fafd0a2acc3774988418f657bf7b68) Importer(815301076,1909f56bfc062723c751e8b465ee728b)
Start importing Packages/com.unity.collab-proxy/Editor/PlasticSCM/Assets/Images/d_ignoredoverlay@2x.png using Guid(68fafd0a2acc3774988418f657bf7b68) Importer(815301076,1909f56bfc062723c751e8b465ee728b)  -> (artifact id: 'b70d66ce1725a9e6308cbabc8f72ffbf') in 0.026849 seconds 
========================================================================
Received Import Request.
  Time since last request: 0.000044 seconds.
  path: Packages/com.unity.collab-proxy/Editor/PlasticSCM/Assets/Images/d_refresh.png
  artifactKey: Guid(92b8c447daf4d4b41a0ec148d1091261) Importer(815301076,1909f56bfc062723c751e8b465ee728b)
Start importing Packages/com.unity.collab-proxy/Editor/PlasticSCM/Assets/Images/d_refresh.png using Guid(92b8c447daf4d4b41a0ec148d1091261) Importer(815301076,1909f56bfc062723c751e8b465ee728b)  -> (artifact id: '234cc2f3bd5df1a17bdafcc12c47fd97') in 0.026328 seconds 
========================================================================
Received Import Request.
  Time since last request: 0.000277 seconds.
  path: Packages/com.unity.collab-proxy/Editor/PlasticSCM/Assets/Images/d_iconundo.png
  artifactKey: Guid(691dc543ff5b9ca44bf846657ba04161) Importer(815301076,1909f56bfc062723c751e8b465ee728b)
Start importing Packages/com.unity.collab-proxy/Editor/PlasticSCM/Assets/Images/d_iconundo.png using Guid(691dc543ff5b9ca44bf846657ba04161) Importer(815301076,1909f56bfc062723c751e8b465ee728b)  -> (artifact id: '9a4b59cd987fcce0ecf59b4d76460660') in 0.025119 seconds 
========================================================================
Received Import Request.
  Time since last request: 0.221685 seconds.
  path: Packages/com.unity.collab-proxy/Editor/PlasticSCM/Assets/Images/d_iconoutofsync@2x.png
  artifactKey: Guid(f82dfc5fc3c5a8f4080a3550427019c8) Importer(815301076,1909f56bfc062723c751e8b465ee728b)
Start importing Packages/com.unity.collab-proxy/Editor/PlasticSCM/Assets/Images/d_iconoutofsync@2x.png using Guid(f82dfc5fc3c5a8f4080a3550427019c8) Importer(815301076,1909f56bfc062723c751e8b465ee728b)  -> (artifact id: '4f69125dccbd7c7fb08a2aca1b45d8a5') in 0.023771 seconds 
========================================================================
Received Import Request.
  Time since last request: 0.000029 seconds.
  path: Packages/com.unity.collab-proxy/Editor/PlasticSCM/Assets/Images/d_iconoutofsyncoverlay@2x.png
  artifactKey: Guid(4d7e6e570e9d65a4c9a994783a0652e2) Importer(815301076,1909f56bfc062723c751e8b465ee728b)
Start importing Packages/com.unity.collab-proxy/Editor/PlasticSCM/Assets/Images/d_iconoutofsyncoverlay@2x.png using Guid(4d7e6e570e9d65a4c9a994783a0652e2) Importer(815301076,1909f56bfc062723c751e8b465ee728b)  -> (artifact id: 'acd8f6b79625ba8f524eb3a6e1fcd202') in 0.026690 seconds 
========================================================================
Received Import Request.
  Time since last request: 0.000024 seconds.
  path: Packages/com.unity.collab-proxy/Editor/PlasticSCM/Assets/Images/d_iconlockedremoteoverlay@2x.png
  artifactKey: Guid(2bb4e96f5d0b02c468932d665a015c54) Importer(815301076,1909f56bfc062723c751e8b465ee728b)
Start importing Packages/com.unity.collab-proxy/Editor/PlasticSCM/Assets/Images/d_iconlockedremoteoverlay@2x.png using Guid(2bb4e96f5d0b02c468932d665a015c54) Importer(815301076,1909f56bfc062723c751e8b465ee728b)  -> (artifact id: 'dcf614c92e59d66af6f9de9f3d72ba8a') in 0.027262 seconds 
========================================================================
Received Import Request.
  Time since last request: 0.196596 seconds.
  path: Packages/com.unity.collab-proxy/Editor/PlasticSCM/Assets/Images/d_iconlockedlocaloverlay.png
  artifactKey: Guid(71c45f80bffdb9145ad2c456254c862e) Importer(815301076,1909f56bfc062723c751e8b465ee728b)
Start importing Packages/com.unity.collab-proxy/Editor/PlasticSCM/Assets/Images/d_iconlockedlocaloverlay.png using Guid(71c45f80bffdb9145ad2c456254c862e) Importer(815301076,1909f56bfc062723c751e8b465ee728b)  -> (artifact id: 'cb593c3f9dd13729d050acfb13934317') in 0.026510 seconds 
========================================================================
Received Import Request.
  Time since last request: 0.000027 seconds.
  path: Packages/com.unity.collab-proxy/Editor/PlasticSCM/Assets/Images/d_icondeletedremoteoverlay.png
  artifactKey: Guid(3de8a0634e55df8499c88204001cb0dd) Importer(815301076,1909f56bfc062723c751e8b465ee728b)
Start importing Packages/com.unity.collab-proxy/Editor/PlasticSCM/Assets/Images/d_icondeletedremoteoverlay.png using Guid(3de8a0634e55df8499c88204001cb0dd) Importer(815301076,1909f56bfc062723c751e8b465ee728b)  -> (artifact id: 'd2e42ef377c05c7d5aec3c14388ca97d') in 0.024050 seconds 
========================================================================
Received Import Request.
  Time since last request: 0.018114 seconds.
  path: Packages/com.unity.collab-proxy/Editor/PlasticSCM/Assets/Images/d_icondeletedlocaloverlay@2x.png
  artifactKey: Guid(92b204cca46037444ab18ba6701f86f7) Importer(815301076,1909f56bfc062723c751e8b465ee728b)
Start importing Packages/com.unity.collab-proxy/Editor/PlasticSCM/Assets/Images/d_icondeletedlocaloverlay@2x.png using Guid(92b204cca46037444ab18ba6701f86f7) Importer(815301076,1909f56bfc062723c751e8b465ee728b)  -> (artifact id: 'dc966a39e3bde964d229357377676ad8') in 0.021445 seconds 
========================================================================
Received Import Request.
  Time since last request: 0.000026 seconds.
  path: Packages/com.unity.collab-proxy/Editor/PlasticSCM/Assets/Images/d_icondeletedremote@2x.png
  artifactKey: Guid(626b9cddb29049e4cac50cd87b419945) Importer(815301076,1909f56bfc062723c751e8b465ee728b)
Start importing Packages/com.unity.collab-proxy/Editor/PlasticSCM/Assets/Images/d_icondeletedremote@2x.png using Guid(626b9cddb29049e4cac50cd87b419945) Importer(815301076,1909f56bfc062723c751e8b465ee728b)  -> (artifact id: '0f82cbf70033c0f3a20fea35ecd06667') in 0.024928 seconds 
========================================================================
Received Import Request.
  Time since last request: 63.452764 seconds.
  path: Assets/GameMenu/png-clipart-button-gamemaker-studio-computer-icons-tk-game-start-button-game-text.png
  artifactKey: Guid(754e6ed5e3bc1a649aec465782731139) Importer(815301076,1909f56bfc062723c751e8b465ee728b)
Start importing Assets/GameMenu/png-clipart-button-gamemaker-studio-computer-icons-tk-game-start-button-game-text.png using Guid(754e6ed5e3bc1a649aec465782731139) Importer(815301076,1909f56bfc062723c751e8b465ee728b)  -> (artifact id: 'd3e93fda675b021382cb5481b7317fdd') in 0.017561 seconds 
========================================================================
Received Import Request.
  Time since last request: 75.110706 seconds.
  path: Packages/com.unity.collab-proxy/Editor/PlasticSCM/Assets/Images/d_iconconflictresolvedoverlay.png
  artifactKey: Guid(056ee72c467a4e24d87541d42839ca72) Importer(815301076,1909f56bfc062723c751e8b465ee728b)
Start importing Packages/com.unity.collab-proxy/Editor/PlasticSCM/Assets/Images/d_iconconflictresolvedoverlay.png using Guid(056ee72c467a4e24d87541d42839ca72) Importer(815301076,1909f56bfc062723c751e8b465ee728b)  -> (artifact id: '3cc7e3c854f885fbfbf1c1baf1f2f708') in 0.031876 seconds 
========================================================================
Received Import Request.
  Time since last request: 0.000027 seconds.
  path: Packages/com.unity.collab-proxy/Editor/PlasticSCM/Assets/Images/d_iconconflicted@2x.png
  artifactKey: Guid(65f0e363b74cf5845ab8c3fbc14f39ac) Importer(815301076,1909f56bfc062723c751e8b465ee728b)
Start importing Packages/com.unity.collab-proxy/Editor/PlasticSCM/Assets/Images/d_iconconflicted@2x.png using Guid(65f0e363b74cf5845ab8c3fbc14f39ac) Importer(815301076,1909f56bfc062723c751e8b465ee728b)  -> (artifact id: 'ac0ed1119c87f927688626aa5d74e73e') in 0.025108 seconds 
========================================================================
Received Import Request.
  Time since last request: 0.000037 seconds.
  path: Packages/com.unity.collab-proxy/Editor/PlasticSCM/Assets/Images/d_icondeletedlocaloverlay.png
  artifactKey: Guid(4da274d970a82a943ae3979e7833f3dd) Importer(815301076,1909f56bfc062723c751e8b465ee728b)
Start importing Packages/com.unity.collab-proxy/Editor/PlasticSCM/Assets/Images/d_icondeletedlocaloverlay.png using Guid(4da274d970a82a943ae3979e7833f3dd) Importer(815301076,1909f56bfc062723c751e8b465ee728b)  -> (artifact id: 'f035e5a973d6146edb3029be19a172fa') in 0.028400 seconds 
========================================================================
Received Import Request.
  Time since last request: 0.000032 seconds.
  path: Packages/com.unity.collab-proxy/Editor/PlasticSCM/Assets/Images/d_iconconflicted.png
  artifactKey: Guid(881798b77426a8f47b533dcc4767e9e5) Importer(815301076,1909f56bfc062723c751e8b465ee728b)
Start importing Packages/com.unity.collab-proxy/Editor/PlasticSCM/Assets/Images/d_iconconflicted.png using Guid(881798b77426a8f47b533dcc4767e9e5) Importer(815301076,1909f56bfc062723c751e8b465ee728b)  -> (artifact id: 'f74f25948f99de3ed49b31593186d030') in 0.023926 seconds 
========================================================================
Received Import Request.
  Time since last request: 0.000035 seconds.
  path: Packages/com.unity.collab-proxy/Editor/PlasticSCM/Assets/Images/d_iconclosebutton@2x.png
  artifactKey: Guid(0525793900d728a42936791a8a6de63b) Importer(815301076,1909f56bfc062723c751e8b465ee728b)
Start importing Packages/com.unity.collab-proxy/Editor/PlasticSCM/Assets/Images/d_iconclosebutton@2x.png using Guid(0525793900d728a42936791a8a6de63b) Importer(815301076,1909f56bfc062723c751e8b465ee728b)  -> (artifact id: '23db8e125de8eabf37897c3d3e3b6541') in 0.023844 seconds 
========================================================================
Received Import Request.
  Time since last request: 0.000028 seconds.
  path: Packages/com.unity.collab-proxy/Editor/PlasticSCM/Assets/Images/d_iconconflictedoverlay.png
  artifactKey: Guid(a892bcc7ae1871447926b3c44d158763) Importer(815301076,1909f56bfc062723c751e8b465ee728b)
Start importing Packages/com.unity.collab-proxy/Editor/PlasticSCM/Assets/Images/d_iconconflictedoverlay.png using Guid(a892bcc7ae1871447926b3c44d158763) Importer(815301076,1909f56bfc062723c751e8b465ee728b)  -> (artifact id: 'f060b13a67dfb9699b55a70865332443') in 0.027452 seconds 
========================================================================
Received Import Request.
  Time since last request: 0.000032 seconds.
  path: Packages/com.unity.collab-proxy/Editor/PlasticSCM/Assets/Images/d_iconconflictedoverlay@2x.png
  artifactKey: Guid(a3ced8f7044b9de4787602a9e9b20ea7) Importer(815301076,1909f56bfc062723c751e8b465ee728b)
Start importing Packages/com.unity.collab-proxy/Editor/PlasticSCM/Assets/Images/d_iconconflictedoverlay@2x.png using Guid(a3ced8f7044b9de4787602a9e9b20ea7) Importer(815301076,1909f56bfc062723c751e8b465ee728b)  -> (artifact id: 'e638b845d72ba14a6ec53b028df9c7fd') in 0.021691 seconds 
========================================================================
Received Import Request.
  Time since last request: 430.715444 seconds.
  path: Assets/FreeButtonSet/Textures/icons/128x128/arrow_left.png
  artifactKey: Guid(d31115fa9cb67004b96bc76f48802b9f) Importer(815301076,1909f56bfc062723c751e8b465ee728b)
Start importing Assets/FreeButtonSet/Textures/icons/128x128/arrow_left.png using Guid(d31115fa9cb67004b96bc76f48802b9f) Importer(815301076,1909f56bfc062723c751e8b465ee728b)  -> (artifact id: 'a7d814edf9d8c1607a3615767950ea38') in 0.025462 seconds 
========================================================================
Received Import Request.
  Time since last request: 0.000045 seconds.
  path: Assets/FreeButtonSet/Textures/icons/128x128/pause.png
  artifactKey: Guid(b148167244e305a42b332c5e3103a0f3) Importer(815301076,1909f56bfc062723c751e8b465ee728b)
Start importing Assets/FreeButtonSet/Textures/icons/128x128/pause.png using Guid(b148167244e305a42b332c5e3103a0f3) Importer(815301076,1909f56bfc062723c751e8b465ee728b)  -> (artifact id: '66672e17dafcd7c87adeb5a123011f7d') in 0.020275 seconds 
========================================================================
Received Import Request.
  Time since last request: 0.000042 seconds.
  path: Assets/FreeButtonSet/Textures/icons/128x128/info.png
  artifactKey: Guid(ff8b06e19a717d14d9ff2546436de761) Importer(815301076,1909f56bfc062723c751e8b465ee728b)
Start importing Assets/FreeButtonSet/Textures/icons/128x128/info.png using Guid(ff8b06e19a717d14d9ff2546436de761) Importer(815301076,1909f56bfc062723c751e8b465ee728b)  -> (artifact id: '354a2b11b685e1962e1afb018a42aa34') in 0.023114 seconds 
========================================================================
Received Import Request.
  Time since last request: 0.000041 seconds.
  path: Assets/FreeButtonSet/Textures/icons/128x128/arrow_up.png
  artifactKey: Guid(9e197a1515abdbc4b91281eee95e8b33) Importer(815301076,1909f56bfc062723c751e8b465ee728b)
Start importing Assets/FreeButtonSet/Textures/icons/128x128/arrow_up.png using Guid(9e197a1515abdbc4b91281eee95e8b33) Importer(815301076,1909f56bfc062723c751e8b465ee728b)  -> (artifact id: 'fac0f24d4c42077e2000522d3023e926') in 0.020497 seconds 
========================================================================
Received Import Request.
  Time since last request: 0.000064 seconds.
  path: Assets/FreeButtonSet/Textures/icons/128x128/minus.png
  artifactKey: Guid(120af17437d75844d8f6be3a85cdeb1c) Importer(815301076,1909f56bfc062723c751e8b465ee728b)
Start importing Assets/FreeButtonSet/Textures/icons/128x128/minus.png using Guid(120af17437d75844d8f6be3a85cdeb1c) Importer(815301076,1909f56bfc062723c751e8b465ee728b)  -> (artifact id: '194bb05031cfffd0bd5e606779c5ece4') in 0.024751 seconds 
========================================================================
Received Import Request.
  Time since last request: 0.000044 seconds.
  path: Assets/FreeButtonSet/Textures/icons/128x128/arrow_right.png
  artifactKey: Guid(01d7b388e7827ca45a56bd1b632ffde1) Importer(815301076,1909f56bfc062723c751e8b465ee728b)
Start importing Assets/FreeButtonSet/Textures/icons/128x128/arrow_right.png using Guid(01d7b388e7827ca45a56bd1b632ffde1) Importer(815301076,1909f56bfc062723c751e8b465ee728b)  -> (artifact id: '64a7f88c05daa3fc9f09cdbac37940b0') in 0.026369 seconds 
========================================================================
Received Import Request.
  Time since last request: 0.000033 seconds.
  path: Assets/FreeButtonSet/Textures/icons/128x128/speaker.png
  artifactKey: Guid(a8bf463d0bcbdd440b693618eccf4027) Importer(815301076,1909f56bfc062723c751e8b465ee728b)
Start importing Assets/FreeButtonSet/Textures/icons/128x128/speaker.png using Guid(a8bf463d0bcbdd440b693618eccf4027) Importer(815301076,1909f56bfc062723c751e8b465ee728b)  -> (artifact id: '02aef990f11ef95269699d920aef9956') in 0.022531 seconds 
========================================================================
Received Import Request.
  Time since last request: 0.000067 seconds.
  path: Assets/FreeButtonSet/Textures/icons/128x128/help.png
  artifactKey: Guid(ee454173d02e05a4f8c74cc6e92fa5ee) Importer(815301076,1909f56bfc062723c751e8b465ee728b)
Start importing Assets/FreeButtonSet/Textures/icons/128x128/help.png using Guid(ee454173d02e05a4f8c74cc6e92fa5ee) Importer(815301076,1909f56bfc062723c751e8b465ee728b)  -> (artifact id: '96117ab47e2d421ceb67820f9ece628c') in 0.024969 seconds 
========================================================================
Received Import Request.
  Time since last request: 0.000041 seconds.
  path: Assets/FreeButtonSet/Textures/icons/128x128/menu.png
  artifactKey: Guid(ec694ac45cee4c34a93f4caf3ab4f155) Importer(815301076,1909f56bfc062723c751e8b465ee728b)
Start importing Assets/FreeButtonSet/Textures/icons/128x128/menu.png using Guid(ec694ac45cee4c34a93f4caf3ab4f155) Importer(815301076,1909f56bfc062723c751e8b465ee728b)  -> (artifact id: 'abc3db52e70ce01b76b38f016d4a6c26') in 0.025035 seconds 
========================================================================
Received Import Request.
  Time since last request: 0.000049 seconds.
  path: Assets/FreeButtonSet/Textures/icons/128x128/play.png
  artifactKey: Guid(adf19f966e0379040bb823cbe5375f3f) Importer(815301076,1909f56bfc062723c751e8b465ee728b)
Start importing Assets/FreeButtonSet/Textures/icons/128x128/play.png using Guid(adf19f966e0379040bb823cbe5375f3f) Importer(815301076,1909f56bfc062723c751e8b465ee728b)  -> (artifact id: '2cbb5487af145ebb2870d1daeb309730') in 0.023145 seconds 
========================================================================
Received Import Request.
  Time since last request: 15.856066 seconds.
  path: Assets/FreeButtonSet/Textures/icons/32x32/arrow_left.png
  artifactKey: Guid(41bc5d0324757c7439b419ae5397a50e) Importer(815301076,1909f56bfc062723c751e8b465ee728b)
Start importing Assets/FreeButtonSet/Textures/icons/32x32/arrow_left.png using Guid(41bc5d0324757c7439b419ae5397a50e) Importer(815301076,1909f56bfc062723c751e8b465ee728b)  -> (artifact id: '7a6642d184c7379afcdcdf9834fa27cd') in 0.015429 seconds 
========================================================================
Received Import Request.
  Time since last request: 0.000036 seconds.
  path: Assets/FreeButtonSet/Textures/icons/32x32/plus.png
  artifactKey: Guid(f1d2732960a12434a91c2cba94b04cb5) Importer(815301076,1909f56bfc062723c751e8b465ee728b)
Start importing Assets/FreeButtonSet/Textures/icons/32x32/plus.png using Guid(f1d2732960a12434a91c2cba94b04cb5) Importer(815301076,1909f56bfc062723c751e8b465ee728b)  -> (artifact id: 'fea89fbb689a7089105af788ea889dae') in 0.017774 seconds 
========================================================================
Received Import Request.
  Time since last request: 0.000034 seconds.
  path: Assets/FreeButtonSet/Textures/icons/32x32/arrow_up.png
  artifactKey: Guid(e79549f1ff9d02e49aec7ac82e66592a) Importer(815301076,1909f56bfc062723c751e8b465ee728b)
Start importing Assets/FreeButtonSet/Textures/icons/32x32/arrow_up.png using Guid(e79549f1ff9d02e49aec7ac82e66592a) Importer(815301076,1909f56bfc062723c751e8b465ee728b)  -> (artifact id: '9ea5c4e2de8b682123b668f174952c07') in 0.017181 seconds 
========================================================================
Received Import Request.
  Time since last request: 0.000045 seconds.
  path: Assets/FreeButtonSet/Textures/icons/32x32/minus.png
  artifactKey: Guid(a13a11ae513fbe544ad52acf42a1eaa0) Importer(815301076,1909f56bfc062723c751e8b465ee728b)
Start importing Assets/FreeButtonSet/Textures/icons/32x32/minus.png using Guid(a13a11ae513fbe544ad52acf42a1eaa0) Importer(815301076,1909f56bfc062723c751e8b465ee728b)  -> (artifact id: 'd6addd6c7d411fcfe86482511550d059') in 0.016946 seconds 
========================================================================
Received Import Request.
  Time since last request: 0.000035 seconds.
  path: Assets/FreeButtonSet/Textures/icons/32x32/share.png
  artifactKey: Guid(f93fb28de2f7a5f4aa6babd1576b7828) Importer(815301076,1909f56bfc062723c751e8b465ee728b)
Start importing Assets/FreeButtonSet/Textures/icons/32x32/share.png using Guid(f93fb28de2f7a5f4aa6babd1576b7828) Importer(815301076,1909f56bfc062723c751e8b465ee728b)  -> (artifact id: '10742743cf27313849b18b4bf2f3e942') in 0.018697 seconds 
========================================================================
Received Import Request.
  Time since last request: 0.000041 seconds.
  path: Assets/FreeButtonSet/Textures/icons/32x32/pause.png
  artifactKey: Guid(8eb9669081de23044bab500123db153d) Importer(815301076,1909f56bfc062723c751e8b465ee728b)
Start importing Assets/FreeButtonSet/Textures/icons/32x32/pause.png using Guid(8eb9669081de23044bab500123db153d) Importer(815301076,1909f56bfc062723c751e8b465ee728b)  -> (artifact id: 'b23c7c2cd63aa596740d70b71e9b9ed1') in 0.019273 seconds 
========================================================================
Received Import Request.
  Time since last request: 0.000097 seconds.
  path: Assets/FreeButtonSet/Textures/icons/32x32/message.png
  artifactKey: Guid(858e29a9128a19c4182ce8b02b9c6683) Importer(815301076,1909f56bfc062723c751e8b465ee728b)
Start importing Assets/FreeButtonSet/Textures/icons/32x32/message.png using Guid(858e29a9128a19c4182ce8b02b9c6683) Importer(815301076,1909f56bfc062723c751e8b465ee728b)  -> (artifact id: '7c23f0e1fc35e0892260118e3fc61cd5') in 0.019533 seconds 
========================================================================
Received Import Request.
  Time since last request: 0.000028 seconds.
  path: Assets/FreeButtonSet/Textures/icons/32x32/play.png
  artifactKey: Guid(77e80d9dad76e74469ce748b77cdbe1a) Importer(815301076,1909f56bfc062723c751e8b465ee728b)
Start importing Assets/FreeButtonSet/Textures/icons/32x32/play.png using Guid(77e80d9dad76e74469ce748b77cdbe1a) Importer(815301076,1909f56bfc062723c751e8b465ee728b)  -> (artifact id: '10485bce63d227638a62323edce651bd') in 0.016872 seconds 
========================================================================
Received Import Request.
  Time since last request: 0.000027 seconds.
  path: Assets/FreeButtonSet/Textures/icons/32x32/x.png
  artifactKey: Guid(9aeac1c0750d43d498b7e62859763888) Importer(815301076,1909f56bfc062723c751e8b465ee728b)
Start importing Assets/FreeButtonSet/Textures/icons/32x32/x.png using Guid(9aeac1c0750d43d498b7e62859763888) Importer(815301076,1909f56bfc062723c751e8b465ee728b)  -> (artifact id: '5c0962d059975b237edba175fb48934d') in 0.018708 seconds 
========================================================================
Received Import Request.
  Time since last request: 1.956983 seconds.
  path: Assets/FreeButtonSet/Textures/icons/256x256/arrow_left.png
  artifactKey: Guid(98d20fe739e52024d8acf8e32bf24b1c) Importer(815301076,1909f56bfc062723c751e8b465ee728b)
Start importing Assets/FreeButtonSet/Textures/icons/256x256/arrow_left.png using Guid(98d20fe739e52024d8acf8e32bf24b1c) Importer(815301076,1909f56bfc062723c751e8b465ee728b)  -> (artifact id: 'a8bf6a2f6ec7a134f614d5c0fa04981c') in 0.021845 seconds 
========================================================================
Received Import Request.
  Time since last request: 0.000085 seconds.
  path: Assets/FreeButtonSet/Textures/icons/256x256/speaker.png
  artifactKey: Guid(139c4181e893555468a02df6e9fa5a76) Importer(815301076,1909f56bfc062723c751e8b465ee728b)
Start importing Assets/FreeButtonSet/Textures/icons/256x256/speaker.png using Guid(139c4181e893555468a02df6e9fa5a76) Importer(815301076,1909f56bfc062723c751e8b465ee728b)  -> (artifact id: '9c0b43c3b5ff14e0fe902726037b6569') in 0.024181 seconds 
========================================================================
Received Import Request.
  Time since last request: 0.000048 seconds.
  path: Assets/FreeButtonSet/Textures/icons/256x256/menu.png
  artifactKey: Guid(508b7276e5631294ab35b053b5a7775c) Importer(815301076,1909f56bfc062723c751e8b465ee728b)
Start importing Assets/FreeButtonSet/Textures/icons/256x256/menu.png using Guid(508b7276e5631294ab35b053b5a7775c) Importer(815301076,1909f56bfc062723c751e8b465ee728b)  -> (artifact id: '40ed1a6dfe27a86d28e360e37952281c') in 0.021740 seconds 
========================================================================
Received Import Request.
  Time since last request: 0.000043 seconds.
  path: Assets/FreeButtonSet/Textures/icons/256x256/checkmark.png
  artifactKey: Guid(9cd6991b040b7fb40808e500b041d545) Importer(815301076,1909f56bfc062723c751e8b465ee728b)
Start importing Assets/FreeButtonSet/Textures/icons/256x256/checkmark.png using Guid(9cd6991b040b7fb40808e500b041d545) Importer(815301076,1909f56bfc062723c751e8b465ee728b)  -> (artifact id: 'bbc7ed945d0c29c0507c30497b0566a7') in 0.021075 seconds 
========================================================================
Received Import Request.
  Time since last request: 0.000030 seconds.
  path: Assets/FreeButtonSet/Textures/icons/256x256/star.png
  artifactKey: Guid(b6a757f6793cb0148a905bea74154284) Importer(815301076,1909f56bfc062723c751e8b465ee728b)
Start importing Assets/FreeButtonSet/Textures/icons/256x256/star.png using Guid(b6a757f6793cb0148a905bea74154284) Importer(815301076,1909f56bfc062723c751e8b465ee728b)  -> (artifact id: '72bd82aadcc90ed87ce8d64a3e0f68d1') in 0.023306 seconds 
========================================================================
Received Import Request.
  Time since last request: 0.000039 seconds.
  path: Assets/FreeButtonSet/Textures/icons/256x256/repeat.png
  artifactKey: Guid(477e16ce3d75d124c8bd76f95fa08730) Importer(815301076,1909f56bfc062723c751e8b465ee728b)
Start importing Assets/FreeButtonSet/Textures/icons/256x256/repeat.png using Guid(477e16ce3d75d124c8bd76f95fa08730) Importer(815301076,1909f56bfc062723c751e8b465ee728b)  -> (artifact id: 'ce0fc8b25e2264761531887bf41f9079') in 0.023728 seconds 
========================================================================
Received Import Request.
  Time since last request: 0.000028 seconds.
  path: Assets/FreeButtonSet/Textures/icons/256x256/heart.png
  artifactKey: Guid(1f9a4714dfc315d48b8e91e5453067ae) Importer(815301076,1909f56bfc062723c751e8b465ee728b)
Start importing Assets/FreeButtonSet/Textures/icons/256x256/heart.png using Guid(1f9a4714dfc315d48b8e91e5453067ae) Importer(815301076,1909f56bfc062723c751e8b465ee728b)  -> (artifact id: '51089ce262d46abe903ffaf0b47b17c0') in 0.019651 seconds 
========================================================================
Received Import Request.
  Time since last request: 253.986551 seconds.
  path: Assets/FreeButtonSet/Fonts/Poppins-MediumItalic.ttf
  artifactKey: Guid(d1fe0bc1ac9782f4c8f875e1a7cea6d7) Importer(815301076,1909f56bfc062723c751e8b465ee728b)
Start importing Assets/FreeButtonSet/Fonts/Poppins-MediumItalic.ttf using Guid(d1fe0bc1ac9782f4c8f875e1a7cea6d7) Importer(815301076,1909f56bfc062723c751e8b465ee728b)  -> (artifact id: '214fefc370108c05e870c99c6a2f7842') in 0.064782 seconds 
========================================================================
Received Import Request.
  Time since last request: 1.842732 seconds.
  path: Assets/Buttons/buttons.psd
  artifactKey: Guid(feb7f06d7faf71543b5d62cfec54ed7c) Importer(815301076,1909f56bfc062723c751e8b465ee728b)
Start importing Assets/Buttons/buttons.psd using Guid(feb7f06d7faf71543b5d62cfec54ed7c) Importer(815301076,1909f56bfc062723c751e8b465ee728b)  -> (artifact id: 'dfd2524b2be29eeb1845094e8dd9b3d6') in 0.176661 seconds 
========================================================================
Received Import Request.
  Time since last request: 1.745133 seconds.
  path: Assets/Buttons/PNG/2button_blue_middle.png
  artifactKey: Guid(2b6e58e066a469c499d930cd4a4ceade) Importer(815301076,1909f56bfc062723c751e8b465ee728b)
Start importing Assets/Buttons/PNG/2button_blue_middle.png using Guid(2b6e58e066a469c499d930cd4a4ceade) Importer(815301076,1909f56bfc062723c751e8b465ee728b)  -> (artifact id: '8ff1594cdbbe77c255ffbfff7399414e') in 0.028490 seconds 
========================================================================
Received Import Request.
  Time since last request: 0.000047 seconds.
  path: Assets/Buttons/PNG/19bttn-midl.png
  artifactKey: Guid(aa3bf53c498deb44b80ad60af801942c) Importer(815301076,1909f56bfc062723c751e8b465ee728b)
Start importing Assets/Buttons/PNG/19bttn-midl.png using Guid(aa3bf53c498deb44b80ad60af801942c) Importer(815301076,1909f56bfc062723c751e8b465ee728b)  -> (artifact id: 'b60ea5aa9569830f92910cfc7fa41934') in 0.028156 seconds 
========================================================================
Received Import Request.
  Time since last request: 0.000050 seconds.
  path: Assets/Buttons/PNG/13Button_Long_Green.png
  artifactKey: Guid(0d80a796f0489b846a1e62dff146281c) Importer(815301076,1909f56bfc062723c751e8b465ee728b)
Start importing Assets/Buttons/PNG/13Button_Long_Green.png using Guid(0d80a796f0489b846a1e62dff146281c) Importer(815301076,1909f56bfc062723c751e8b465ee728b)  -> (artifact id: '5fe601b0f8c36cf28283fc249b6ba0ef') in 0.028039 seconds 
========================================================================
Received Import Request.
  Time since last request: 0.000037 seconds.
  path: Assets/Buttons/PNG/3button_green_middle.png
  artifactKey: Guid(a73ec2992ca135e48987416ecdcdc2c3) Importer(815301076,1909f56bfc062723c751e8b465ee728b)
Start importing Assets/Buttons/PNG/3button_green_middle.png using Guid(a73ec2992ca135e48987416ecdcdc2c3) Importer(815301076,1909f56bfc062723c751e8b465ee728b)  -> (artifact id: '4070cbea3bbd54c8bf7dafcaa554adeb') in 0.028701 seconds 
========================================================================
Received Import Request.
  Time since last request: 0.000049 seconds.
  path: Assets/Buttons/PNG/12Button_Long_Blue.png
  artifactKey: Guid(4e75355f0aa718a498d932c89b2b994c) Importer(815301076,1909f56bfc062723c751e8b465ee728b)
Start importing Assets/Buttons/PNG/12Button_Long_Blue.png using Guid(4e75355f0aa718a498d932c89b2b994c) Importer(815301076,1909f56bfc062723c751e8b465ee728b)  -> (artifact id: '478aaebadb205954ca446a828f405e65') in 0.020262 seconds 
========================================================================
Received Import Request.
  Time since last request: 0.000048 seconds.
  path: Assets/Buttons/PNG/23Button_Midl_Red.png
  artifactKey: Guid(cb1fee516d444164abc17d4b2050d4c2) Importer(815301076,1909f56bfc062723c751e8b465ee728b)
Start importing Assets/Buttons/PNG/23Button_Midl_Red.png using Guid(cb1fee516d444164abc17d4b2050d4c2) Importer(815301076,1909f56bfc062723c751e8b465ee728b)  -> (artifact id: '67346cf2579cb31a42f2c55d5673f30f') in 0.025939 seconds 
========================================================================
Received Import Request.
  Time since last request: 0.000040 seconds.
  path: Assets/Buttons/PNG/7button_green_middle.png
  artifactKey: Guid(b8ede16274078e4479b1a6b2d1e5ea06) Importer(815301076,1909f56bfc062723c751e8b465ee728b)
Start importing Assets/Buttons/PNG/7button_green_middle.png using Guid(b8ede16274078e4479b1a6b2d1e5ea06) Importer(815301076,1909f56bfc062723c751e8b465ee728b)  -> (artifact id: '86b8f817577a0b225a5445cad14bba2e') in 0.030267 seconds 
========================================================================
Received Import Request.
  Time since last request: 0.000034 seconds.
  path: Assets/Buttons/PNG/30button_red.png
  artifactKey: Guid(8fc9feebf624bba43a9df1301ccf1d8e) Importer(815301076,1909f56bfc062723c751e8b465ee728b)
Start importing Assets/Buttons/PNG/30button_red.png using Guid(8fc9feebf624bba43a9df1301ccf1d8e) Importer(815301076,1909f56bfc062723c751e8b465ee728b)  -> (artifact id: 'be33f6233c548fc15cdbd2af5d1d03cc') in 0.024643 seconds 
========================================================================
Received Import Request.
  Time since last request: 0.000028 seconds.
  path: Assets/Buttons/PNG/24Button_Midl_Blue.png
  artifactKey: Guid(9c79225b22ac62249b314de3e39f7f0c) Importer(815301076,1909f56bfc062723c751e8b465ee728b)
Start importing Assets/Buttons/PNG/24Button_Midl_Blue.png using Guid(9c79225b22ac62249b314de3e39f7f0c) Importer(815301076,1909f56bfc062723c751e8b465ee728b)  -> (artifact id: 'fa7c5d36559c8d8d16b66085d3b716c6') in 0.022456 seconds 
========================================================================
Received Import Request.
  Time since last request: 0.000032 seconds.
  path: Assets/Buttons/PNG/26Button_Long_Blue.png
  artifactKey: Guid(b9f146537c9d53e449ad8f389525ffe8) Importer(815301076,1909f56bfc062723c751e8b465ee728b)
Start importing Assets/Buttons/PNG/26Button_Long_Blue.png using Guid(b9f146537c9d53e449ad8f389525ffe8) Importer(815301076,1909f56bfc062723c751e8b465ee728b)  -> (artifact id: '48c5f1722a499c9be820cd690d8102ca') in 0.025234 seconds 
========================================================================
Received Import Request.
  Time since last request: 0.000033 seconds.
  path: Assets/Buttons/PNG/9Button_Midl_Green.png
  artifactKey: Guid(70ce67e982fddb74289530c17f57aac3) Importer(815301076,1909f56bfc062723c751e8b465ee728b)
Start importing Assets/Buttons/PNG/9Button_Midl_Green.png using Guid(70ce67e982fddb74289530c17f57aac3) Importer(815301076,1909f56bfc062723c751e8b465ee728b)  -> (artifact id: 'd711f87a9f8b0e38a050cac335a19665') in 0.023720 seconds 
========================================================================
Received Import Request.
  Time since last request: 0.000042 seconds.
  path: Assets/Buttons/PNG/22Button_Midl_Green.png
  artifactKey: Guid(bf625ae84f769384fb0cd1cc52d14971) Importer(815301076,1909f56bfc062723c751e8b465ee728b)
Start importing Assets/Buttons/PNG/22Button_Midl_Green.png using Guid(bf625ae84f769384fb0cd1cc52d14971) Importer(815301076,1909f56bfc062723c751e8b465ee728b)  -> (artifact id: '48339cafb705afd25c1ddd6b47666283') in 0.024407 seconds 
========================================================================
Received Import Request.
  Time since last request: 0.000039 seconds.
  path: Assets/Buttons/PNG/27Button_Long_Red.png
  artifactKey: Guid(184fc020424fe944584c02013872e731) Importer(815301076,1909f56bfc062723c751e8b465ee728b)
Start importing Assets/Buttons/PNG/27Button_Long_Red.png using Guid(184fc020424fe944584c02013872e731) Importer(815301076,1909f56bfc062723c751e8b465ee728b)  -> (artifact id: '24d0f8598a7978e4c3a6df3a9bbd90d6') in 0.027085 seconds 
========================================================================
Received Import Request.
  Time since last request: 0.000060 seconds.
  path: Assets/Buttons/PNG/14Button_Long_Red.png
  artifactKey: Guid(5e73cb0b2d2843f479811a41ea243999) Importer(815301076,1909f56bfc062723c751e8b465ee728b)
Start importing Assets/Buttons/PNG/14Button_Long_Red.png using Guid(5e73cb0b2d2843f479811a41ea243999) Importer(815301076,1909f56bfc062723c751e8b465ee728b)  -> (artifact id: '34b31f7e7512f4dd23a250dbde7b7e1f') in 0.027443 seconds 
========================================================================
Received Import Request.
  Time since last request: 0.000030 seconds.
  path: Assets/Buttons/PNG/28button_green.png
  artifactKey: Guid(131de190cb93c60499d0da6a2b7c592d) Importer(815301076,1909f56bfc062723c751e8b465ee728b)
Start importing Assets/Buttons/PNG/28button_green.png using Guid(131de190cb93c60499d0da6a2b7c592d) Importer(815301076,1909f56bfc062723c751e8b465ee728b)  -> (artifact id: '4517385e50d5333ebbfeb4d45ecd7c7b') in 0.025703 seconds 
========================================================================
Received Import Request.
  Time since last request: 25.290591 seconds.
  path: Assets/ButtonSet/Textures/controls/cross_02.png
  artifactKey: Guid(3e07fb988be0211469ff5f55f7e8f111) Importer(815301076,1909f56bfc062723c751e8b465ee728b)
Start importing Assets/ButtonSet/Textures/controls/cross_02.png using Guid(3e07fb988be0211469ff5f55f7e8f111) Importer(815301076,1909f56bfc062723c751e8b465ee728b)  -> (artifact id: '2310721ee19d6dc686b6a09728b276b0') in 0.022910 seconds 
========================================================================
Received Import Request.
  Time since last request: 0.000038 seconds.
  path: Assets/ButtonSet/Textures/controls/toggle_bg_200.png
  artifactKey: Guid(c8dec52db7cb0f148b53038d975761ea) Importer(815301076,1909f56bfc062723c751e8b465ee728b)
Start importing Assets/ButtonSet/Textures/controls/toggle_bg_200.png using Guid(c8dec52db7cb0f148b53038d975761ea) Importer(815301076,1909f56bfc062723c751e8b465ee728b)  -> (artifact id: '17db2184f2d70c79bf729f16e11ae5bc') in 0.023948 seconds 
========================================================================
Received Import Request.
  Time since last request: 0.000038 seconds.
  path: Assets/ButtonSet/Textures/controls/cross_04.png
  artifactKey: Guid(0b723a187b246ad44ad90b0600b1e98e) Importer(815301076,1909f56bfc062723c751e8b465ee728b)
Start importing Assets/ButtonSet/Textures/controls/cross_04.png using Guid(0b723a187b246ad44ad90b0600b1e98e) Importer(815301076,1909f56bfc062723c751e8b465ee728b)  -> (artifact id: '061097838be8cc7026bc7db0c19dee6a') in 0.030075 seconds 
========================================================================
Received Import Request.
  Time since last request: 0.000048 seconds.
  path: Assets/ButtonSet/Textures/controls/radio_200.png
  artifactKey: Guid(6a4c582ed02cf4e40954a044796d37ac) Importer(815301076,1909f56bfc062723c751e8b465ee728b)
Start importing Assets/ButtonSet/Textures/controls/radio_200.png using Guid(6a4c582ed02cf4e40954a044796d37ac) Importer(815301076,1909f56bfc062723c751e8b465ee728b)  -> (artifact id: '9e6db13b78267b85c771447afac7f23b') in 0.024236 seconds 
========================================================================
Received Import Request.
  Time since last request: 0.000037 seconds.
  path: Assets/ButtonSet/Textures/controls/universal_panel_10.png
  artifactKey: Guid(3973caf801ba6864d98890213e90590b) Importer(815301076,1909f56bfc062723c751e8b465ee728b)
Start importing Assets/ButtonSet/Textures/controls/universal_panel_10.png using Guid(3973caf801ba6864d98890213e90590b) Importer(815301076,1909f56bfc062723c751e8b465ee728b)  -> (artifact id: 'de60793b50535b12f44cbd758951b910') in 0.023210 seconds 
========================================================================
Received Import Request.
  Time since last request: 0.000043 seconds.
  path: Assets/ButtonSet/Textures/controls/toggle_bg_100.png
  artifactKey: Guid(aab425c33cbffa54f9b628133d2720b1) Importer(815301076,1909f56bfc062723c751e8b465ee728b)
Start importing Assets/ButtonSet/Textures/controls/toggle_bg_100.png using Guid(aab425c33cbffa54f9b628133d2720b1) Importer(815301076,1909f56bfc062723c751e8b465ee728b)  -> (artifact id: '5b0137e3d0d5269de5088949d4320b00') in 0.023119 seconds 
========================================================================
Received Import Request.
  Time since last request: 0.000047 seconds.
  path: Assets/ButtonSet/Textures/controls/radio.png
  artifactKey: Guid(86e22cb95296c5a4c8def60eb36ea233) Importer(815301076,1909f56bfc062723c751e8b465ee728b)
Start importing Assets/ButtonSet/Textures/controls/radio.png using Guid(86e22cb95296c5a4c8def60eb36ea233) Importer(815301076,1909f56bfc062723c751e8b465ee728b)  -> (artifact id: '4befbbe94c205be32a24272c592c208a') in 0.019296 seconds 
========================================================================
Received Import Request.
  Time since last request: 12.209182 seconds.
  path: Assets/ButtonSet/Textures/buttons/button_150.png
  artifactKey: Guid(cbb5f8f07e6166b4b9b2180a807d81de) Importer(815301076,1909f56bfc062723c751e8b465ee728b)
Start importing Assets/ButtonSet/Textures/buttons/button_150.png using Guid(cbb5f8f07e6166b4b9b2180a807d81de) Importer(815301076,1909f56bfc062723c751e8b465ee728b)  -> (artifact id: 'b6a8a64897f88710823e92ea3463950d') in 0.024057 seconds 
========================================================================
Received Import Request.
  Time since last request: 0.000052 seconds.
  path: Assets/ButtonSet/Textures/buttons/button_round_130.png
  artifactKey: Guid(0dcdf5b7debd4ba4492217e4975c965e) Importer(815301076,1909f56bfc062723c751e8b465ee728b)
Start importing Assets/ButtonSet/Textures/buttons/button_round_130.png using Guid(0dcdf5b7debd4ba4492217e4975c965e) Importer(815301076,1909f56bfc062723c751e8b465ee728b)  -> (artifact id: 'c54aced8b9150726d98a9390ea83cd5f') in 0.025517 seconds 
Editor requested this worker to shutdown with reason: Scaling down because of idle timeout
AssetImportWorker is now disconnected from the server
Process exiting
Exiting without the bug reporter. Application will terminate with return code 0