Using pre-set license
Built from '2021.3/staging' branch; Version is '2021.3.21f1 (1b156197d683) revision 1774945'; Using compiler version '192829333'; Build Type 'Release'
OS: 'Windows 11  (10.0.22621) 64bit Core' Language: 'ru' Physical Memory: 15741 MB
BatchMode: 1, IsHumanControllingUs: 0, StartBugReporterOnCrash: 0, Is64bit: 1, IsPro: 1

COMMAND LINE ARGUMENTS:
D:\Soft\Unity Hub\Version\2021.3.21f1\Editor\Unity.exe
-adb2
-batchMode
-noUpm
-name
AssetImportWorker2
-projectPath
D:/Projects/track-racing/Road
-logFile
Logs/AssetImportWorker2.log
-srvPort
64473
Successfully changed project path to: D:/Projects/track-racing/Road
D:/Projects/track-racing/Road
[UnityMemory] Configuration Parameters - Can be set up in boot.config
    "memorysetup-bucket-allocator-granularity=16"
    "memorysetup-bucket-allocator-bucket-count=8"
    "memorysetup-bucket-allocator-block-size=33554432"
    "memorysetup-bucket-allocator-block-count=8"
    "memorysetup-main-allocator-block-size=16777216"
    "memorysetup-thread-allocator-block-size=16777216"
    "memorysetup-gfx-main-allocator-block-size=16777216"
    "memorysetup-gfx-thread-allocator-block-size=16777216"
    "memorysetup-cache-allocator-block-size=4194304"
    "memorysetup-typetree-allocator-block-size=2097152"
    "memorysetup-profiler-bucket-allocator-granularity=16"
    "memorysetup-profiler-bucket-allocator-bucket-count=8"
    "memorysetup-profiler-bucket-allocator-block-size=33554432"
    "memorysetup-profiler-bucket-allocator-block-count=8"
    "memorysetup-profiler-allocator-block-size=16777216"
    "memorysetup-profiler-editor-allocator-block-size=1048576"
    "memorysetup-temp-allocator-size-main=16777216"
    "memorysetup-job-temp-allocator-block-size=2097152"
    "memorysetup-job-temp-allocator-block-size-background=1048576"
    "memorysetup-job-temp-allocator-reduction-small-platforms=262144"
    "memorysetup-temp-allocator-size-background-worker=32768"
    "memorysetup-temp-allocator-size-job-worker=262144"
    "memorysetup-temp-allocator-size-preload-manager=33554432"
    "memorysetup-temp-allocator-size-nav-mesh-worker=65536"
    "memorysetup-temp-allocator-size-audio-worker=65536"
    "memorysetup-temp-allocator-size-cloud-worker=32768"
    "memorysetup-temp-allocator-size-gi-baking-worker=262144"
    "memorysetup-temp-allocator-size-gfx=262144"
Player connection [8332] Host "[IP] 192.168.56.1 [Port] 0 [Flags] 2 [Guid] 1716866 [EditorId] 1716866 [Version] 1048832 [Id] WindowsEditor(7,t3rixis) [Debug] 1 [PackageName] WindowsEditor [ProjectName] Editor" joined multi-casting on [225.0.0.222:54997]...

Player connection [8332] Host "[IP] 192.168.56.1 [Port] 0 [Flags] 2 [Guid] 1716866 [EditorId] 1716866 [Version] 1048832 [Id] WindowsEditor(7,t3rixis) [Debug] 1 [PackageName] WindowsEditor [ProjectName] Editor" joined alternative multi-casting on [225.0.0.222:34997]...

Refreshing native plugins compatible for Editor in 86.62 ms, found 3 plugins.
Preloading 0 native plugins for Editor in 0.00 ms.
Initialize engine version: 2021.3.21f1 (1b156197d683)
[Subsystems] Discovering subsystems at path D:/Soft/Unity Hub/Version/2021.3.21f1/Editor/Data/Resources/UnitySubsystems
[Subsystems] Discovering subsystems at path D:/Projects/track-racing/Road/Assets
GfxDevice: creating device client; threaded=0; jobified=0
Direct3D:
    Version:  Direct3D 11.0 [level 11.1]
    Renderer: NVIDIA GeForce GTX 1650 (ID=0x1f99)
    Vendor:   NVIDIA
    VRAM:     3950 MB
    Driver:   31.0.15.3623
Initialize mono
Mono path[0] = 'D:/Soft/Unity Hub/Version/2021.3.21f1/Editor/Data/Managed'
Mono path[1] = 'D:/Soft/Unity Hub/Version/2021.3.21f1/Editor/Data/MonoBleedingEdge/lib/mono/unityjit-win32'
Mono config path = 'D:/Soft/Unity Hub/Version/2021.3.21f1/Editor/Data/MonoBleedingEdge/etc'
Using monoOptions --debugger-agent=transport=dt_socket,embedding=1,server=y,suspend=n,address=127.0.0.1:56236
Begin MonoManager ReloadAssembly
Registering precompiled unity dll's ...
Register platform support module: D:/Soft/Unity Hub/Version/2021.3.21f1/Editor/Data/PlaybackEngines/WindowsStandaloneSupport/UnityEditor.WindowsStandalone.Extensions.dll
Registered in 0.002030 seconds.
Native extension for WindowsStandalone target not found
Refreshing native plugins compatible for Editor in 121.35 ms, found 3 plugins.
Preloading 0 native plugins for Editor in 0.00 ms.
Mono: successfully reloaded assembly
- Completed reload, in  0.661 seconds
Domain Reload Profiling:
	ReloadAssembly (661ms)
		BeginReloadAssembly (79ms)
			ExecutionOrderSort (0ms)
			DisableScriptedObjects (0ms)
			BackupInstance (0ms)
			ReleaseScriptingObjects (0ms)
			CreateAndSetChildDomain (1ms)
		EndReloadAssembly (493ms)
			LoadAssemblies (78ms)
			RebuildTransferFunctionScriptingTraits (0ms)
			SetupTypeCache (105ms)
			ReleaseScriptCaches (0ms)
			RebuildScriptCaches (29ms)
			SetupLoadedEditorAssemblies (313ms)
				LogAssemblyErrors (0ms)
				InitializePlatformSupportModulesInManaged (7ms)
				SetLoadedEditorAssemblies (0ms)
				RefreshPlugins (121ms)
				BeforeProcessingInitializeOnLoad (3ms)
				ProcessInitializeOnLoadAttributes (135ms)
				ProcessInitializeOnLoadMethodAttributes (46ms)
				AfterProcessingInitializeOnLoad (0ms)
				EditorAssembliesLoaded (0ms)
			ExecutionOrderSort2 (0ms)
			AwakeInstancesAfterBackupRestoration (0ms)
Platform modules already initialized, skipping
Registering precompiled user dll's ...
Registered in 0.002854 seconds.
Begin MonoManager ReloadAssembly
Symbol file LoadedFromMemory doesn't match image D:\Projects\track-racing\Road\Library\PackageCache\com.unity.visualscripting@1.8.0\Editor\VisualScripting.Core\Dependencies\YamlDotNet\Unity.VisualScripting.YamlDotNet.dll
Symbol file LoadedFromMemory doesn't match image D:\Projects\track-racing\Road\Library\PackageCache\com.unity.visualscripting@1.8.0\Editor\VisualScripting.Core\Dependencies\DotNetZip\Unity.VisualScripting.IonicZip.dll
Native extension for WindowsStandalone target not found
Refreshing native plugins compatible for Editor in 0.59 ms, found 3 plugins.
Preloading 0 native plugins for Editor in 0.00 ms.
Mono: successfully reloaded assembly
- Completed reload, in  1.006 seconds
Domain Reload Profiling:
	ReloadAssembly (1007ms)
		BeginReloadAssembly (122ms)
			ExecutionOrderSort (0ms)
			DisableScriptedObjects (6ms)
			BackupInstance (0ms)
			ReleaseScriptingObjects (0ms)
			CreateAndSetChildDomain (22ms)
		EndReloadAssembly (781ms)
			LoadAssemblies (88ms)
			RebuildTransferFunctionScriptingTraits (0ms)
			SetupTypeCache (283ms)
			ReleaseScriptCaches (1ms)
			RebuildScriptCaches (49ms)
			SetupLoadedEditorAssemblies (335ms)
				LogAssemblyErrors (0ms)
				InitializePlatformSupportModulesInManaged (4ms)
				SetLoadedEditorAssemblies (0ms)
				RefreshPlugins (1ms)
				BeforeProcessingInitializeOnLoad (73ms)
				ProcessInitializeOnLoadAttributes (234ms)
				ProcessInitializeOnLoadMethodAttributes (20ms)
				AfterProcessingInitializeOnLoad (2ms)
				EditorAssembliesLoaded (0ms)
			ExecutionOrderSort2 (0ms)
			AwakeInstancesAfterBackupRestoration (6ms)
Platform modules already initialized, skipping
========================================================================
Worker process is ready to serve import requests
Launched and connected shader compiler UnityShaderCompiler.exe after 0.05 seconds
Refreshing native plugins compatible for Editor in 0.62 ms, found 3 plugins.
Preloading 0 native plugins for Editor in 0.00 ms.
Unloading 3094 Unused Serialized files (Serialized files now loaded: 0)
Unloading 24 unused Assets / (114.4 KB). Loaded Objects now: 3577.
Memory consumption went from 123.4 MB to 123.3 MB.
Total: 3.068700 ms (FindLiveObjects: 0.286900 ms CreateObjectMapping: 0.096000 ms MarkObjects: 2.548000 ms  DeleteObjects: 0.136000 ms)

AssetImportParameters requested are different than current active one (requested -> active):
  custom:video-decoder-ogg-theora: a1e56fd34408186e4bbccfd4996cb3dc -> 
  custom:container-muxer-webm: aa71ff27fc2769a1b78a27578f13a17b -> 
  custom:container-demuxer-webm: 4f35f7cbe854078d1ac9338744f61a02 -> 
  custom:video-encoder-webm-vp8: eb34c28f22e8b96e1ab97ce403110664 -> 
  custom:video-codec-MediaFoundation-h265: 746d11721c4dcdbdad8f713fa42b33f4 -> 
  custom:audio-encoder-webm-vorbis: bf7c407c2cedff20999df2af8eb42d56 -> 
  custom:framework-win-MediaFoundation: 216162199b28c13a410421893ffa2e32 -> 
  custom:container-demuxer-ogg: 62fdf1f143b41e24485cea50d1cbac27 -> 
  custom:video-decoder-webm-vp8: 9c59270c3fd7afecdb556c50c9e8de78 -> 
  custom:audio-decoder-ogg-vorbis: bf7c407c2cedff20999df2af8eb42d56 -> 
========================================================================
Received Import Request.
  Time since last request: 1731041.628032 seconds.
  path: Assets/Universe Sounds Free Pack/Various Sounds
  artifactKey: Guid(1292494a41a47f24186cfcc17ff1171c) Importer(815301076,1909f56bfc062723c751e8b465ee728b)
Start importing Assets/Universe Sounds Free Pack/Various Sounds using Guid(1292494a41a47f24186cfcc17ff1171c) Importer(815301076,1909f56bfc062723c751e8b465ee728b)  -> (artifact id: '820f1870191fba50f18b7e15cdd96352') in 0.016750 seconds 
========================================================================
Received Import Request.
  Time since last request: 0.055174 seconds.
  path: Assets/Universe Sounds Free Pack/Various Sounds/Missile launch detected (Voice).wav
  artifactKey: Guid(fc698d421757cc14da009baa5d46a970) Importer(815301076,1909f56bfc062723c751e8b465ee728b)
Start importing Assets/Universe Sounds Free Pack/Various Sounds/Missile launch detected (Voice).wav using Guid(fc698d421757cc14da009baa5d46a970) Importer(815301076,1909f56bfc062723c751e8b465ee728b)  -> (artifact id: '42947c31161e3fb01717a4d3cd90a413') in 0.156215 seconds 
========================================================================
Received Import Request.
  Time since last request: 117.699180 seconds.
  path: Assets/Engines
  artifactKey: Guid(c2c85433c0ee72f4d81037a98b7c9cee) Importer(815301076,1909f56bfc062723c751e8b465ee728b)
Start importing Assets/Engines using Guid(c2c85433c0ee72f4d81037a98b7c9cee) Importer(815301076,1909f56bfc062723c751e8b465ee728b)  -> (artifact id: 'e6669a95632d812a936f0394704c7ea7') in 0.011339 seconds 
========================================================================
Received Import Request.
  Time since last request: 1.317538 seconds.
  path: Assets/Engines/Engines SFX
  artifactKey: Guid(9a25773bb884fa74aae40d6abcf307db) Importer(815301076,1909f56bfc062723c751e8b465ee728b)
Start importing Assets/Engines/Engines SFX using Guid(9a25773bb884fa74aae40d6abcf307db) Importer(815301076,1909f56bfc062723c751e8b465ee728b)  -> (artifact id: '49718e58ef3d8428bea88f0c99b17675') in 0.012103 seconds 
========================================================================
Received Import Request.
  Time since last request: 0.057136 seconds.
  path: Assets/Engines/Engines SFX/Engine_01.wav
  artifactKey: Guid(f42ee6c61e2b5a049b588a485b2f267f) Importer(815301076,1909f56bfc062723c751e8b465ee728b)
Start importing Assets/Engines/Engines SFX/Engine_01.wav using Guid(f42ee6c61e2b5a049b588a485b2f267f) Importer(815301076,1909f56bfc062723c751e8b465ee728b)  -> (artifact id: '8e6f678a966a7f28075ba7fe9cfffb27') in 0.020952 seconds 
========================================================================
Received Import Request.
  Time since last request: 0.000036 seconds.
  path: Assets/Engines/Engines SFX/Engine_07.wav
  artifactKey: Guid(b049660b860c8334a852b54855bce599) Importer(815301076,1909f56bfc062723c751e8b465ee728b)
Start importing Assets/Engines/Engines SFX/Engine_07.wav using Guid(b049660b860c8334a852b54855bce599) Importer(815301076,1909f56bfc062723c751e8b465ee728b)  -> (artifact id: '2f8e5cf4cd3ebbc46b4e2b94c4032245') in 0.020258 seconds 
========================================================================
Received Import Request.
  Time since last request: 0.000036 seconds.
  path: Assets/Engines/Engines SFX/Engine_04.wav
  artifactKey: Guid(5c224246aabdf2147b24b920563d9f85) Importer(815301076,1909f56bfc062723c751e8b465ee728b)
Start importing Assets/Engines/Engines SFX/Engine_04.wav using Guid(5c224246aabdf2147b24b920563d9f85) Importer(815301076,1909f56bfc062723c751e8b465ee728b)  -> (artifact id: 'bb400634cf09eb6de099a8a354e4d490') in 0.022069 seconds 
========================================================================
Received Import Request.
  Time since last request: 0.000044 seconds.
  path: Assets/Engines/Engines SFX/Engine_08.wav
  artifactKey: Guid(2b9be05b0a886f147b9ac9a64d6a22fe) Importer(815301076,1909f56bfc062723c751e8b465ee728b)
Start importing Assets/Engines/Engines SFX/Engine_08.wav using Guid(2b9be05b0a886f147b9ac9a64d6a22fe) Importer(815301076,1909f56bfc062723c751e8b465ee728b)  -> (artifact id: '41cbf6b22e598403c329d8d391134d43') in 0.023244 seconds 
========================================================================
Received Prepare
Registering precompiled user dll's ...
Registered in 0.002686 seconds.
Begin MonoManager ReloadAssembly
Symbol file LoadedFromMemory doesn't match image D:\Projects\track-racing\Road\Library\PackageCache\com.unity.visualscripting@1.8.0\Editor\VisualScripting.Core\Dependencies\YamlDotNet\Unity.VisualScripting.YamlDotNet.dll
Symbol file LoadedFromMemory doesn't match image D:\Projects\track-racing\Road\Library\PackageCache\com.unity.visualscripting@1.8.0\Editor\VisualScripting.Core\Dependencies\DotNetZip\Unity.VisualScripting.IonicZip.dll
Native extension for WindowsStandalone target not found
Refreshing native plugins compatible for Editor in 0.65 ms, found 3 plugins.
Preloading 0 native plugins for Editor in 0.00 ms.
Mono: successfully reloaded assembly
- Completed reload, in  0.991 seconds
Domain Reload Profiling:
	ReloadAssembly (992ms)
		BeginReloadAssembly (147ms)
			ExecutionOrderSort (0ms)
			DisableScriptedObjects (5ms)
			BackupInstance (0ms)
			ReleaseScriptingObjects (0ms)
			CreateAndSetChildDomain (38ms)
		EndReloadAssembly (744ms)
			LoadAssemblies (96ms)
			RebuildTransferFunctionScriptingTraits (0ms)
			SetupTypeCache (282ms)
			ReleaseScriptCaches (1ms)
			RebuildScriptCaches (40ms)
			SetupLoadedEditorAssemblies (306ms)
				LogAssemblyErrors (0ms)
				InitializePlatformSupportModulesInManaged (5ms)
				SetLoadedEditorAssemblies (0ms)
				RefreshPlugins (1ms)
				BeforeProcessingInitializeOnLoad (59ms)
				ProcessInitializeOnLoadAttributes (217ms)
				ProcessInitializeOnLoadMethodAttributes (21ms)
				AfterProcessingInitializeOnLoad (2ms)
				EditorAssembliesLoaded (0ms)
			ExecutionOrderSort2 (0ms)
			AwakeInstancesAfterBackupRestoration (6ms)
Platform modules already initialized, skipping
Refreshing native plugins compatible for Editor in 1.91 ms, found 3 plugins.
Preloading 0 native plugins for Editor in 0.00 ms.
Unloading 3084 Unused Serialized files (Serialized files now loaded: 0)
Unloading 17 unused Assets / (81.5 KB). Loaded Objects now: 3590.
Memory consumption went from 127.2 MB to 127.1 MB.
Total: 3.140800 ms (FindLiveObjects: 0.288900 ms CreateObjectMapping: 0.083800 ms MarkObjects: 2.644200 ms  DeleteObjects: 0.122400 ms)

AssetImportParameters requested are different than current active one (requested -> active):
  custom:video-decoder-ogg-theora: a1e56fd34408186e4bbccfd4996cb3dc -> 
  custom:container-muxer-webm: aa71ff27fc2769a1b78a27578f13a17b -> 
  custom:container-demuxer-webm: 4f35f7cbe854078d1ac9338744f61a02 -> 
  custom:video-encoder-webm-vp8: eb34c28f22e8b96e1ab97ce403110664 -> 
  custom:video-codec-MediaFoundation-h265: 746d11721c4dcdbdad8f713fa42b33f4 -> 
  custom:audio-encoder-webm-vorbis: bf7c407c2cedff20999df2af8eb42d56 -> 
  custom:framework-win-MediaFoundation: 216162199b28c13a410421893ffa2e32 -> 
  custom:container-demuxer-ogg: 62fdf1f143b41e24485cea50d1cbac27 -> 
  custom:video-decoder-webm-vp8: 9c59270c3fd7afecdb556c50c9e8de78 -> 
  custom:audio-decoder-ogg-vorbis: bf7c407c2cedff20999df2af8eb42d56 -> 
========================================================================
Received Prepare
Registering precompiled user dll's ...
Registered in 0.002704 seconds.
Begin MonoManager ReloadAssembly
Symbol file LoadedFromMemory doesn't match image D:\Projects\track-racing\Road\Library\PackageCache\com.unity.visualscripting@1.8.0\Editor\VisualScripting.Core\Dependencies\YamlDotNet\Unity.VisualScripting.YamlDotNet.dll
Symbol file LoadedFromMemory doesn't match image D:\Projects\track-racing\Road\Library\PackageCache\com.unity.visualscripting@1.8.0\Editor\VisualScripting.Core\Dependencies\DotNetZip\Unity.VisualScripting.IonicZip.dll
Native extension for WindowsStandalone target not found
Refreshing native plugins compatible for Editor in 0.65 ms, found 3 plugins.
Preloading 0 native plugins for Editor in 0.00 ms.
Mono: successfully reloaded assembly
- Completed reload, in  0.972 seconds
Domain Reload Profiling:
	ReloadAssembly (973ms)
		BeginReloadAssembly (135ms)
			ExecutionOrderSort (0ms)
			DisableScriptedObjects (5ms)
			BackupInstance (0ms)
			ReleaseScriptingObjects (0ms)
			CreateAndSetChildDomain (36ms)
		EndReloadAssembly (732ms)
			LoadAssemblies (82ms)
			RebuildTransferFunctionScriptingTraits (0ms)
			SetupTypeCache (267ms)
			ReleaseScriptCaches (1ms)
			RebuildScriptCaches (44ms)
			SetupLoadedEditorAssemblies (292ms)
				LogAssemblyErrors (0ms)
				InitializePlatformSupportModulesInManaged (4ms)
				SetLoadedEditorAssemblies (1ms)
				RefreshPlugins (1ms)
				BeforeProcessingInitializeOnLoad (55ms)
				ProcessInitializeOnLoadAttributes (210ms)
				ProcessInitializeOnLoadMethodAttributes (19ms)
				AfterProcessingInitializeOnLoad (2ms)
				EditorAssembliesLoaded (0ms)
			ExecutionOrderSort2 (0ms)
			AwakeInstancesAfterBackupRestoration (7ms)
Platform modules already initialized, skipping
Refreshing native plugins compatible for Editor in 1.42 ms, found 3 plugins.
Preloading 0 native plugins for Editor in 0.00 ms.
Unloading 3084 Unused Serialized files (Serialized files now loaded: 0)
Unloading 17 unused Assets / (81.5 KB). Loaded Objects now: 3593.
Memory consumption went from 127.2 MB to 127.1 MB.
Total: 3.017600 ms (FindLiveObjects: 0.305400 ms CreateObjectMapping: 0.092000 ms MarkObjects: 2.497900 ms  DeleteObjects: 0.120400 ms)

AssetImportParameters requested are different than current active one (requested -> active):
  custom:video-decoder-ogg-theora: a1e56fd34408186e4bbccfd4996cb3dc -> 
  custom:container-muxer-webm: aa71ff27fc2769a1b78a27578f13a17b -> 
  custom:container-demuxer-webm: 4f35f7cbe854078d1ac9338744f61a02 -> 
  custom:video-encoder-webm-vp8: eb34c28f22e8b96e1ab97ce403110664 -> 
  custom:video-codec-MediaFoundation-h265: 746d11721c4dcdbdad8f713fa42b33f4 -> 
  custom:audio-encoder-webm-vorbis: bf7c407c2cedff20999df2af8eb42d56 -> 
  custom:framework-win-MediaFoundation: 216162199b28c13a410421893ffa2e32 -> 
  custom:container-demuxer-ogg: 62fdf1f143b41e24485cea50d1cbac27 -> 
  custom:video-decoder-webm-vp8: 9c59270c3fd7afecdb556c50c9e8de78 -> 
  custom:audio-decoder-ogg-vorbis: bf7c407c2cedff20999df2af8eb42d56 -> 
========================================================================
Received Import Request.
  Time since last request: 136.355312 seconds.
  path: Assets/Engines/Misc SFX
  artifactKey: Guid(33bdb03bbd786bc4baf15e330dfe61d1) Importer(815301076,1909f56bfc062723c751e8b465ee728b)
Start importing Assets/Engines/Misc SFX using Guid(33bdb03bbd786bc4baf15e330dfe61d1) Importer(815301076,1909f56bfc062723c751e8b465ee728b)  -> (artifact id: 'd881dd5f4386d6a189326ef03dec9ff2') in 0.016598 seconds 
========================================================================
Received Import Request.
  Time since last request: 0.040078 seconds.
  path: Assets/Engines/Misc SFX/Carn Horn 1.wav
  artifactKey: Guid(ec32ee6300414d44e8296123359dc4be) Importer(815301076,1909f56bfc062723c751e8b465ee728b)
Start importing Assets/Engines/Misc SFX/Carn Horn 1.wav using Guid(ec32ee6300414d44e8296123359dc4be) Importer(815301076,1909f56bfc062723c751e8b465ee728b)  -> (artifact id: '455f84f0dedf52a867ecb3ec7bd6604f') in 0.059412 seconds 
========================================================================
Received Import Request.
  Time since last request: 0.000038 seconds.
  path: Assets/Engines/Misc SFX/Wrench.wav
  artifactKey: Guid(29549571fcd6d7a46be1eff7ac4717e9) Importer(815301076,1909f56bfc062723c751e8b465ee728b)
Start importing Assets/Engines/Misc SFX/Wrench.wav using Guid(29549571fcd6d7a46be1eff7ac4717e9) Importer(815301076,1909f56bfc062723c751e8b465ee728b)  -> (artifact id: '30dd1bfb0e4689ee893094f19fb5b359') in 0.019426 seconds 
========================================================================
Received Import Request.
  Time since last request: 0.000035 seconds.
  path: Assets/Engines/Misc SFX/Smashed_Window_02.wav
  artifactKey: Guid(61ad195ee0adbcf43a81943f1745cb23) Importer(815301076,1909f56bfc062723c751e8b465ee728b)
Start importing Assets/Engines/Misc SFX/Smashed_Window_02.wav using Guid(61ad195ee0adbcf43a81943f1745cb23) Importer(815301076,1909f56bfc062723c751e8b465ee728b)  -> (artifact id: 'eeccba031b9ad1e84f10c7086a5bb95a') in 0.021469 seconds 
========================================================================
Received Import Request.
  Time since last request: 0.000032 seconds.
  path: Assets/Engines/Misc SFX/Pounding.wav
  artifactKey: Guid(0efc5db2ae078c547a98799ad6484ba8) Importer(815301076,1909f56bfc062723c751e8b465ee728b)
Start importing Assets/Engines/Misc SFX/Pounding.wav using Guid(0efc5db2ae078c547a98799ad6484ba8) Importer(815301076,1909f56bfc062723c751e8b465ee728b)  -> (artifact id: '6f847a4947c68276a022c779b34e9824') in 0.019421 seconds 
========================================================================
Received Import Request.
  Time since last request: 0.000025 seconds.
  path: Assets/Engines/Misc SFX/Smashed_Window_01.wav
  artifactKey: Guid(a1f7abf0dd920704dab30efe19ec8631) Importer(815301076,1909f56bfc062723c751e8b465ee728b)
Start importing Assets/Engines/Misc SFX/Smashed_Window_01.wav using Guid(a1f7abf0dd920704dab30efe19ec8631) Importer(815301076,1909f56bfc062723c751e8b465ee728b)  -> (artifact id: 'f5d0bb1979fd74b7137d6154a3734ee3') in 0.016480 seconds 
========================================================================
Received Import Request.
  Time since last request: 0.000032 seconds.
  path: Assets/Engines/Misc SFX/Screwdriver.wav
  artifactKey: Guid(6c4f0df741bf4af4b809f0839ddcc085) Importer(815301076,1909f56bfc062723c751e8b465ee728b)
Start importing Assets/Engines/Misc SFX/Screwdriver.wav using Guid(6c4f0df741bf4af4b809f0839ddcc085) Importer(815301076,1909f56bfc062723c751e8b465ee728b)  -> (artifact id: 'f5257db373bdf2e88cd47f0d4ba79182') in 0.018281 seconds 
========================================================================
Received Prepare
Registering precompiled user dll's ...
Registered in 0.002947 seconds.
Begin MonoManager ReloadAssembly
Symbol file LoadedFromMemory doesn't match image D:\Projects\track-racing\Road\Library\PackageCache\com.unity.visualscripting@1.8.0\Editor\VisualScripting.Core\Dependencies\YamlDotNet\Unity.VisualScripting.YamlDotNet.dll
Symbol file LoadedFromMemory doesn't match image D:\Projects\track-racing\Road\Library\PackageCache\com.unity.visualscripting@1.8.0\Editor\VisualScripting.Core\Dependencies\DotNetZip\Unity.VisualScripting.IonicZip.dll
Native extension for WindowsStandalone target not found
Refreshing native plugins compatible for Editor in 0.75 ms, found 3 plugins.
Preloading 0 native plugins for Editor in 0.00 ms.
Mono: successfully reloaded assembly
- Completed reload, in  1.012 seconds
Domain Reload Profiling:
	ReloadAssembly (1013ms)
		BeginReloadAssembly (154ms)
			ExecutionOrderSort (0ms)
			DisableScriptedObjects (7ms)
			BackupInstance (0ms)
			ReleaseScriptingObjects (0ms)
			CreateAndSetChildDomain (40ms)
		EndReloadAssembly (770ms)
			LoadAssemblies (96ms)
			RebuildTransferFunctionScriptingTraits (0ms)
			SetupTypeCache (280ms)
			ReleaseScriptCaches (1ms)
			RebuildScriptCaches (48ms)
			SetupLoadedEditorAssemblies (316ms)
				LogAssemblyErrors (0ms)
				InitializePlatformSupportModulesInManaged (5ms)
				SetLoadedEditorAssemblies (1ms)
				RefreshPlugins (1ms)
				BeforeProcessingInitializeOnLoad (59ms)
				ProcessInitializeOnLoadAttributes (227ms)
				ProcessInitializeOnLoadMethodAttributes (20ms)
				AfterProcessingInitializeOnLoad (3ms)
				EditorAssembliesLoaded (0ms)
			ExecutionOrderSort2 (0ms)
			AwakeInstancesAfterBackupRestoration (8ms)
Platform modules already initialized, skipping
Refreshing native plugins compatible for Editor in 2.27 ms, found 3 plugins.
Preloading 0 native plugins for Editor in 0.00 ms.
Unloading 3084 Unused Serialized files (Serialized files now loaded: 0)
Unloading 17 unused Assets / (81.5 KB). Loaded Objects now: 3596.
Memory consumption went from 127.2 MB to 127.2 MB.
Total: 3.671700 ms (FindLiveObjects: 0.406600 ms CreateObjectMapping: 0.105400 ms MarkObjects: 2.993800 ms  DeleteObjects: 0.163200 ms)

AssetImportParameters requested are different than current active one (requested -> active):
  custom:video-decoder-ogg-theora: a1e56fd34408186e4bbccfd4996cb3dc -> 
  custom:container-muxer-webm: aa71ff27fc2769a1b78a27578f13a17b -> 
  custom:container-demuxer-webm: 4f35f7cbe854078d1ac9338744f61a02 -> 
  custom:video-encoder-webm-vp8: eb34c28f22e8b96e1ab97ce403110664 -> 
  custom:video-codec-MediaFoundation-h265: 746d11721c4dcdbdad8f713fa42b33f4 -> 
  custom:audio-encoder-webm-vorbis: bf7c407c2cedff20999df2af8eb42d56 -> 
  custom:framework-win-MediaFoundation: 216162199b28c13a410421893ffa2e32 -> 
  custom:container-demuxer-ogg: 62fdf1f143b41e24485cea50d1cbac27 -> 
  custom:video-decoder-webm-vp8: 9c59270c3fd7afecdb556c50c9e8de78 -> 
  custom:audio-decoder-ogg-vorbis: bf7c407c2cedff20999df2af8eb42d56 -> 
Editor requested this worker to shutdown with reason: Scaling down because of idle timeout
AssetImportWorker is now disconnected from the server
Process exiting
Exiting without the bug reporter. Application will terminate with return code 0