Using pre-set license
Built from '2021.3/staging' branch; Version is '2021.3.21f1 (1b156197d683) revision 1774945'; Using compiler version '192829333'; Build Type 'Release'
OS: 'Windows 11  (10.0.22621) 64bit Core' Language: 'ru' Physical Memory: 15741 MB
BatchMode: 1, IsHumanControllingUs: 0, StartBugReporterOnCrash: 0, Is64bit: 1, IsPro: 1

COMMAND LINE ARGUMENTS:
D:\Soft\Unity Hub\Version\2021.3.21f1\Editor\Unity.exe
-adb2
-batchMode
-noUpm
-name
AssetImportWorker7
-projectPath
D:/Projects/track-racing/Road
-logFile
Logs/AssetImportWorker7.log
-srvPort
54122
Successfully changed project path to: D:/Projects/track-racing/Road
D:/Projects/track-racing/Road
[UnityMemory] Configuration Parameters - Can be set up in boot.config
    "memorysetup-bucket-allocator-granularity=16"
    "memorysetup-bucket-allocator-bucket-count=8"
    "memorysetup-bucket-allocator-block-size=33554432"
    "memorysetup-bucket-allocator-block-count=8"
    "memorysetup-main-allocator-block-size=16777216"
    "memorysetup-thread-allocator-block-size=16777216"
    "memorysetup-gfx-main-allocator-block-size=16777216"
    "memorysetup-gfx-thread-allocator-block-size=16777216"
    "memorysetup-cache-allocator-block-size=4194304"
    "memorysetup-typetree-allocator-block-size=2097152"
    "memorysetup-profiler-bucket-allocator-granularity=16"
    "memorysetup-profiler-bucket-allocator-bucket-count=8"
    "memorysetup-profiler-bucket-allocator-block-size=33554432"
    "memorysetup-profiler-bucket-allocator-block-count=8"
    "memorysetup-profiler-allocator-block-size=16777216"
    "memorysetup-profiler-editor-allocator-block-size=1048576"
    "memorysetup-temp-allocator-size-main=16777216"
    "memorysetup-job-temp-allocator-block-size=2097152"
    "memorysetup-job-temp-allocator-block-size-background=1048576"
    "memorysetup-job-temp-allocator-reduction-small-platforms=262144"
    "memorysetup-temp-allocator-size-background-worker=32768"
    "memorysetup-temp-allocator-size-job-worker=262144"
    "memorysetup-temp-allocator-size-preload-manager=33554432"
    "memorysetup-temp-allocator-size-nav-mesh-worker=65536"
    "memorysetup-temp-allocator-size-audio-worker=65536"
    "memorysetup-temp-allocator-size-cloud-worker=32768"
    "memorysetup-temp-allocator-size-gi-baking-worker=262144"
    "memorysetup-temp-allocator-size-gfx=262144"
Player connection [11180] Host "[IP] 192.168.56.1 [Port] 0 [Flags] 2 [Guid] 3029965815 [EditorId] 3029965815 [Version] 1048832 [Id] WindowsEditor(7,t3rixis) [Debug] 1 [PackageName] WindowsEditor [ProjectName] Editor" joined multi-casting on [225.0.0.222:54997]...

Player connection [11180] Host "[IP] 192.168.56.1 [Port] 0 [Flags] 2 [Guid] 3029965815 [EditorId] 3029965815 [Version] 1048832 [Id] WindowsEditor(7,t3rixis) [Debug] 1 [PackageName] WindowsEditor [ProjectName] Editor" joined alternative multi-casting on [225.0.0.222:34997]...

Refreshing native plugins compatible for Editor in 81.06 ms, found 3 plugins.
Preloading 0 native plugins for Editor in 0.00 ms.
Initialize engine version: 2021.3.21f1 (1b156197d683)
[Subsystems] Discovering subsystems at path D:/Soft/Unity Hub/Version/2021.3.21f1/Editor/Data/Resources/UnitySubsystems
[Subsystems] Discovering subsystems at path D:/Projects/track-racing/Road/Assets
GfxDevice: creating device client; threaded=0; jobified=0
Direct3D:
    Version:  Direct3D 11.0 [level 11.1]
    Renderer: NVIDIA GeForce GTX 1650 (ID=0x1f99)
    Vendor:   NVIDIA
    VRAM:     3950 MB
    Driver:   31.0.15.3623
Initialize mono
Mono path[0] = 'D:/Soft/Unity Hub/Version/2021.3.21f1/Editor/Data/Managed'
Mono path[1] = 'D:/Soft/Unity Hub/Version/2021.3.21f1/Editor/Data/MonoBleedingEdge/lib/mono/unityjit-win32'
Mono config path = 'D:/Soft/Unity Hub/Version/2021.3.21f1/Editor/Data/MonoBleedingEdge/etc'
Using monoOptions --debugger-agent=transport=dt_socket,embedding=1,server=y,suspend=n,address=127.0.0.1:56544
Begin MonoManager ReloadAssembly
Registering precompiled unity dll's ...
Register platform support module: D:/Soft/Unity Hub/Version/2021.3.21f1/Editor/Data/PlaybackEngines/WindowsStandaloneSupport/UnityEditor.WindowsStandalone.Extensions.dll
Registered in 0.002087 seconds.
Native extension for WindowsStandalone target not found
Refreshing native plugins compatible for Editor in 80.91 ms, found 3 plugins.
Preloading 0 native plugins for Editor in 0.00 ms.
Mono: successfully reloaded assembly
- Completed reload, in  0.723 seconds
Domain Reload Profiling:
	ReloadAssembly (723ms)
		BeginReloadAssembly (106ms)
			ExecutionOrderSort (0ms)
			DisableScriptedObjects (0ms)
			BackupInstance (0ms)
			ReleaseScriptingObjects (0ms)
			CreateAndSetChildDomain (1ms)
		EndReloadAssembly (503ms)
			LoadAssemblies (105ms)
			RebuildTransferFunctionScriptingTraits (0ms)
			SetupTypeCache (133ms)
			ReleaseScriptCaches (0ms)
			RebuildScriptCaches (32ms)
			SetupLoadedEditorAssemblies (280ms)
				LogAssemblyErrors (0ms)
				InitializePlatformSupportModulesInManaged (8ms)
				SetLoadedEditorAssemblies (0ms)
				RefreshPlugins (81ms)
				BeforeProcessingInitializeOnLoad (1ms)
				ProcessInitializeOnLoadAttributes (138ms)
				ProcessInitializeOnLoadMethodAttributes (52ms)
				AfterProcessingInitializeOnLoad (0ms)
				EditorAssembliesLoaded (0ms)
			ExecutionOrderSort2 (0ms)
			AwakeInstancesAfterBackupRestoration (0ms)
Platform modules already initialized, skipping
Registering precompiled user dll's ...
Registered in 0.003366 seconds.
Begin MonoManager ReloadAssembly
Symbol file LoadedFromMemory doesn't match image D:\Projects\track-racing\Road\Library\PackageCache\com.unity.visualscripting@1.8.0\Editor\VisualScripting.Core\Dependencies\YamlDotNet\Unity.VisualScripting.YamlDotNet.dll
Symbol file LoadedFromMemory doesn't match image D:\Projects\track-racing\Road\Library\PackageCache\com.unity.visualscripting@1.8.0\Editor\VisualScripting.Core\Dependencies\DotNetZip\Unity.VisualScripting.IonicZip.dll
Native extension for WindowsStandalone target not found
Refreshing native plugins compatible for Editor in 0.91 ms, found 3 plugins.
Preloading 0 native plugins for Editor in 0.00 ms.
Mono: successfully reloaded assembly
- Completed reload, in  1.232 seconds
Domain Reload Profiling:
	ReloadAssembly (1233ms)
		BeginReloadAssembly (155ms)
			ExecutionOrderSort (0ms)
			DisableScriptedObjects (9ms)
			BackupInstance (0ms)
			ReleaseScriptingObjects (0ms)
			CreateAndSetChildDomain (23ms)
		EndReloadAssembly (959ms)
			LoadAssemblies (106ms)
			RebuildTransferFunctionScriptingTraits (0ms)
			SetupTypeCache (309ms)
			ReleaseScriptCaches (1ms)
			RebuildScriptCaches (77ms)
			SetupLoadedEditorAssemblies (412ms)
				LogAssemblyErrors (0ms)
				InitializePlatformSupportModulesInManaged (7ms)
				SetLoadedEditorAssemblies (1ms)
				RefreshPlugins (1ms)
				BeforeProcessingInitializeOnLoad (89ms)
				ProcessInitializeOnLoadAttributes (287ms)
				ProcessInitializeOnLoadMethodAttributes (24ms)
				AfterProcessingInitializeOnLoad (3ms)
				EditorAssembliesLoaded (0ms)
			ExecutionOrderSort2 (0ms)
			AwakeInstancesAfterBackupRestoration (7ms)
Platform modules already initialized, skipping
========================================================================
Worker process is ready to serve import requests
Launched and connected shader compiler UnityShaderCompiler.exe after 0.07 seconds
Refreshing native plugins compatible for Editor in 0.72 ms, found 3 plugins.
Preloading 0 native plugins for Editor in 0.00 ms.
Unloading 3093 Unused Serialized files (Serialized files now loaded: 0)
Unloading 24 unused Assets / (114.4 KB). Loaded Objects now: 3576.
Memory consumption went from 123.5 MB to 123.4 MB.
Total: 4.357800 ms (FindLiveObjects: 0.470400 ms CreateObjectMapping: 0.150200 ms MarkObjects: 3.512000 ms  DeleteObjects: 0.223500 ms)

AssetImportParameters requested are different than current active one (requested -> active):
  custom:video-decoder-ogg-theora: a1e56fd34408186e4bbccfd4996cb3dc -> 
  custom:container-muxer-webm: aa71ff27fc2769a1b78a27578f13a17b -> 
  custom:container-demuxer-webm: 4f35f7cbe854078d1ac9338744f61a02 -> 
  custom:video-encoder-webm-vp8: eb34c28f22e8b96e1ab97ce403110664 -> 
  custom:video-codec-MediaFoundation-h265: 746d11721c4dcdbdad8f713fa42b33f4 -> 
  custom:audio-encoder-webm-vorbis: bf7c407c2cedff20999df2af8eb42d56 -> 
  custom:framework-win-MediaFoundation: 216162199b28c13a410421893ffa2e32 -> 
  custom:container-demuxer-ogg: 62fdf1f143b41e24485cea50d1cbac27 -> 
  custom:video-decoder-webm-vp8: 9c59270c3fd7afecdb556c50c9e8de78 -> 
  custom:audio-decoder-ogg-vorbis: bf7c407c2cedff20999df2af8eb42d56 -> 
========================================================================
Received Import Request.
  Time since last request: 1395767.546831 seconds.
  path: Assets/Car/Prefabs/Lanncia_Stratoss_Group_4.prefab
  artifactKey: Guid(d9385a8bb3cdea840807f0f1c0c426ed) Importer(815301076,1909f56bfc062723c751e8b465ee728b)
Start importing Assets/Car/Prefabs/Lanncia_Stratoss_Group_4.prefab using Guid(d9385a8bb3cdea840807f0f1c0c426ed) Importer(815301076,1909f56bfc062723c751e8b465ee728b)  -> (artifact id: 'bff9d4933ebbad464567388ec2994a4a') in 0.153723 seconds 
========================================================================
Received Import Request.
  Time since last request: 39.450680 seconds.
  path: Assets/Car/Prefabs/AI/Mittsubisi_Lancer_GSR Variant.prefab
  artifactKey: Guid(1c0dc3e6c6ca75141a6164011e169459) Importer(815301076,1909f56bfc062723c751e8b465ee728b)
Start importing Assets/Car/Prefabs/AI/Mittsubisi_Lancer_GSR Variant.prefab using Guid(1c0dc3e6c6ca75141a6164011e169459) Importer(815301076,1909f56bfc062723c751e8b465ee728b)  -> (artifact id: 'fb7f92fec65e72ef2f3af71538930174') in 0.016743 seconds 
========================================================================
Received Import Request.
  Time since last request: 0.000046 seconds.
  path: Assets/Car/Prefabs/AI/peugeott_205 Variant.prefab
  artifactKey: Guid(7b0f85aa197823b479d61be9fb841a56) Importer(815301076,1909f56bfc062723c751e8b465ee728b)
Start importing Assets/Car/Prefabs/AI/peugeott_205 Variant.prefab using Guid(7b0f85aa197823b479d61be9fb841a56) Importer(815301076,1909f56bfc062723c751e8b465ee728b)  -> (artifact id: '60426edefb8c48b384cace46860140e5') in 0.015134 seconds 
========================================================================
Received Import Request.
  Time since last request: 4.129802 seconds.
  path: Assets/Car/Prefabs/AI/Mittsubisi_Lancer_GSR Variant.prefab
  artifactKey: Guid(1c0dc3e6c6ca75141a6164011e169459) Importer(815301076,1909f56bfc062723c751e8b465ee728b)
Start importing Assets/Car/Prefabs/AI/Mittsubisi_Lancer_GSR Variant.prefab using Guid(1c0dc3e6c6ca75141a6164011e169459) Importer(815301076,1909f56bfc062723c751e8b465ee728b)  -> (artifact id: 'c781f45c75f47b77ae8dc5b8847a2038') in 0.015109 seconds 
========================================================================
Received Import Request.
  Time since last request: 0.000035 seconds.
  path: Assets/Car/Prefabs/AI/peugeott_205 Variant.prefab
  artifactKey: Guid(7b0f85aa197823b479d61be9fb841a56) Importer(815301076,1909f56bfc062723c751e8b465ee728b)
Start importing Assets/Car/Prefabs/AI/peugeott_205 Variant.prefab using Guid(7b0f85aa197823b479d61be9fb841a56) Importer(815301076,1909f56bfc062723c751e8b465ee728b)  -> (artifact id: '734eedf8653b9b4c6aa4cc0cecd25da6') in 0.014469 seconds 
========================================================================
Received Import Request.
  Time since last request: 6.212570 seconds.
  path: Assets/Car/Prefabs/AI/Mittsubisi_Lancer_GSR Variant.prefab
  artifactKey: Guid(1c0dc3e6c6ca75141a6164011e169459) Importer(815301076,1909f56bfc062723c751e8b465ee728b)
Start importing Assets/Car/Prefabs/AI/Mittsubisi_Lancer_GSR Variant.prefab using Guid(1c0dc3e6c6ca75141a6164011e169459) Importer(815301076,1909f56bfc062723c751e8b465ee728b)  -> (artifact id: '3a3d194b13c89f56abb681eb81b3015f') in 0.014011 seconds 
========================================================================
Received Import Request.
  Time since last request: 0.000030 seconds.
  path: Assets/Car/Prefabs/AI/peugeott_205 Variant.prefab
  artifactKey: Guid(7b0f85aa197823b479d61be9fb841a56) Importer(815301076,1909f56bfc062723c751e8b465ee728b)
Start importing Assets/Car/Prefabs/AI/peugeott_205 Variant.prefab using Guid(7b0f85aa197823b479d61be9fb841a56) Importer(815301076,1909f56bfc062723c751e8b465ee728b)  -> (artifact id: '2357c5cf8991f9a5b9c78f1ed6e684a5') in 0.012648 seconds 
========================================================================
Received Import Request.
  Time since last request: 80.867914 seconds.
  path: Assets/Car/Prefabs/AI/Fordd_Focus_RS_WRC Variant.prefab
  artifactKey: Guid(33373b562cef03c4983353e8b2960aa2) Importer(815301076,1909f56bfc062723c751e8b465ee728b)
Start importing Assets/Car/Prefabs/AI/Fordd_Focus_RS_WRC Variant.prefab using Guid(33373b562cef03c4983353e8b2960aa2) Importer(815301076,1909f56bfc062723c751e8b465ee728b)  -> (artifact id: '29ee33ee022ed0e975ee3c149382c244') in 0.018696 seconds 
========================================================================
Received Import Request.
  Time since last request: 0.000035 seconds.
  path: Assets/Car/Prefabs/AI/Peugiot_405_T16 Variant.prefab
  artifactKey: Guid(0cc0856ab9d351f40bbaa887b86d45a1) Importer(815301076,1909f56bfc062723c751e8b465ee728b)
Start importing Assets/Car/Prefabs/AI/Peugiot_405_T16 Variant.prefab using Guid(0cc0856ab9d351f40bbaa887b86d45a1) Importer(815301076,1909f56bfc062723c751e8b465ee728b)  -> (artifact id: '3d75e4a387f74d37a71815fd536ed261') in 0.017212 seconds 
========================================================================
Received Import Request.
  Time since last request: 0.000142 seconds.
  path: Assets/Car/Prefabs/AI/peugeott_205 Variant.prefab
  artifactKey: Guid(7b0f85aa197823b479d61be9fb841a56) Importer(815301076,1909f56bfc062723c751e8b465ee728b)
Start importing Assets/Car/Prefabs/AI/peugeott_205 Variant.prefab using Guid(7b0f85aa197823b479d61be9fb841a56) Importer(815301076,1909f56bfc062723c751e8b465ee728b)  -> (artifact id: 'b5a565c4e047fc7c2c8bf77b25cb5bc0') in 0.016133 seconds 
========================================================================
Received Import Request.
  Time since last request: 0.000052 seconds.
  path: Assets/Car/Prefabs/AI/Fordd_RS_200 Variant.prefab
  artifactKey: Guid(4a942021334070049966558cf94f0cda) Importer(815301076,1909f56bfc062723c751e8b465ee728b)
Start importing Assets/Car/Prefabs/AI/Fordd_RS_200 Variant.prefab using Guid(4a942021334070049966558cf94f0cda) Importer(815301076,1909f56bfc062723c751e8b465ee728b)  -> (artifact id: '255c8773fce8365cbe616367e0281710') in 0.016628 seconds 
========================================================================
Received Import Request.
  Time since last request: 135.489918 seconds.
  path: Assets/Car/Prefabs/Audii_Sport_Quattroo_S1.prefab
  artifactKey: Guid(f975e2aa693172b4abe7079dcfc1aadf) Importer(815301076,1909f56bfc062723c751e8b465ee728b)
Start importing Assets/Car/Prefabs/Audii_Sport_Quattroo_S1.prefab using Guid(f975e2aa693172b4abe7079dcfc1aadf) Importer(815301076,1909f56bfc062723c751e8b465ee728b)  -> (artifact id: '38c6b38b864e8f739593ce1e13cb565c') in 0.024431 seconds 
========================================================================
Received Import Request.
  Time since last request: 0.000046 seconds.
  path: Assets/Car/Prefabs/Toyotta_Celicca_GT.prefab
  artifactKey: Guid(6641eee37a124604d8b604928849579f) Importer(815301076,1909f56bfc062723c751e8b465ee728b)
Start importing Assets/Car/Prefabs/Toyotta_Celicca_GT.prefab using Guid(6641eee37a124604d8b604928849579f) Importer(815301076,1909f56bfc062723c751e8b465ee728b)  -> (artifact id: '0743e5dbbf4d5715efda18bc7fb5bd3d') in 0.013419 seconds 
========================================================================
Received Import Request.
  Time since last request: 0.000029 seconds.
  path: Assets/Car/Prefabs/Lanncia_Stratoss_Group_4.prefab
  artifactKey: Guid(d9385a8bb3cdea840807f0f1c0c426ed) Importer(815301076,1909f56bfc062723c751e8b465ee728b)
Start importing Assets/Car/Prefabs/Lanncia_Stratoss_Group_4.prefab using Guid(d9385a8bb3cdea840807f0f1c0c426ed) Importer(815301076,1909f56bfc062723c751e8b465ee728b)  -> (artifact id: '297c14a0ef23afba79d50b1b9599dda6') in 0.016557 seconds 
========================================================================
Received Import Request.
  Time since last request: 0.000033 seconds.
  path: Assets/Car/Prefabs/Fordd_RS_200.prefab
  artifactKey: Guid(82efd3e2de9e6cf4e9f6f193c99ba72e) Importer(815301076,1909f56bfc062723c751e8b465ee728b)
Start importing Assets/Car/Prefabs/Fordd_RS_200.prefab using Guid(82efd3e2de9e6cf4e9f6f193c99ba72e) Importer(815301076,1909f56bfc062723c751e8b465ee728b)  -> (artifact id: '3854c984428247296642c77dae82e7d5') in 0.014321 seconds 
========================================================================
Received Import Request.
  Time since last request: 0.000055 seconds.
  path: Assets/Car/Prefabs/Mittsubisi_Lancer_GSR.prefab
  artifactKey: Guid(0c46890417ee50f4e89ccff14d280e96) Importer(815301076,1909f56bfc062723c751e8b465ee728b)
Start importing Assets/Car/Prefabs/Mittsubisi_Lancer_GSR.prefab using Guid(0c46890417ee50f4e89ccff14d280e96) Importer(815301076,1909f56bfc062723c751e8b465ee728b)  -> (artifact id: '2fd625354a222f8a4abcf1b57f7250f7') in 0.013235 seconds 
========================================================================
Received Import Request.
  Time since last request: 0.000045 seconds.
  path: Assets/Car/Prefabs/Peugiot_405_T16.prefab
  artifactKey: Guid(8e25cc09edd5f394a99b2e0e802596a9) Importer(815301076,1909f56bfc062723c751e8b465ee728b)
Start importing Assets/Car/Prefabs/Peugiot_405_T16.prefab using Guid(8e25cc09edd5f394a99b2e0e802596a9) Importer(815301076,1909f56bfc062723c751e8b465ee728b)  -> (artifact id: '396b6faabfbbd901f59835a0ff128dbf') in 0.014956 seconds 
Editor requested this worker to shutdown with reason: Scaling down because of idle timeout
AssetImportWorker is now disconnected from the server
Process exiting
Exiting without the bug reporter. Application will terminate with return code 0