Using pre-set license
Built from '2021.3/staging' branch; Version is '2021.3.21f1 (1b156197d683) revision 1774945'; Using compiler version '192829333'; Build Type 'Release'
OS: 'Windows 11  (10.0.22621) 64bit Core' Language: 'ru' Physical Memory: 15741 MB
BatchMode: 1, IsHumanControllingUs: 0, StartBugReporterOnCrash: 0, Is64bit: 1, IsPro: 1

COMMAND LINE ARGUMENTS:
D:\Soft\Unity Hub\Version\2021.3.21f1\Editor\Unity.exe
-adb2
-batchMode
-noUpm
-name
AssetImportWorker8
-projectPath
D:/Projects/track-racing/Road
-logFile
Logs/AssetImportWorker8.log
-srvPort
54122
Successfully changed project path to: D:/Projects/track-racing/Road
D:/Projects/track-racing/Road
[UnityMemory] Configuration Parameters - Can be set up in boot.config
    "memorysetup-bucket-allocator-granularity=16"
    "memorysetup-bucket-allocator-bucket-count=8"
    "memorysetup-bucket-allocator-block-size=33554432"
    "memorysetup-bucket-allocator-block-count=8"
    "memorysetup-main-allocator-block-size=16777216"
    "memorysetup-thread-allocator-block-size=16777216"
    "memorysetup-gfx-main-allocator-block-size=16777216"
    "memorysetup-gfx-thread-allocator-block-size=16777216"
    "memorysetup-cache-allocator-block-size=4194304"
    "memorysetup-typetree-allocator-block-size=2097152"
    "memorysetup-profiler-bucket-allocator-granularity=16"
    "memorysetup-profiler-bucket-allocator-bucket-count=8"
    "memorysetup-profiler-bucket-allocator-block-size=33554432"
    "memorysetup-profiler-bucket-allocator-block-count=8"
    "memorysetup-profiler-allocator-block-size=16777216"
    "memorysetup-profiler-editor-allocator-block-size=1048576"
    "memorysetup-temp-allocator-size-main=16777216"
    "memorysetup-job-temp-allocator-block-size=2097152"
    "memorysetup-job-temp-allocator-block-size-background=1048576"
    "memorysetup-job-temp-allocator-reduction-small-platforms=262144"
    "memorysetup-temp-allocator-size-background-worker=32768"
    "memorysetup-temp-allocator-size-job-worker=262144"
    "memorysetup-temp-allocator-size-preload-manager=33554432"
    "memorysetup-temp-allocator-size-nav-mesh-worker=65536"
    "memorysetup-temp-allocator-size-audio-worker=65536"
    "memorysetup-temp-allocator-size-cloud-worker=32768"
    "memorysetup-temp-allocator-size-gi-baking-worker=262144"
    "memorysetup-temp-allocator-size-gfx=262144"
Player connection [21116] Host "[IP] 192.168.56.1 [Port] 0 [Flags] 2 [Guid] 4007118443 [EditorId] 4007118443 [Version] 1048832 [Id] WindowsEditor(7,t3rixis) [Debug] 1 [PackageName] WindowsEditor [ProjectName] Editor" joined multi-casting on [225.0.0.222:54997]...

Player connection [21116] Host "[IP] 192.168.56.1 [Port] 0 [Flags] 2 [Guid] 4007118443 [EditorId] 4007118443 [Version] 1048832 [Id] WindowsEditor(7,t3rixis) [Debug] 1 [PackageName] WindowsEditor [ProjectName] Editor" joined alternative multi-casting on [225.0.0.222:34997]...

Refreshing native plugins compatible for Editor in 79.15 ms, found 3 plugins.
Preloading 0 native plugins for Editor in 0.00 ms.
Initialize engine version: 2021.3.21f1 (1b156197d683)
[Subsystems] Discovering subsystems at path D:/Soft/Unity Hub/Version/2021.3.21f1/Editor/Data/Resources/UnitySubsystems
[Subsystems] Discovering subsystems at path D:/Projects/track-racing/Road/Assets
GfxDevice: creating device client; threaded=0; jobified=0
Direct3D:
    Version:  Direct3D 11.0 [level 11.1]
    Renderer: NVIDIA GeForce GTX 1650 (ID=0x1f99)
    Vendor:   NVIDIA
    VRAM:     3950 MB
    Driver:   31.0.15.3623
Initialize mono
Mono path[0] = 'D:/Soft/Unity Hub/Version/2021.3.21f1/Editor/Data/Managed'
Mono path[1] = 'D:/Soft/Unity Hub/Version/2021.3.21f1/Editor/Data/MonoBleedingEdge/lib/mono/unityjit-win32'
Mono config path = 'D:/Soft/Unity Hub/Version/2021.3.21f1/Editor/Data/MonoBleedingEdge/etc'
Using monoOptions --debugger-agent=transport=dt_socket,embedding=1,server=y,suspend=n,address=127.0.0.1:56364
Begin MonoManager ReloadAssembly
Registering precompiled unity dll's ...
Register platform support module: D:/Soft/Unity Hub/Version/2021.3.21f1/Editor/Data/PlaybackEngines/WindowsStandaloneSupport/UnityEditor.WindowsStandalone.Extensions.dll
Registered in 0.002415 seconds.
Native extension for WindowsStandalone target not found
Refreshing native plugins compatible for Editor in 85.68 ms, found 3 plugins.
Preloading 0 native plugins for Editor in 0.00 ms.
Mono: successfully reloaded assembly
- Completed reload, in  0.660 seconds
Domain Reload Profiling:
	ReloadAssembly (660ms)
		BeginReloadAssembly (99ms)
			ExecutionOrderSort (0ms)
			DisableScriptedObjects (0ms)
			BackupInstance (0ms)
			ReleaseScriptingObjects (0ms)
			CreateAndSetChildDomain (1ms)
		EndReloadAssembly (459ms)
			LoadAssemblies (98ms)
			RebuildTransferFunctionScriptingTraits (0ms)
			SetupTypeCache (104ms)
			ReleaseScriptCaches (0ms)
			RebuildScriptCaches (38ms)
			SetupLoadedEditorAssemblies (266ms)
				LogAssemblyErrors (0ms)
				InitializePlatformSupportModulesInManaged (7ms)
				SetLoadedEditorAssemblies (0ms)
				RefreshPlugins (86ms)
				BeforeProcessingInitializeOnLoad (2ms)
				ProcessInitializeOnLoadAttributes (123ms)
				ProcessInitializeOnLoadMethodAttributes (48ms)
				AfterProcessingInitializeOnLoad (0ms)
				EditorAssembliesLoaded (0ms)
			ExecutionOrderSort2 (0ms)
			AwakeInstancesAfterBackupRestoration (0ms)
Platform modules already initialized, skipping
Registering precompiled user dll's ...
Registered in 0.002947 seconds.
Begin MonoManager ReloadAssembly
Symbol file LoadedFromMemory doesn't match image D:\Projects\track-racing\Road\Library\PackageCache\com.unity.visualscripting@1.8.0\Editor\VisualScripting.Core\Dependencies\YamlDotNet\Unity.VisualScripting.YamlDotNet.dll
Symbol file LoadedFromMemory doesn't match image D:\Projects\track-racing\Road\Library\PackageCache\com.unity.visualscripting@1.8.0\Editor\VisualScripting.Core\Dependencies\DotNetZip\Unity.VisualScripting.IonicZip.dll
Native extension for WindowsStandalone target not found
Refreshing native plugins compatible for Editor in 0.60 ms, found 3 plugins.
Preloading 0 native plugins for Editor in 0.00 ms.
Mono: successfully reloaded assembly
- Completed reload, in  0.992 seconds
Domain Reload Profiling:
	ReloadAssembly (993ms)
		BeginReloadAssembly (126ms)
			ExecutionOrderSort (0ms)
			DisableScriptedObjects (6ms)
			BackupInstance (0ms)
			ReleaseScriptingObjects (0ms)
			CreateAndSetChildDomain (20ms)
		EndReloadAssembly (760ms)
			LoadAssemblies (86ms)
			RebuildTransferFunctionScriptingTraits (0ms)
			SetupTypeCache (270ms)
			ReleaseScriptCaches (1ms)
			RebuildScriptCaches (52ms)
			SetupLoadedEditorAssemblies (324ms)
				LogAssemblyErrors (0ms)
				InitializePlatformSupportModulesInManaged (4ms)
				SetLoadedEditorAssemblies (0ms)
				RefreshPlugins (1ms)
				BeforeProcessingInitializeOnLoad (72ms)
				ProcessInitializeOnLoadAttributes (223ms)
				ProcessInitializeOnLoadMethodAttributes (21ms)
				AfterProcessingInitializeOnLoad (3ms)
				EditorAssembliesLoaded (0ms)
			ExecutionOrderSort2 (0ms)
			AwakeInstancesAfterBackupRestoration (6ms)
Platform modules already initialized, skipping
========================================================================
Worker process is ready to serve import requests
Launched and connected shader compiler UnityShaderCompiler.exe after 0.07 seconds
Refreshing native plugins compatible for Editor in 0.82 ms, found 3 plugins.
Preloading 0 native plugins for Editor in 0.00 ms.
Unloading 3093 Unused Serialized files (Serialized files now loaded: 0)
Unloading 24 unused Assets / (114.4 KB). Loaded Objects now: 3576.
Memory consumption went from 123.4 MB to 123.3 MB.
Total: 13.484000 ms (FindLiveObjects: 0.386400 ms CreateObjectMapping: 0.177400 ms MarkObjects: 7.411300 ms  DeleteObjects: 5.506700 ms)

AssetImportParameters requested are different than current active one (requested -> active):
  custom:video-decoder-ogg-theora: a1e56fd34408186e4bbccfd4996cb3dc -> 
  custom:container-muxer-webm: aa71ff27fc2769a1b78a27578f13a17b -> 
  custom:container-demuxer-webm: 4f35f7cbe854078d1ac9338744f61a02 -> 
  custom:video-encoder-webm-vp8: eb34c28f22e8b96e1ab97ce403110664 -> 
  custom:video-codec-MediaFoundation-h265: 746d11721c4dcdbdad8f713fa42b33f4 -> 
  custom:audio-encoder-webm-vorbis: bf7c407c2cedff20999df2af8eb42d56 -> 
  custom:framework-win-MediaFoundation: 216162199b28c13a410421893ffa2e32 -> 
  custom:container-demuxer-ogg: 62fdf1f143b41e24485cea50d1cbac27 -> 
  custom:video-decoder-webm-vp8: 9c59270c3fd7afecdb556c50c9e8de78 -> 
  custom:audio-decoder-ogg-vorbis: bf7c407c2cedff20999df2af8eb42d56 -> 
========================================================================
Received Import Request.
  Time since last request: 1396025.973484 seconds.
  path: Assets/Car/Prefabs/Fordd_Focus_RS_WRC.prefab
  artifactKey: Guid(fa01fd7801fbfe74ebbefc3c01fa1492) Importer(815301076,1909f56bfc062723c751e8b465ee728b)
Start importing Assets/Car/Prefabs/Fordd_Focus_RS_WRC.prefab using Guid(fa01fd7801fbfe74ebbefc3c01fa1492) Importer(815301076,1909f56bfc062723c751e8b465ee728b)  -> (artifact id: '8f19e1e94278545cbed9dab77cbca1fa') in 0.370816 seconds 
========================================================================
Received Import Request.
  Time since last request: 7.733068 seconds.
  path: Assets/Car/Prefabs/Car_1.prefab
  artifactKey: Guid(c5baf5fc43158c7449973dc35a753026) Importer(815301076,1909f56bfc062723c751e8b465ee728b)
Start importing Assets/Car/Prefabs/Car_1.prefab using Guid(c5baf5fc43158c7449973dc35a753026) Importer(815301076,1909f56bfc062723c751e8b465ee728b)  -> (artifact id: 'c894b80ee0bf96e68ce040083c6da5ce') in 0.038073 seconds 
========================================================================
Received Import Request.
  Time since last request: 0.003960 seconds.
  path: Assets/Car/Prefabs/Car_2.prefab
  artifactKey: Guid(2e884266dd0fdc4469cdaee79c293ab2) Importer(815301076,1909f56bfc062723c751e8b465ee728b)
Start importing Assets/Car/Prefabs/Car_2.prefab using Guid(2e884266dd0fdc4469cdaee79c293ab2) Importer(815301076,1909f56bfc062723c751e8b465ee728b)  -> (artifact id: '6c733fcd2a401e2b97d5fc92b12251a9') in 0.029377 seconds 
========================================================================
Received Import Request.
  Time since last request: 0.000039 seconds.
  path: Assets/Car/Prefabs/peugeott_205.prefab
  artifactKey: Guid(8ed30a1afa878444eb55989315b9d758) Importer(815301076,1909f56bfc062723c751e8b465ee728b)
Start importing Assets/Car/Prefabs/peugeott_205.prefab using Guid(8ed30a1afa878444eb55989315b9d758) Importer(815301076,1909f56bfc062723c751e8b465ee728b)  -> (artifact id: '2075a2d63559c8f75a3cfbeb04bb70bf') in 0.018035 seconds 
========================================================================
Received Import Request.
  Time since last request: 0.000041 seconds.
  path: Assets/Car/Prefabs/Fordd_Focus_RS_WRC.prefab
  artifactKey: Guid(fa01fd7801fbfe74ebbefc3c01fa1492) Importer(815301076,1909f56bfc062723c751e8b465ee728b)
Start importing Assets/Car/Prefabs/Fordd_Focus_RS_WRC.prefab using Guid(fa01fd7801fbfe74ebbefc3c01fa1492) Importer(815301076,1909f56bfc062723c751e8b465ee728b)  -> (artifact id: '69f91d6886a250afbb0eaceb66463c69') in 0.014578 seconds 
========================================================================
Received Import Request.
  Time since last request: 0.000033 seconds.
  path: Assets/Car/Prefabs/Car_3.prefab
  artifactKey: Guid(7d95dc9e77442a3409405c86938096f8) Importer(815301076,1909f56bfc062723c751e8b465ee728b)
Start importing Assets/Car/Prefabs/Car_3.prefab using Guid(7d95dc9e77442a3409405c86938096f8) Importer(815301076,1909f56bfc062723c751e8b465ee728b)  -> (artifact id: '078f71fa744b0a42b88fdc6d7535b885') in 0.032941 seconds 
========================================================================
Received Import Request.
  Time since last request: 56.785603 seconds.
  path: Assets/Car/Prefabs/Fordd_Focus_RS_WRC.prefab
  artifactKey: Guid(fa01fd7801fbfe74ebbefc3c01fa1492) Importer(815301076,1909f56bfc062723c751e8b465ee728b)
Start importing Assets/Car/Prefabs/Fordd_Focus_RS_WRC.prefab using Guid(fa01fd7801fbfe74ebbefc3c01fa1492) Importer(815301076,1909f56bfc062723c751e8b465ee728b)  -> (artifact id: 'a5cfe65d9ef846f48ba52c2bb838c0d2') in 0.013191 seconds 
========================================================================
Received Import Request.
  Time since last request: 152.568645 seconds.
  path: Assets/Scenes/Select.unity
  artifactKey: Guid(d5421a7ae74f2e74c941ad3e9d604eb8) Importer(815301076,1909f56bfc062723c751e8b465ee728b)
Start importing Assets/Scenes/Select.unity using Guid(d5421a7ae74f2e74c941ad3e9d604eb8) Importer(815301076,1909f56bfc062723c751e8b465ee728b)  -> (artifact id: '939b0e3f6a434f7b0a4b4a783ea8bdbf') in 0.002480 seconds 
========================================================================
Received Import Request.
  Time since last request: 38.327296 seconds.
  path: Assets/Car/Prefabs/Fordd_RS_200.prefab
  artifactKey: Guid(82efd3e2de9e6cf4e9f6f193c99ba72e) Importer(815301076,1909f56bfc062723c751e8b465ee728b)
Start importing Assets/Car/Prefabs/Fordd_RS_200.prefab using Guid(82efd3e2de9e6cf4e9f6f193c99ba72e) Importer(815301076,1909f56bfc062723c751e8b465ee728b)  -> (artifact id: '958e99b4691ab37dad59388ece89a02e') in 0.012878 seconds 
========================================================================
Received Import Request.
  Time since last request: 0.004775 seconds.
  path: Assets/Car/Prefabs/Fordd_Focus_RS_WRC.prefab
  artifactKey: Guid(fa01fd7801fbfe74ebbefc3c01fa1492) Importer(815301076,1909f56bfc062723c751e8b465ee728b)
Start importing Assets/Car/Prefabs/Fordd_Focus_RS_WRC.prefab using Guid(fa01fd7801fbfe74ebbefc3c01fa1492) Importer(815301076,1909f56bfc062723c751e8b465ee728b)  -> (artifact id: 'f5658a71c8fd91c2cbba5c12851bf88c') in 0.011949 seconds 
========================================================================
Received Import Request.
  Time since last request: 0.000045 seconds.
  path: Assets/Car/Prefabs/peugeott_205.prefab
  artifactKey: Guid(8ed30a1afa878444eb55989315b9d758) Importer(815301076,1909f56bfc062723c751e8b465ee728b)
Start importing Assets/Car/Prefabs/peugeott_205.prefab using Guid(8ed30a1afa878444eb55989315b9d758) Importer(815301076,1909f56bfc062723c751e8b465ee728b)  -> (artifact id: '99cb96fc2180791bdc78f2ae5eadd0f9') in 0.014705 seconds 
========================================================================
Received Import Request.
  Time since last request: 0.000038 seconds.
  path: Assets/Car/Prefabs/Toyotta_Celicca_GT.prefab
  artifactKey: Guid(6641eee37a124604d8b604928849579f) Importer(815301076,1909f56bfc062723c751e8b465ee728b)
Start importing Assets/Car/Prefabs/Toyotta_Celicca_GT.prefab using Guid(6641eee37a124604d8b604928849579f) Importer(815301076,1909f56bfc062723c751e8b465ee728b)  -> (artifact id: 'fc4fccb0c512e2cbe4f1e6958f5412e7') in 0.013622 seconds 
========================================================================
Received Import Request.
  Time since last request: 0.000066 seconds.
  path: Assets/Car/Prefabs/Mittsubisi_Lancer_GSR.prefab
  artifactKey: Guid(0c46890417ee50f4e89ccff14d280e96) Importer(815301076,1909f56bfc062723c751e8b465ee728b)
Start importing Assets/Car/Prefabs/Mittsubisi_Lancer_GSR.prefab using Guid(0c46890417ee50f4e89ccff14d280e96) Importer(815301076,1909f56bfc062723c751e8b465ee728b)  -> (artifact id: 'c043c612ee39b42caca8e0af10a93796') in 0.015007 seconds 
========================================================================
Received Import Request.
  Time since last request: 0.000027 seconds.
  path: Assets/Car/Prefabs/Peugiot_405_T16.prefab
  artifactKey: Guid(8e25cc09edd5f394a99b2e0e802596a9) Importer(815301076,1909f56bfc062723c751e8b465ee728b)
Start importing Assets/Car/Prefabs/Peugiot_405_T16.prefab using Guid(8e25cc09edd5f394a99b2e0e802596a9) Importer(815301076,1909f56bfc062723c751e8b465ee728b)  -> (artifact id: '6eb4fa58d7358ceb5a78d32fee8f983a') in 0.010502 seconds 
========================================================================
Received Import Request.
  Time since last request: 1.569666 seconds.
  path: Assets/Car/Prefabs/Fordd_RS_200.prefab
  artifactKey: Guid(82efd3e2de9e6cf4e9f6f193c99ba72e) Importer(815301076,1909f56bfc062723c751e8b465ee728b)
Start importing Assets/Car/Prefabs/Fordd_RS_200.prefab using Guid(82efd3e2de9e6cf4e9f6f193c99ba72e) Importer(815301076,1909f56bfc062723c751e8b465ee728b)  -> (artifact id: 'f05ce589d231b97fbd4e63057dad1788') in 0.011885 seconds 
========================================================================
Received Import Request.
  Time since last request: 0.009588 seconds.
  path: Assets/Car/Prefabs/Fordd_Focus_RS_WRC.prefab
  artifactKey: Guid(fa01fd7801fbfe74ebbefc3c01fa1492) Importer(815301076,1909f56bfc062723c751e8b465ee728b)
Start importing Assets/Car/Prefabs/Fordd_Focus_RS_WRC.prefab using Guid(fa01fd7801fbfe74ebbefc3c01fa1492) Importer(815301076,1909f56bfc062723c751e8b465ee728b)  -> (artifact id: 'd62d3b83b5f9ddf1a02f4a79a5ddba8f') in 0.011968 seconds 
========================================================================
Received Import Request.
  Time since last request: 0.000041 seconds.
  path: Assets/Car/Prefabs/Toyotta_Celicca_GT.prefab
  artifactKey: Guid(6641eee37a124604d8b604928849579f) Importer(815301076,1909f56bfc062723c751e8b465ee728b)
Start importing Assets/Car/Prefabs/Toyotta_Celicca_GT.prefab using Guid(6641eee37a124604d8b604928849579f) Importer(815301076,1909f56bfc062723c751e8b465ee728b)  -> (artifact id: '1b431bf2eb8a4f55873e52fd6c0d4c1d') in 0.011387 seconds 
========================================================================
Received Import Request.
  Time since last request: 0.000036 seconds.
  path: Assets/Car/Prefabs/Mittsubisi_Lancer_GSR.prefab
  artifactKey: Guid(0c46890417ee50f4e89ccff14d280e96) Importer(815301076,1909f56bfc062723c751e8b465ee728b)
Start importing Assets/Car/Prefabs/Mittsubisi_Lancer_GSR.prefab using Guid(0c46890417ee50f4e89ccff14d280e96) Importer(815301076,1909f56bfc062723c751e8b465ee728b)  -> (artifact id: 'e552a7ffdbc09c472c7baea951706c0d') in 0.010983 seconds 
========================================================================
Received Import Request.
  Time since last request: 2.790181 seconds.
  path: Assets/Car/Prefabs/Fordd_RS_200.prefab
  artifactKey: Guid(82efd3e2de9e6cf4e9f6f193c99ba72e) Importer(815301076,1909f56bfc062723c751e8b465ee728b)
Start importing Assets/Car/Prefabs/Fordd_RS_200.prefab using Guid(82efd3e2de9e6cf4e9f6f193c99ba72e) Importer(815301076,1909f56bfc062723c751e8b465ee728b)  -> (artifact id: '81a9550b1bb51206db72bf7477780482') in 0.011991 seconds 
========================================================================
Received Import Request.
  Time since last request: 0.008168 seconds.
  path: Assets/Car/Prefabs/Fordd_Focus_RS_WRC.prefab
  artifactKey: Guid(fa01fd7801fbfe74ebbefc3c01fa1492) Importer(815301076,1909f56bfc062723c751e8b465ee728b)
Start importing Assets/Car/Prefabs/Fordd_Focus_RS_WRC.prefab using Guid(fa01fd7801fbfe74ebbefc3c01fa1492) Importer(815301076,1909f56bfc062723c751e8b465ee728b)  -> (artifact id: 'a5487db9df438a0e4cf22c3ce01f929b') in 0.012930 seconds 
========================================================================
Received Import Request.
  Time since last request: 0.000065 seconds.
  path: Assets/Car/Prefabs/Toyotta_Celicca_GT.prefab
  artifactKey: Guid(6641eee37a124604d8b604928849579f) Importer(815301076,1909f56bfc062723c751e8b465ee728b)
Start importing Assets/Car/Prefabs/Toyotta_Celicca_GT.prefab using Guid(6641eee37a124604d8b604928849579f) Importer(815301076,1909f56bfc062723c751e8b465ee728b)  -> (artifact id: '830feac18a3ec251d7b7ac0101538d39') in 0.012458 seconds 
========================================================================
Received Import Request.
  Time since last request: 0.000050 seconds.
  path: Assets/Car/Prefabs/Peugiot_405_T16.prefab
  artifactKey: Guid(8e25cc09edd5f394a99b2e0e802596a9) Importer(815301076,1909f56bfc062723c751e8b465ee728b)
Start importing Assets/Car/Prefabs/Peugiot_405_T16.prefab using Guid(8e25cc09edd5f394a99b2e0e802596a9) Importer(815301076,1909f56bfc062723c751e8b465ee728b)  -> (artifact id: 'd4463e40d6bfa359e759e20633782051') in 0.012562 seconds 
========================================================================
Received Import Request.
  Time since last request: 5.061558 seconds.
  path: Assets/Car/Prefabs/Fordd_Focus_RS_WRC.prefab
  artifactKey: Guid(fa01fd7801fbfe74ebbefc3c01fa1492) Importer(815301076,1909f56bfc062723c751e8b465ee728b)
Start importing Assets/Car/Prefabs/Fordd_Focus_RS_WRC.prefab using Guid(fa01fd7801fbfe74ebbefc3c01fa1492) Importer(815301076,1909f56bfc062723c751e8b465ee728b)  -> (artifact id: '9a8b8b859f06b4bc4ae5632f0f7ae479') in 0.013534 seconds 
========================================================================
Received Import Request.
  Time since last request: 0.000039 seconds.
  path: Assets/Car/Prefabs/peugeott_205.prefab
  artifactKey: Guid(8ed30a1afa878444eb55989315b9d758) Importer(815301076,1909f56bfc062723c751e8b465ee728b)
Start importing Assets/Car/Prefabs/peugeott_205.prefab using Guid(8ed30a1afa878444eb55989315b9d758) Importer(815301076,1909f56bfc062723c751e8b465ee728b)  -> (artifact id: '7e50bc22bc4b4d6337db9b1817758684') in 0.014106 seconds 
========================================================================
Received Import Request.
  Time since last request: 0.000039 seconds.
  path: Assets/Car/Prefabs/Peugiot_405_T16.prefab
  artifactKey: Guid(8e25cc09edd5f394a99b2e0e802596a9) Importer(815301076,1909f56bfc062723c751e8b465ee728b)
Start importing Assets/Car/Prefabs/Peugiot_405_T16.prefab using Guid(8e25cc09edd5f394a99b2e0e802596a9) Importer(815301076,1909f56bfc062723c751e8b465ee728b)  -> (artifact id: 'b04aab5f949ca2ba0e406b7e15ac5078') in 0.011233 seconds 
========================================================================
Received Import Request.
  Time since last request: 20.686260 seconds.
  path: Assets/Car/Prefabs/Fordd_Focus_RS_WRC.prefab
  artifactKey: Guid(fa01fd7801fbfe74ebbefc3c01fa1492) Importer(815301076,1909f56bfc062723c751e8b465ee728b)
Start importing Assets/Car/Prefabs/Fordd_Focus_RS_WRC.prefab using Guid(fa01fd7801fbfe74ebbefc3c01fa1492) Importer(815301076,1909f56bfc062723c751e8b465ee728b)  -> (artifact id: '5501ad10429420e51b8f47fb48c7ee73') in 0.011228 seconds 
========================================================================
Received Import Request.
  Time since last request: 11.354543 seconds.
  path: Assets/Car/Prefabs/Fordd_Focus_RS_WRC.prefab
  artifactKey: Guid(fa01fd7801fbfe74ebbefc3c01fa1492) Importer(815301076,1909f56bfc062723c751e8b465ee728b)
Start importing Assets/Car/Prefabs/Fordd_Focus_RS_WRC.prefab using Guid(fa01fd7801fbfe74ebbefc3c01fa1492) Importer(815301076,1909f56bfc062723c751e8b465ee728b)  -> (artifact id: '212a0e11301d28df9e9a4dd246cbe585') in 0.010353 seconds 
========================================================================
Received Import Request.
  Time since last request: 8.085131 seconds.
  path: Assets/Car/Prefabs/Fordd_Focus_RS_WRC.prefab
  artifactKey: Guid(fa01fd7801fbfe74ebbefc3c01fa1492) Importer(815301076,1909f56bfc062723c751e8b465ee728b)
Start importing Assets/Car/Prefabs/Fordd_Focus_RS_WRC.prefab using Guid(fa01fd7801fbfe74ebbefc3c01fa1492) Importer(815301076,1909f56bfc062723c751e8b465ee728b)  -> (artifact id: '26bb7ae5daaf5e542cd946b24e668f96') in 0.013243 seconds 
========================================================================
Received Import Request.
  Time since last request: 10.875358 seconds.
  path: Assets/Car/Prefabs/Fordd_Focus_RS_WRC.prefab
  artifactKey: Guid(fa01fd7801fbfe74ebbefc3c01fa1492) Importer(815301076,1909f56bfc062723c751e8b465ee728b)
Start importing Assets/Car/Prefabs/Fordd_Focus_RS_WRC.prefab using Guid(fa01fd7801fbfe74ebbefc3c01fa1492) Importer(815301076,1909f56bfc062723c751e8b465ee728b)  -> (artifact id: '58c7221a2d367deb398fae45ed4d399d') in 0.010358 seconds 
========================================================================
Received Import Request.
  Time since last request: 4.080977 seconds.
  path: Assets/Car/Prefabs/Fordd_Focus_RS_WRC.prefab
  artifactKey: Guid(fa01fd7801fbfe74ebbefc3c01fa1492) Importer(815301076,1909f56bfc062723c751e8b465ee728b)
Start importing Assets/Car/Prefabs/Fordd_Focus_RS_WRC.prefab using Guid(fa01fd7801fbfe74ebbefc3c01fa1492) Importer(815301076,1909f56bfc062723c751e8b465ee728b)  -> (artifact id: '6150bc88388e6ab0f4871c1ddb6bc6cd') in 0.009858 seconds 
========================================================================
Received Import Request.
  Time since last request: 20.523359 seconds.
  path: Assets/Car/Prefabs/Fordd_Focus_RS_WRC.prefab
  artifactKey: Guid(fa01fd7801fbfe74ebbefc3c01fa1492) Importer(815301076,1909f56bfc062723c751e8b465ee728b)
Start importing Assets/Car/Prefabs/Fordd_Focus_RS_WRC.prefab using Guid(fa01fd7801fbfe74ebbefc3c01fa1492) Importer(815301076,1909f56bfc062723c751e8b465ee728b)  -> (artifact id: 'fb2101b2971181ddb6190aaad551c7d8') in 0.010724 seconds 
========================================================================
Received Import Request.
  Time since last request: 9.346017 seconds.
  path: Assets/Car/Prefabs/Fordd_Focus_RS_WRC.prefab
  artifactKey: Guid(fa01fd7801fbfe74ebbefc3c01fa1492) Importer(815301076,1909f56bfc062723c751e8b465ee728b)
Start importing Assets/Car/Prefabs/Fordd_Focus_RS_WRC.prefab using Guid(fa01fd7801fbfe74ebbefc3c01fa1492) Importer(815301076,1909f56bfc062723c751e8b465ee728b)  -> (artifact id: '2b444c162111d67f7fb2059ce568051b') in 0.010792 seconds 
========================================================================
Received Import Request.
  Time since last request: 2.653890 seconds.
  path: Assets/Car/Prefabs/Fordd_Focus_RS_WRC.prefab
  artifactKey: Guid(fa01fd7801fbfe74ebbefc3c01fa1492) Importer(815301076,1909f56bfc062723c751e8b465ee728b)
Start importing Assets/Car/Prefabs/Fordd_Focus_RS_WRC.prefab using Guid(fa01fd7801fbfe74ebbefc3c01fa1492) Importer(815301076,1909f56bfc062723c751e8b465ee728b)  -> (artifact id: 'a1a7844afeab939041567c195b009d44') in 0.011556 seconds 
========================================================================
Received Import Request.
  Time since last request: 2.660948 seconds.
  path: Assets/Car/Prefabs/Fordd_Focus_RS_WRC.prefab
  artifactKey: Guid(fa01fd7801fbfe74ebbefc3c01fa1492) Importer(815301076,1909f56bfc062723c751e8b465ee728b)
Start importing Assets/Car/Prefabs/Fordd_Focus_RS_WRC.prefab using Guid(fa01fd7801fbfe74ebbefc3c01fa1492) Importer(815301076,1909f56bfc062723c751e8b465ee728b)  -> (artifact id: 'cd4433795aa9bb80203bb18d242c78be') in 0.011408 seconds 
========================================================================
Received Import Request.
  Time since last request: 2.721242 seconds.
  path: Assets/Car/Prefabs/Fordd_Focus_RS_WRC.prefab
  artifactKey: Guid(fa01fd7801fbfe74ebbefc3c01fa1492) Importer(815301076,1909f56bfc062723c751e8b465ee728b)
Start importing Assets/Car/Prefabs/Fordd_Focus_RS_WRC.prefab using Guid(fa01fd7801fbfe74ebbefc3c01fa1492) Importer(815301076,1909f56bfc062723c751e8b465ee728b)  -> (artifact id: '20f4ed08069d8d8cc43f835b13a9a962') in 0.012562 seconds 
========================================================================
Received Import Request.
  Time since last request: 7.445510 seconds.
  path: Assets/Car/Prefabs/Fordd_Focus_RS_WRC.prefab
  artifactKey: Guid(fa01fd7801fbfe74ebbefc3c01fa1492) Importer(815301076,1909f56bfc062723c751e8b465ee728b)
Start importing Assets/Car/Prefabs/Fordd_Focus_RS_WRC.prefab using Guid(fa01fd7801fbfe74ebbefc3c01fa1492) Importer(815301076,1909f56bfc062723c751e8b465ee728b)  -> (artifact id: '5da1e4f2f36340633e0a0c1a26190dde') in 0.010858 seconds 
========================================================================
Received Import Request.
  Time since last request: 12.513857 seconds.
  path: Assets/Car/Prefabs/Audii_Sport_Quattroo_S1.prefab
  artifactKey: Guid(f975e2aa693172b4abe7079dcfc1aadf) Importer(815301076,1909f56bfc062723c751e8b465ee728b)
Start importing Assets/Car/Prefabs/Audii_Sport_Quattroo_S1.prefab using Guid(f975e2aa693172b4abe7079dcfc1aadf) Importer(815301076,1909f56bfc062723c751e8b465ee728b)  -> (artifact id: '8ee35c203d2026172d8be86d520982f7') in 0.012268 seconds 
========================================================================
Received Import Request.
  Time since last request: 10.942170 seconds.
  path: Assets/Car/Prefabs/Fordd_RS_200.prefab
  artifactKey: Guid(82efd3e2de9e6cf4e9f6f193c99ba72e) Importer(815301076,1909f56bfc062723c751e8b465ee728b)
Start importing Assets/Car/Prefabs/Fordd_RS_200.prefab using Guid(82efd3e2de9e6cf4e9f6f193c99ba72e) Importer(815301076,1909f56bfc062723c751e8b465ee728b)  -> (artifact id: '22167e41c66b863309898b2f163d8812') in 0.011575 seconds 
========================================================================
Received Import Request.
  Time since last request: 2.809960 seconds.
  path: Assets/Car/Prefabs/Fordd_RS_200.prefab
  artifactKey: Guid(82efd3e2de9e6cf4e9f6f193c99ba72e) Importer(815301076,1909f56bfc062723c751e8b465ee728b)
Start importing Assets/Car/Prefabs/Fordd_RS_200.prefab using Guid(82efd3e2de9e6cf4e9f6f193c99ba72e) Importer(815301076,1909f56bfc062723c751e8b465ee728b)  -> (artifact id: '36cb63e7810de4f72953c1993a3d7229') in 0.012717 seconds 
========================================================================
Received Import Request.
  Time since last request: 3.095728 seconds.
  path: Assets/Car/Prefabs/Fordd_RS_200.prefab
  artifactKey: Guid(82efd3e2de9e6cf4e9f6f193c99ba72e) Importer(815301076,1909f56bfc062723c751e8b465ee728b)
Start importing Assets/Car/Prefabs/Fordd_RS_200.prefab using Guid(82efd3e2de9e6cf4e9f6f193c99ba72e) Importer(815301076,1909f56bfc062723c751e8b465ee728b)  -> (artifact id: '42268803bb70501f40bb30eb5a43c970') in 0.012759 seconds 
========================================================================
Received Import Request.
  Time since last request: 2.673459 seconds.
  path: Assets/Car/Prefabs/Fordd_RS_200.prefab
  artifactKey: Guid(82efd3e2de9e6cf4e9f6f193c99ba72e) Importer(815301076,1909f56bfc062723c751e8b465ee728b)
Start importing Assets/Car/Prefabs/Fordd_RS_200.prefab using Guid(82efd3e2de9e6cf4e9f6f193c99ba72e) Importer(815301076,1909f56bfc062723c751e8b465ee728b)  -> (artifact id: '09ccfe5c12643702fdb3bdcd300ffb2d') in 0.010758 seconds 
========================================================================
Received Import Request.
  Time since last request: 4.061447 seconds.
  path: Assets/Car/Prefabs/Fordd_RS_200.prefab
  artifactKey: Guid(82efd3e2de9e6cf4e9f6f193c99ba72e) Importer(815301076,1909f56bfc062723c751e8b465ee728b)
Start importing Assets/Car/Prefabs/Fordd_RS_200.prefab using Guid(82efd3e2de9e6cf4e9f6f193c99ba72e) Importer(815301076,1909f56bfc062723c751e8b465ee728b)  -> (artifact id: 'f7772cb8edf179dcac3a70e7770edb91') in 0.010947 seconds 
========================================================================
Received Import Request.
  Time since last request: 2.509837 seconds.
  path: Assets/Car/Prefabs/Fordd_RS_200.prefab
  artifactKey: Guid(82efd3e2de9e6cf4e9f6f193c99ba72e) Importer(815301076,1909f56bfc062723c751e8b465ee728b)
Start importing Assets/Car/Prefabs/Fordd_RS_200.prefab using Guid(82efd3e2de9e6cf4e9f6f193c99ba72e) Importer(815301076,1909f56bfc062723c751e8b465ee728b)  -> (artifact id: 'e161e9395f11708c533a9c82c59b580b') in 0.014243 seconds 
========================================================================
Received Import Request.
  Time since last request: 2.902192 seconds.
  path: Assets/Car/Prefabs/Fordd_RS_200.prefab
  artifactKey: Guid(82efd3e2de9e6cf4e9f6f193c99ba72e) Importer(815301076,1909f56bfc062723c751e8b465ee728b)
Start importing Assets/Car/Prefabs/Fordd_RS_200.prefab using Guid(82efd3e2de9e6cf4e9f6f193c99ba72e) Importer(815301076,1909f56bfc062723c751e8b465ee728b)  -> (artifact id: 'c154e4828312c175fd146cbd123074fe') in 0.012249 seconds 
========================================================================
Received Import Request.
  Time since last request: 3.073152 seconds.
  path: Assets/Car/Prefabs/Fordd_RS_200.prefab
  artifactKey: Guid(82efd3e2de9e6cf4e9f6f193c99ba72e) Importer(815301076,1909f56bfc062723c751e8b465ee728b)
Start importing Assets/Car/Prefabs/Fordd_RS_200.prefab using Guid(82efd3e2de9e6cf4e9f6f193c99ba72e) Importer(815301076,1909f56bfc062723c751e8b465ee728b)  -> (artifact id: '3e83582ff1f3252c4555c701ab9e9138') in 0.012075 seconds 
========================================================================
Received Import Request.
  Time since last request: 13.549752 seconds.
  path: Assets/Car/Prefabs/Fordd_RS_200.prefab
  artifactKey: Guid(82efd3e2de9e6cf4e9f6f193c99ba72e) Importer(815301076,1909f56bfc062723c751e8b465ee728b)
Start importing Assets/Car/Prefabs/Fordd_RS_200.prefab using Guid(82efd3e2de9e6cf4e9f6f193c99ba72e) Importer(815301076,1909f56bfc062723c751e8b465ee728b)  -> (artifact id: '122023a8f8e658ba6a1a95a8d7adab20') in 0.011922 seconds 
========================================================================
Received Import Request.
  Time since last request: 10.525000 seconds.
  path: Assets/Car/Prefabs/Lanncia_Stratoss_Group_4.prefab
  artifactKey: Guid(d9385a8bb3cdea840807f0f1c0c426ed) Importer(815301076,1909f56bfc062723c751e8b465ee728b)
Start importing Assets/Car/Prefabs/Lanncia_Stratoss_Group_4.prefab using Guid(d9385a8bb3cdea840807f0f1c0c426ed) Importer(815301076,1909f56bfc062723c751e8b465ee728b)  -> (artifact id: '1e365721dfb883f9ae96bd9a43529140') in 0.011747 seconds 
========================================================================
Received Import Request.
  Time since last request: 2.880967 seconds.
  path: Assets/Car/Prefabs/Lanncia_Stratoss_Group_4.prefab
  artifactKey: Guid(d9385a8bb3cdea840807f0f1c0c426ed) Importer(815301076,1909f56bfc062723c751e8b465ee728b)
Start importing Assets/Car/Prefabs/Lanncia_Stratoss_Group_4.prefab using Guid(d9385a8bb3cdea840807f0f1c0c426ed) Importer(815301076,1909f56bfc062723c751e8b465ee728b)  -> (artifact id: '502fec04b7f0f4e25e2db62235220ccc') in 0.013200 seconds 
========================================================================
Received Import Request.
  Time since last request: 4.101674 seconds.
  path: Assets/Car/Prefabs/Lanncia_Stratoss_Group_4.prefab
  artifactKey: Guid(d9385a8bb3cdea840807f0f1c0c426ed) Importer(815301076,1909f56bfc062723c751e8b465ee728b)
Start importing Assets/Car/Prefabs/Lanncia_Stratoss_Group_4.prefab using Guid(d9385a8bb3cdea840807f0f1c0c426ed) Importer(815301076,1909f56bfc062723c751e8b465ee728b)  -> (artifact id: '6d202c3cc3014b8921ebf9fecabf88e1') in 0.012582 seconds 
========================================================================
Received Import Request.
  Time since last request: 3.689056 seconds.
  path: Assets/Car/Prefabs/Lanncia_Stratoss_Group_4.prefab
  artifactKey: Guid(d9385a8bb3cdea840807f0f1c0c426ed) Importer(815301076,1909f56bfc062723c751e8b465ee728b)
Start importing Assets/Car/Prefabs/Lanncia_Stratoss_Group_4.prefab using Guid(d9385a8bb3cdea840807f0f1c0c426ed) Importer(815301076,1909f56bfc062723c751e8b465ee728b)  -> (artifact id: '810bc5653041a75a01168e06f26920ef') in 0.011787 seconds 
========================================================================
Received Import Request.
  Time since last request: 3.346166 seconds.
  path: Assets/Car/Prefabs/Lanncia_Stratoss_Group_4.prefab
  artifactKey: Guid(d9385a8bb3cdea840807f0f1c0c426ed) Importer(815301076,1909f56bfc062723c751e8b465ee728b)
Start importing Assets/Car/Prefabs/Lanncia_Stratoss_Group_4.prefab using Guid(d9385a8bb3cdea840807f0f1c0c426ed) Importer(815301076,1909f56bfc062723c751e8b465ee728b)  -> (artifact id: 'fb0a3707ac6b6a0e1f07ef40195074ea') in 0.009657 seconds 
========================================================================
Received Import Request.
  Time since last request: 3.254971 seconds.
  path: Assets/Car/Prefabs/Lanncia_Stratoss_Group_4.prefab
  artifactKey: Guid(d9385a8bb3cdea840807f0f1c0c426ed) Importer(815301076,1909f56bfc062723c751e8b465ee728b)
Start importing Assets/Car/Prefabs/Lanncia_Stratoss_Group_4.prefab using Guid(d9385a8bb3cdea840807f0f1c0c426ed) Importer(815301076,1909f56bfc062723c751e8b465ee728b)  -> (artifact id: 'fbaa12f25251a8a2e94fdab52f844ce1') in 0.013340 seconds 
========================================================================
Received Import Request.
  Time since last request: 2.297628 seconds.
  path: Assets/Car/Prefabs/Lanncia_Stratoss_Group_4.prefab
  artifactKey: Guid(d9385a8bb3cdea840807f0f1c0c426ed) Importer(815301076,1909f56bfc062723c751e8b465ee728b)
Start importing Assets/Car/Prefabs/Lanncia_Stratoss_Group_4.prefab using Guid(d9385a8bb3cdea840807f0f1c0c426ed) Importer(815301076,1909f56bfc062723c751e8b465ee728b)  -> (artifact id: '5a9826b7641c2d6cb0d0f2f739fba3c5') in 0.010122 seconds 
========================================================================
Received Import Request.
  Time since last request: 2.638467 seconds.
  path: Assets/Car/Prefabs/Lanncia_Stratoss_Group_4.prefab
  artifactKey: Guid(d9385a8bb3cdea840807f0f1c0c426ed) Importer(815301076,1909f56bfc062723c751e8b465ee728b)
Start importing Assets/Car/Prefabs/Lanncia_Stratoss_Group_4.prefab using Guid(d9385a8bb3cdea840807f0f1c0c426ed) Importer(815301076,1909f56bfc062723c751e8b465ee728b)  -> (artifact id: 'c27eaf937f4d7a7cef4e27998915dd0b') in 0.010857 seconds 
========================================================================
Received Import Request.
  Time since last request: 6.558706 seconds.
  path: Assets/Car/Prefabs/Lanncia_Stratoss_Group_4.prefab
  artifactKey: Guid(d9385a8bb3cdea840807f0f1c0c426ed) Importer(815301076,1909f56bfc062723c751e8b465ee728b)
Start importing Assets/Car/Prefabs/Lanncia_Stratoss_Group_4.prefab using Guid(d9385a8bb3cdea840807f0f1c0c426ed) Importer(815301076,1909f56bfc062723c751e8b465ee728b)  -> (artifact id: '700a2b1e38fe3b6327bbc8189d3ef47c') in 0.009646 seconds 
========================================================================
Received Import Request.
  Time since last request: 20.103841 seconds.
  path: Assets/Car/Prefabs/Mittsubisi_Lancer_GSR.prefab
  artifactKey: Guid(0c46890417ee50f4e89ccff14d280e96) Importer(815301076,1909f56bfc062723c751e8b465ee728b)
Start importing Assets/Car/Prefabs/Mittsubisi_Lancer_GSR.prefab using Guid(0c46890417ee50f4e89ccff14d280e96) Importer(815301076,1909f56bfc062723c751e8b465ee728b)  -> (artifact id: 'bce5b0cf99a455895cf7352740e22862') in 0.010590 seconds 
========================================================================
Received Import Request.
  Time since last request: 3.323698 seconds.
  path: Assets/Car/Prefabs/Mittsubisi_Lancer_GSR.prefab
  artifactKey: Guid(0c46890417ee50f4e89ccff14d280e96) Importer(815301076,1909f56bfc062723c751e8b465ee728b)
Start importing Assets/Car/Prefabs/Mittsubisi_Lancer_GSR.prefab using Guid(0c46890417ee50f4e89ccff14d280e96) Importer(815301076,1909f56bfc062723c751e8b465ee728b)  -> (artifact id: 'a803af79f4ac4cc1fb5a2019518e8e29') in 0.011945 seconds 
========================================================================
Received Import Request.
  Time since last request: 3.848335 seconds.
  path: Assets/Car/Prefabs/Mittsubisi_Lancer_GSR.prefab
  artifactKey: Guid(0c46890417ee50f4e89ccff14d280e96) Importer(815301076,1909f56bfc062723c751e8b465ee728b)
Start importing Assets/Car/Prefabs/Mittsubisi_Lancer_GSR.prefab using Guid(0c46890417ee50f4e89ccff14d280e96) Importer(815301076,1909f56bfc062723c751e8b465ee728b)  -> (artifact id: '20ed142cd5b3bce59c20a7f444802767') in 0.011268 seconds 
========================================================================
Received Import Request.
  Time since last request: 2.884418 seconds.
  path: Assets/Car/Prefabs/Mittsubisi_Lancer_GSR.prefab
  artifactKey: Guid(0c46890417ee50f4e89ccff14d280e96) Importer(815301076,1909f56bfc062723c751e8b465ee728b)
Start importing Assets/Car/Prefabs/Mittsubisi_Lancer_GSR.prefab using Guid(0c46890417ee50f4e89ccff14d280e96) Importer(815301076,1909f56bfc062723c751e8b465ee728b)  -> (artifact id: '4826c7cbaee44224112098b5afc3bfe7') in 0.010472 seconds 
========================================================================
Received Import Request.
  Time since last request: 2.754848 seconds.
  path: Assets/Car/Prefabs/Mittsubisi_Lancer_GSR.prefab
  artifactKey: Guid(0c46890417ee50f4e89ccff14d280e96) Importer(815301076,1909f56bfc062723c751e8b465ee728b)
Start importing Assets/Car/Prefabs/Mittsubisi_Lancer_GSR.prefab using Guid(0c46890417ee50f4e89ccff14d280e96) Importer(815301076,1909f56bfc062723c751e8b465ee728b)  -> (artifact id: '8d726133513a9d85913f14555c31ea27') in 0.012167 seconds 
========================================================================
Received Import Request.
  Time since last request: 2.753886 seconds.
  path: Assets/Car/Prefabs/Mittsubisi_Lancer_GSR.prefab
  artifactKey: Guid(0c46890417ee50f4e89ccff14d280e96) Importer(815301076,1909f56bfc062723c751e8b465ee728b)
Start importing Assets/Car/Prefabs/Mittsubisi_Lancer_GSR.prefab using Guid(0c46890417ee50f4e89ccff14d280e96) Importer(815301076,1909f56bfc062723c751e8b465ee728b)  -> (artifact id: '613a59b292452b4e160a1964de58b458') in 0.010953 seconds 
========================================================================
Received Import Request.
  Time since last request: 2.048493 seconds.
  path: Assets/Car/Prefabs/Mittsubisi_Lancer_GSR.prefab
  artifactKey: Guid(0c46890417ee50f4e89ccff14d280e96) Importer(815301076,1909f56bfc062723c751e8b465ee728b)
Start importing Assets/Car/Prefabs/Mittsubisi_Lancer_GSR.prefab using Guid(0c46890417ee50f4e89ccff14d280e96) Importer(815301076,1909f56bfc062723c751e8b465ee728b)  -> (artifact id: 'd947a5c2e5b4d9a20cafdf53fffc905e') in 0.009701 seconds 
========================================================================
Received Import Request.
  Time since last request: 2.246583 seconds.
  path: Assets/Car/Prefabs/Mittsubisi_Lancer_GSR.prefab
  artifactKey: Guid(0c46890417ee50f4e89ccff14d280e96) Importer(815301076,1909f56bfc062723c751e8b465ee728b)
Start importing Assets/Car/Prefabs/Mittsubisi_Lancer_GSR.prefab using Guid(0c46890417ee50f4e89ccff14d280e96) Importer(815301076,1909f56bfc062723c751e8b465ee728b)  -> (artifact id: '24226965aa0394d1bf26447f9aeba915') in 0.011073 seconds 
========================================================================
Received Import Request.
  Time since last request: 6.520410 seconds.
  path: Assets/Car/Prefabs/Mittsubisi_Lancer_GSR.prefab
  artifactKey: Guid(0c46890417ee50f4e89ccff14d280e96) Importer(815301076,1909f56bfc062723c751e8b465ee728b)
Start importing Assets/Car/Prefabs/Mittsubisi_Lancer_GSR.prefab using Guid(0c46890417ee50f4e89ccff14d280e96) Importer(815301076,1909f56bfc062723c751e8b465ee728b)  -> (artifact id: 'e97d5d8568db6ac780c40a01e6306b6a') in 0.010863 seconds 
========================================================================
Received Import Request.
  Time since last request: 8.354085 seconds.
  path: Assets/Car/Prefabs/peugeott_205.prefab
  artifactKey: Guid(8ed30a1afa878444eb55989315b9d758) Importer(815301076,1909f56bfc062723c751e8b465ee728b)
Start importing Assets/Car/Prefabs/peugeott_205.prefab using Guid(8ed30a1afa878444eb55989315b9d758) Importer(815301076,1909f56bfc062723c751e8b465ee728b)  -> (artifact id: 'e33b2cd4615acaa2462b3d4e54d55140') in 0.011996 seconds 
========================================================================
Received Import Request.
  Time since last request: 2.829211 seconds.
  path: Assets/Car/Prefabs/peugeott_205.prefab
  artifactKey: Guid(8ed30a1afa878444eb55989315b9d758) Importer(815301076,1909f56bfc062723c751e8b465ee728b)
Start importing Assets/Car/Prefabs/peugeott_205.prefab using Guid(8ed30a1afa878444eb55989315b9d758) Importer(815301076,1909f56bfc062723c751e8b465ee728b)  -> (artifact id: 'dd501e6b2e544312049dd6a877c50ff8') in 0.011853 seconds 
========================================================================
Received Import Request.
  Time since last request: 2.685919 seconds.
  path: Assets/Car/Prefabs/peugeott_205.prefab
  artifactKey: Guid(8ed30a1afa878444eb55989315b9d758) Importer(815301076,1909f56bfc062723c751e8b465ee728b)
Start importing Assets/Car/Prefabs/peugeott_205.prefab using Guid(8ed30a1afa878444eb55989315b9d758) Importer(815301076,1909f56bfc062723c751e8b465ee728b)  -> (artifact id: 'da60457d758309de545e0e46791a5475') in 0.011617 seconds 
========================================================================
Received Import Request.
  Time since last request: 2.402754 seconds.
  path: Assets/Car/Prefabs/peugeott_205.prefab
  artifactKey: Guid(8ed30a1afa878444eb55989315b9d758) Importer(815301076,1909f56bfc062723c751e8b465ee728b)
Start importing Assets/Car/Prefabs/peugeott_205.prefab using Guid(8ed30a1afa878444eb55989315b9d758) Importer(815301076,1909f56bfc062723c751e8b465ee728b)  -> (artifact id: '42cd0c1b483a08876ed20a3b6fa2efab') in 0.010310 seconds 
========================================================================
Received Import Request.
  Time since last request: 3.072530 seconds.
  path: Assets/Car/Prefabs/peugeott_205.prefab
  artifactKey: Guid(8ed30a1afa878444eb55989315b9d758) Importer(815301076,1909f56bfc062723c751e8b465ee728b)
Start importing Assets/Car/Prefabs/peugeott_205.prefab using Guid(8ed30a1afa878444eb55989315b9d758) Importer(815301076,1909f56bfc062723c751e8b465ee728b)  -> (artifact id: '75e99bb08f4f37b071f6df0527a0ad41') in 0.011173 seconds 
========================================================================
Received Import Request.
  Time since last request: 3.171624 seconds.
  path: Assets/Car/Prefabs/peugeott_205.prefab
  artifactKey: Guid(8ed30a1afa878444eb55989315b9d758) Importer(815301076,1909f56bfc062723c751e8b465ee728b)
Start importing Assets/Car/Prefabs/peugeott_205.prefab using Guid(8ed30a1afa878444eb55989315b9d758) Importer(815301076,1909f56bfc062723c751e8b465ee728b)  -> (artifact id: 'fa30228180429fa1733a0b2909565a51') in 0.011150 seconds 
========================================================================
Received Import Request.
  Time since last request: 2.779226 seconds.
  path: Assets/Car/Prefabs/peugeott_205.prefab
  artifactKey: Guid(8ed30a1afa878444eb55989315b9d758) Importer(815301076,1909f56bfc062723c751e8b465ee728b)
Start importing Assets/Car/Prefabs/peugeott_205.prefab using Guid(8ed30a1afa878444eb55989315b9d758) Importer(815301076,1909f56bfc062723c751e8b465ee728b)  -> (artifact id: '1e5f1c55928d70878e3418f118468147') in 0.011061 seconds 
========================================================================
Received Import Request.
  Time since last request: 2.983437 seconds.
  path: Assets/Car/Prefabs/peugeott_205.prefab
  artifactKey: Guid(8ed30a1afa878444eb55989315b9d758) Importer(815301076,1909f56bfc062723c751e8b465ee728b)
Start importing Assets/Car/Prefabs/peugeott_205.prefab using Guid(8ed30a1afa878444eb55989315b9d758) Importer(815301076,1909f56bfc062723c751e8b465ee728b)  -> (artifact id: '5dc3054150f3d89e22533856e8da3f85') in 0.011588 seconds 
========================================================================
Received Import Request.
  Time since last request: 7.391354 seconds.
  path: Assets/Car/Prefabs/peugeott_205.prefab
  artifactKey: Guid(8ed30a1afa878444eb55989315b9d758) Importer(815301076,1909f56bfc062723c751e8b465ee728b)
Start importing Assets/Car/Prefabs/peugeott_205.prefab using Guid(8ed30a1afa878444eb55989315b9d758) Importer(815301076,1909f56bfc062723c751e8b465ee728b)  -> (artifact id: 'b60c35f03ce227e032f0786ef37992d5') in 0.017560 seconds 
========================================================================
Received Import Request.
  Time since last request: 10.500231 seconds.
  path: Assets/Car/Prefabs/Peugiot_405_T16.prefab
  artifactKey: Guid(8e25cc09edd5f394a99b2e0e802596a9) Importer(815301076,1909f56bfc062723c751e8b465ee728b)
Start importing Assets/Car/Prefabs/Peugiot_405_T16.prefab using Guid(8e25cc09edd5f394a99b2e0e802596a9) Importer(815301076,1909f56bfc062723c751e8b465ee728b)  -> (artifact id: '0ecdd232d1670cc246ad0a64fa52516c') in 0.012003 seconds 
========================================================================
Received Import Request.
  Time since last request: 2.866858 seconds.
  path: Assets/Car/Prefabs/Peugiot_405_T16.prefab
  artifactKey: Guid(8e25cc09edd5f394a99b2e0e802596a9) Importer(815301076,1909f56bfc062723c751e8b465ee728b)
Start importing Assets/Car/Prefabs/Peugiot_405_T16.prefab using Guid(8e25cc09edd5f394a99b2e0e802596a9) Importer(815301076,1909f56bfc062723c751e8b465ee728b)  -> (artifact id: '65c2b1c56f69a327b499888e9971812b') in 0.011378 seconds 
========================================================================
Received Import Request.
  Time since last request: 2.955992 seconds.
  path: Assets/Car/Prefabs/Peugiot_405_T16.prefab
  artifactKey: Guid(8e25cc09edd5f394a99b2e0e802596a9) Importer(815301076,1909f56bfc062723c751e8b465ee728b)
Start importing Assets/Car/Prefabs/Peugiot_405_T16.prefab using Guid(8e25cc09edd5f394a99b2e0e802596a9) Importer(815301076,1909f56bfc062723c751e8b465ee728b)  -> (artifact id: '05051fb4e3a807f1b43cc6663d26bc68') in 0.013839 seconds 
========================================================================
Received Import Request.
  Time since last request: 3.518343 seconds.
  path: Assets/Car/Prefabs/Peugiot_405_T16.prefab
  artifactKey: Guid(8e25cc09edd5f394a99b2e0e802596a9) Importer(815301076,1909f56bfc062723c751e8b465ee728b)
Start importing Assets/Car/Prefabs/Peugiot_405_T16.prefab using Guid(8e25cc09edd5f394a99b2e0e802596a9) Importer(815301076,1909f56bfc062723c751e8b465ee728b)  -> (artifact id: '3f53ed243da4b2ac0bd56e0df9849df1') in 0.010976 seconds 
========================================================================
Received Import Request.
  Time since last request: 2.240019 seconds.
  path: Assets/Car/Prefabs/Peugiot_405_T16.prefab
  artifactKey: Guid(8e25cc09edd5f394a99b2e0e802596a9) Importer(815301076,1909f56bfc062723c751e8b465ee728b)
Start importing Assets/Car/Prefabs/Peugiot_405_T16.prefab using Guid(8e25cc09edd5f394a99b2e0e802596a9) Importer(815301076,1909f56bfc062723c751e8b465ee728b)  -> (artifact id: 'e04aba6d575c12897a89e546e71ef914') in 0.011036 seconds 
========================================================================
Received Import Request.
  Time since last request: 3.159680 seconds.
  path: Assets/Car/Prefabs/Peugiot_405_T16.prefab
  artifactKey: Guid(8e25cc09edd5f394a99b2e0e802596a9) Importer(815301076,1909f56bfc062723c751e8b465ee728b)
Start importing Assets/Car/Prefabs/Peugiot_405_T16.prefab using Guid(8e25cc09edd5f394a99b2e0e802596a9) Importer(815301076,1909f56bfc062723c751e8b465ee728b)  -> (artifact id: 'd1b7544fbe57d0567ef536247ceef8fa') in 0.011930 seconds 
========================================================================
Received Import Request.
  Time since last request: 2.473791 seconds.
  path: Assets/Car/Prefabs/Peugiot_405_T16.prefab
  artifactKey: Guid(8e25cc09edd5f394a99b2e0e802596a9) Importer(815301076,1909f56bfc062723c751e8b465ee728b)
Start importing Assets/Car/Prefabs/Peugiot_405_T16.prefab using Guid(8e25cc09edd5f394a99b2e0e802596a9) Importer(815301076,1909f56bfc062723c751e8b465ee728b)  -> (artifact id: '4b12aa552d069b5bb7b8858f906014a3') in 0.012657 seconds 
========================================================================
Received Import Request.
  Time since last request: 3.111123 seconds.
  path: Assets/Car/Prefabs/Peugiot_405_T16.prefab
  artifactKey: Guid(8e25cc09edd5f394a99b2e0e802596a9) Importer(815301076,1909f56bfc062723c751e8b465ee728b)
Start importing Assets/Car/Prefabs/Peugiot_405_T16.prefab using Guid(8e25cc09edd5f394a99b2e0e802596a9) Importer(815301076,1909f56bfc062723c751e8b465ee728b)  -> (artifact id: 'd4a3040ef7942e72d0bac8b25f9cb913') in 0.010513 seconds 
========================================================================
Received Import Request.
  Time since last request: 3.295745 seconds.
  path: Assets/Car/Prefabs/Peugiot_405_T16.prefab
  artifactKey: Guid(8e25cc09edd5f394a99b2e0e802596a9) Importer(815301076,1909f56bfc062723c751e8b465ee728b)
Start importing Assets/Car/Prefabs/Peugiot_405_T16.prefab using Guid(8e25cc09edd5f394a99b2e0e802596a9) Importer(815301076,1909f56bfc062723c751e8b465ee728b)  -> (artifact id: '9d90ae8b72052172cc460c17c243bf17') in 0.010495 seconds 
========================================================================
Received Import Request.
  Time since last request: 44.757271 seconds.
  path: Assets/Car/Prefabs/Toyotta_Celicca_GT.prefab
  artifactKey: Guid(6641eee37a124604d8b604928849579f) Importer(815301076,1909f56bfc062723c751e8b465ee728b)
Start importing Assets/Car/Prefabs/Toyotta_Celicca_GT.prefab using Guid(6641eee37a124604d8b604928849579f) Importer(815301076,1909f56bfc062723c751e8b465ee728b)  -> (artifact id: 'ee9833dbc8d2fb561fca6d16d6f67ceb') in 0.011442 seconds 
========================================================================
Received Import Request.
  Time since last request: 11.655089 seconds.
  path: Assets/Car/Prefabs/Toyotta_Celicca_GT.prefab
  artifactKey: Guid(6641eee37a124604d8b604928849579f) Importer(815301076,1909f56bfc062723c751e8b465ee728b)
Start importing Assets/Car/Prefabs/Toyotta_Celicca_GT.prefab using Guid(6641eee37a124604d8b604928849579f) Importer(815301076,1909f56bfc062723c751e8b465ee728b)  -> (artifact id: '327608400d708e7598284876d359cc29') in 0.010564 seconds 
========================================================================
Received Import Request.
  Time since last request: 4.548935 seconds.
  path: Assets/Car/Prefabs/Toyotta_Celicca_GT.prefab
  artifactKey: Guid(6641eee37a124604d8b604928849579f) Importer(815301076,1909f56bfc062723c751e8b465ee728b)
Start importing Assets/Car/Prefabs/Toyotta_Celicca_GT.prefab using Guid(6641eee37a124604d8b604928849579f) Importer(815301076,1909f56bfc062723c751e8b465ee728b)  -> (artifact id: '9b1df7eaf92ff608af7e6c8099a514d8') in 0.011921 seconds 
========================================================================
Received Import Request.
  Time since last request: 2.862829 seconds.
  path: Assets/Car/Prefabs/Toyotta_Celicca_GT.prefab
  artifactKey: Guid(6641eee37a124604d8b604928849579f) Importer(815301076,1909f56bfc062723c751e8b465ee728b)
Start importing Assets/Car/Prefabs/Toyotta_Celicca_GT.prefab using Guid(6641eee37a124604d8b604928849579f) Importer(815301076,1909f56bfc062723c751e8b465ee728b)  -> (artifact id: '9dd45fded83fa9f81c6cf04fa7fe8401') in 0.010470 seconds 
========================================================================
Received Import Request.
  Time since last request: 3.074213 seconds.
  path: Assets/Car/Prefabs/Toyotta_Celicca_GT.prefab
  artifactKey: Guid(6641eee37a124604d8b604928849579f) Importer(815301076,1909f56bfc062723c751e8b465ee728b)
Start importing Assets/Car/Prefabs/Toyotta_Celicca_GT.prefab using Guid(6641eee37a124604d8b604928849579f) Importer(815301076,1909f56bfc062723c751e8b465ee728b)  -> (artifact id: 'f3497b63389a45e060916a013db4b5ca') in 0.012755 seconds 
========================================================================
Received Import Request.
  Time since last request: 4.340180 seconds.
  path: Assets/Car/Prefabs/Toyotta_Celicca_GT.prefab
  artifactKey: Guid(6641eee37a124604d8b604928849579f) Importer(815301076,1909f56bfc062723c751e8b465ee728b)
Start importing Assets/Car/Prefabs/Toyotta_Celicca_GT.prefab using Guid(6641eee37a124604d8b604928849579f) Importer(815301076,1909f56bfc062723c751e8b465ee728b)  -> (artifact id: '86fe23aabad261011271f796b96169de') in 0.011289 seconds 
========================================================================
Received Import Request.
  Time since last request: 4.481247 seconds.
  path: Assets/Car/Prefabs/Toyotta_Celicca_GT.prefab
  artifactKey: Guid(6641eee37a124604d8b604928849579f) Importer(815301076,1909f56bfc062723c751e8b465ee728b)
Start importing Assets/Car/Prefabs/Toyotta_Celicca_GT.prefab using Guid(6641eee37a124604d8b604928849579f) Importer(815301076,1909f56bfc062723c751e8b465ee728b)  -> (artifact id: '9d64b1dc8eef8c890dea20d2a76873c9') in 0.011148 seconds 
========================================================================
Received Import Request.
  Time since last request: 5.343717 seconds.
  path: Assets/Car/Prefabs/Toyotta_Celicca_GT.prefab
  artifactKey: Guid(6641eee37a124604d8b604928849579f) Importer(815301076,1909f56bfc062723c751e8b465ee728b)
Start importing Assets/Car/Prefabs/Toyotta_Celicca_GT.prefab using Guid(6641eee37a124604d8b604928849579f) Importer(815301076,1909f56bfc062723c751e8b465ee728b)  -> (artifact id: '5f8ae83cc9f92f7f24937a8fad79ac21') in 0.011047 seconds 
========================================================================
Received Import Request.
  Time since last request: 4.460217 seconds.
  path: Assets/Car/Prefabs/Toyotta_Celicca_GT.prefab
  artifactKey: Guid(6641eee37a124604d8b604928849579f) Importer(815301076,1909f56bfc062723c751e8b465ee728b)
Start importing Assets/Car/Prefabs/Toyotta_Celicca_GT.prefab using Guid(6641eee37a124604d8b604928849579f) Importer(815301076,1909f56bfc062723c751e8b465ee728b)  -> (artifact id: '3915372d8aed4e0f9fcc468cb135a080') in 0.010388 seconds 
========================================================================
Received Prepare
Registering precompiled user dll's ...
Registered in 0.004078 seconds.
Begin MonoManager ReloadAssembly
Symbol file LoadedFromMemory doesn't match image D:\Projects\track-racing\Road\Library\PackageCache\com.unity.visualscripting@1.8.0\Editor\VisualScripting.Core\Dependencies\YamlDotNet\Unity.VisualScripting.YamlDotNet.dll
Symbol file LoadedFromMemory doesn't match image D:\Projects\track-racing\Road\Library\PackageCache\com.unity.visualscripting@1.8.0\Editor\VisualScripting.Core\Dependencies\DotNetZip\Unity.VisualScripting.IonicZip.dll
Native extension for WindowsStandalone target not found
Refreshing native plugins compatible for Editor in 0.61 ms, found 3 plugins.
Preloading 0 native plugins for Editor in 0.00 ms.
Mono: successfully reloaded assembly
- Completed reload, in  0.978 seconds
Domain Reload Profiling:
	ReloadAssembly (978ms)
		BeginReloadAssembly (146ms)
			ExecutionOrderSort (0ms)
			DisableScriptedObjects (4ms)
			BackupInstance (0ms)
			ReleaseScriptingObjects (0ms)
			CreateAndSetChildDomain (42ms)
		EndReloadAssembly (737ms)
			LoadAssemblies (90ms)
			RebuildTransferFunctionScriptingTraits (0ms)
			SetupTypeCache (277ms)
			ReleaseScriptCaches (1ms)
			RebuildScriptCaches (47ms)
			SetupLoadedEditorAssemblies (294ms)
				LogAssemblyErrors (0ms)
				InitializePlatformSupportModulesInManaged (5ms)
				SetLoadedEditorAssemblies (0ms)
				RefreshPlugins (1ms)
				BeforeProcessingInitializeOnLoad (54ms)
				ProcessInitializeOnLoadAttributes (211ms)
				ProcessInitializeOnLoadMethodAttributes (20ms)
				AfterProcessingInitializeOnLoad (3ms)
				EditorAssembliesLoaded (0ms)
			ExecutionOrderSort2 (0ms)
			AwakeInstancesAfterBackupRestoration (7ms)
Platform modules already initialized, skipping
Refreshing native plugins compatible for Editor in 1.78 ms, found 3 plugins.
Preloading 0 native plugins for Editor in 0.00 ms.
Unloading 3083 Unused Serialized files (Serialized files now loaded: 0)
Unloading 17 unused Assets / (81.4 KB). Loaded Objects now: 3587.
Memory consumption went from 127.5 MB to 127.4 MB.
Total: 3.172000 ms (FindLiveObjects: 0.281200 ms CreateObjectMapping: 0.080700 ms MarkObjects: 2.692300 ms  DeleteObjects: 0.116500 ms)

AssetImportParameters requested are different than current active one (requested -> active):
  custom:video-decoder-ogg-theora: a1e56fd34408186e4bbccfd4996cb3dc -> 
  custom:container-muxer-webm: aa71ff27fc2769a1b78a27578f13a17b -> 
  custom:container-demuxer-webm: 4f35f7cbe854078d1ac9338744f61a02 -> 
  custom:video-encoder-webm-vp8: eb34c28f22e8b96e1ab97ce403110664 -> 
  custom:video-codec-MediaFoundation-h265: 746d11721c4dcdbdad8f713fa42b33f4 -> 
  custom:audio-encoder-webm-vorbis: bf7c407c2cedff20999df2af8eb42d56 -> 
  custom:framework-win-MediaFoundation: 216162199b28c13a410421893ffa2e32 -> 
  custom:container-demuxer-ogg: 62fdf1f143b41e24485cea50d1cbac27 -> 
  custom:video-decoder-webm-vp8: 9c59270c3fd7afecdb556c50c9e8de78 -> 
  custom:audio-decoder-ogg-vorbis: bf7c407c2cedff20999df2af8eb42d56 -> 
========================================================================
Received Prepare
Registering precompiled user dll's ...
Registered in 0.003312 seconds.
Begin MonoManager ReloadAssembly
Symbol file LoadedFromMemory doesn't match image D:\Projects\track-racing\Road\Library\PackageCache\com.unity.visualscripting@1.8.0\Editor\VisualScripting.Core\Dependencies\YamlDotNet\Unity.VisualScripting.YamlDotNet.dll
Symbol file LoadedFromMemory doesn't match image D:\Projects\track-racing\Road\Library\PackageCache\com.unity.visualscripting@1.8.0\Editor\VisualScripting.Core\Dependencies\DotNetZip\Unity.VisualScripting.IonicZip.dll
Native extension for WindowsStandalone target not found
Refreshing native plugins compatible for Editor in 0.74 ms, found 3 plugins.
Preloading 0 native plugins for Editor in 0.00 ms.
Mono: successfully reloaded assembly
- Completed reload, in  0.976 seconds
Domain Reload Profiling:
	ReloadAssembly (977ms)
		BeginReloadAssembly (159ms)
			ExecutionOrderSort (0ms)
			DisableScriptedObjects (6ms)
			BackupInstance (0ms)
			ReleaseScriptingObjects (0ms)
			CreateAndSetChildDomain (36ms)
		EndReloadAssembly (724ms)
			LoadAssemblies (102ms)
			RebuildTransferFunctionScriptingTraits (0ms)
			SetupTypeCache (269ms)
			ReleaseScriptCaches (1ms)
			RebuildScriptCaches (43ms)
			SetupLoadedEditorAssemblies (290ms)
				LogAssemblyErrors (0ms)
				InitializePlatformSupportModulesInManaged (4ms)
				SetLoadedEditorAssemblies (1ms)
				RefreshPlugins (1ms)
				BeforeProcessingInitializeOnLoad (60ms)
				ProcessInitializeOnLoadAttributes (199ms)
				ProcessInitializeOnLoadMethodAttributes (23ms)
				AfterProcessingInitializeOnLoad (3ms)
				EditorAssembliesLoaded (0ms)
			ExecutionOrderSort2 (0ms)
			AwakeInstancesAfterBackupRestoration (10ms)
Platform modules already initialized, skipping
Refreshing native plugins compatible for Editor in 1.52 ms, found 3 plugins.
Preloading 0 native plugins for Editor in 0.00 ms.
Unloading 3083 Unused Serialized files (Serialized files now loaded: 0)
Unloading 17 unused Assets / (81.5 KB). Loaded Objects now: 3590.
Memory consumption went from 127.5 MB to 127.4 MB.
Total: 3.450200 ms (FindLiveObjects: 0.268300 ms CreateObjectMapping: 0.076500 ms MarkObjects: 2.983600 ms  DeleteObjects: 0.120600 ms)

AssetImportParameters requested are different than current active one (requested -> active):
  custom:video-decoder-ogg-theora: a1e56fd34408186e4bbccfd4996cb3dc -> 
  custom:container-muxer-webm: aa71ff27fc2769a1b78a27578f13a17b -> 
  custom:container-demuxer-webm: 4f35f7cbe854078d1ac9338744f61a02 -> 
  custom:video-encoder-webm-vp8: eb34c28f22e8b96e1ab97ce403110664 -> 
  custom:video-codec-MediaFoundation-h265: 746d11721c4dcdbdad8f713fa42b33f4 -> 
  custom:audio-encoder-webm-vorbis: bf7c407c2cedff20999df2af8eb42d56 -> 
  custom:framework-win-MediaFoundation: 216162199b28c13a410421893ffa2e32 -> 
  custom:container-demuxer-ogg: 62fdf1f143b41e24485cea50d1cbac27 -> 
  custom:video-decoder-webm-vp8: 9c59270c3fd7afecdb556c50c9e8de78 -> 
  custom:audio-decoder-ogg-vorbis: bf7c407c2cedff20999df2af8eb42d56 -> 
========================================================================
Received Import Request.
  Time since last request: 127.721547 seconds.
  path: Assets/Scenes/MainScene.unity
  artifactKey: Guid(9fc0d4010bbf28b4594072e72b8655ab) Importer(815301076,1909f56bfc062723c751e8b465ee728b)
Start importing Assets/Scenes/MainScene.unity using Guid(9fc0d4010bbf28b4594072e72b8655ab) Importer(815301076,1909f56bfc062723c751e8b465ee728b)  -> (artifact id: '98c2c9c9b8555e866767a7efdab29cb9') in 0.007477 seconds 
========================================================================
Received Prepare
Registering precompiled user dll's ...
Registered in 0.004058 seconds.
Begin MonoManager ReloadAssembly
Symbol file LoadedFromMemory doesn't match image D:\Projects\track-racing\Road\Library\PackageCache\com.unity.visualscripting@1.8.0\Editor\VisualScripting.Core\Dependencies\YamlDotNet\Unity.VisualScripting.YamlDotNet.dll
Symbol file LoadedFromMemory doesn't match image D:\Projects\track-racing\Road\Library\PackageCache\com.unity.visualscripting@1.8.0\Editor\VisualScripting.Core\Dependencies\DotNetZip\Unity.VisualScripting.IonicZip.dll
Native extension for WindowsStandalone target not found
Refreshing native plugins compatible for Editor in 0.69 ms, found 3 plugins.
Preloading 0 native plugins for Editor in 0.00 ms.
Mono: successfully reloaded assembly
- Completed reload, in  1.008 seconds
Domain Reload Profiling:
	ReloadAssembly (1009ms)
		BeginReloadAssembly (159ms)
			ExecutionOrderSort (0ms)
			DisableScriptedObjects (5ms)
			BackupInstance (0ms)
			ReleaseScriptingObjects (0ms)
			CreateAndSetChildDomain (39ms)
		EndReloadAssembly (757ms)
			LoadAssemblies (105ms)
			RebuildTransferFunctionScriptingTraits (0ms)
			SetupTypeCache (283ms)
			ReleaseScriptCaches (1ms)
			RebuildScriptCaches (47ms)
			SetupLoadedEditorAssemblies (303ms)
				LogAssemblyErrors (0ms)
				InitializePlatformSupportModulesInManaged (5ms)
				SetLoadedEditorAssemblies (1ms)
				RefreshPlugins (1ms)
				BeforeProcessingInitializeOnLoad (61ms)
				ProcessInitializeOnLoadAttributes (213ms)
				ProcessInitializeOnLoadMethodAttributes (20ms)
				AfterProcessingInitializeOnLoad (3ms)
				EditorAssembliesLoaded (0ms)
			ExecutionOrderSort2 (0ms)
			AwakeInstancesAfterBackupRestoration (7ms)
Platform modules already initialized, skipping
Refreshing native plugins compatible for Editor in 1.38 ms, found 3 plugins.
Preloading 0 native plugins for Editor in 0.00 ms.
Unloading 3083 Unused Serialized files (Serialized files now loaded: 0)
Unloading 17 unused Assets / (81.6 KB). Loaded Objects now: 3593.
Memory consumption went from 127.5 MB to 127.4 MB.
Total: 3.005900 ms (FindLiveObjects: 0.255600 ms CreateObjectMapping: 0.084700 ms MarkObjects: 2.528000 ms  DeleteObjects: 0.136200 ms)

AssetImportParameters requested are different than current active one (requested -> active):
  custom:video-decoder-ogg-theora: a1e56fd34408186e4bbccfd4996cb3dc -> 
  custom:container-muxer-webm: aa71ff27fc2769a1b78a27578f13a17b -> 
  custom:container-demuxer-webm: 4f35f7cbe854078d1ac9338744f61a02 -> 
  custom:video-encoder-webm-vp8: eb34c28f22e8b96e1ab97ce403110664 -> 
  custom:video-codec-MediaFoundation-h265: 746d11721c4dcdbdad8f713fa42b33f4 -> 
  custom:audio-encoder-webm-vorbis: bf7c407c2cedff20999df2af8eb42d56 -> 
  custom:framework-win-MediaFoundation: 216162199b28c13a410421893ffa2e32 -> 
  custom:container-demuxer-ogg: 62fdf1f143b41e24485cea50d1cbac27 -> 
  custom:video-decoder-webm-vp8: 9c59270c3fd7afecdb556c50c9e8de78 -> 
  custom:audio-decoder-ogg-vorbis: bf7c407c2cedff20999df2af8eb42d56 -> 
========================================================================
Received Prepare
Registering precompiled user dll's ...
Registered in 0.002708 seconds.
Begin MonoManager ReloadAssembly
Symbol file LoadedFromMemory doesn't match image D:\Projects\track-racing\Road\Library\PackageCache\com.unity.visualscripting@1.8.0\Editor\VisualScripting.Core\Dependencies\YamlDotNet\Unity.VisualScripting.YamlDotNet.dll
Symbol file LoadedFromMemory doesn't match image D:\Projects\track-racing\Road\Library\PackageCache\com.unity.visualscripting@1.8.0\Editor\VisualScripting.Core\Dependencies\DotNetZip\Unity.VisualScripting.IonicZip.dll
Native extension for WindowsStandalone target not found
Refreshing native plugins compatible for Editor in 0.65 ms, found 3 plugins.
Preloading 0 native plugins for Editor in 0.00 ms.
Mono: successfully reloaded assembly
- Completed reload, in  0.989 seconds
Domain Reload Profiling:
	ReloadAssembly (990ms)
		BeginReloadAssembly (150ms)
			ExecutionOrderSort (0ms)
			DisableScriptedObjects (5ms)
			BackupInstance (0ms)
			ReleaseScriptingObjects (0ms)
			CreateAndSetChildDomain (38ms)
		EndReloadAssembly (742ms)
			LoadAssemblies (103ms)
			RebuildTransferFunctionScriptingTraits (0ms)
			SetupTypeCache (283ms)
			ReleaseScriptCaches (2ms)
			RebuildScriptCaches (48ms)
			SetupLoadedEditorAssemblies (284ms)
				LogAssemblyErrors (0ms)
				InitializePlatformSupportModulesInManaged (5ms)
				SetLoadedEditorAssemblies (0ms)
				RefreshPlugins (1ms)
				BeforeProcessingInitializeOnLoad (54ms)
				ProcessInitializeOnLoadAttributes (199ms)
				ProcessInitializeOnLoadMethodAttributes (22ms)
				AfterProcessingInitializeOnLoad (2ms)
				EditorAssembliesLoaded (0ms)
			ExecutionOrderSort2 (0ms)
			AwakeInstancesAfterBackupRestoration (5ms)
Platform modules already initialized, skipping
Refreshing native plugins compatible for Editor in 1.82 ms, found 3 plugins.
Preloading 0 native plugins for Editor in 0.00 ms.
Unloading 3083 Unused Serialized files (Serialized files now loaded: 0)
Unloading 17 unused Assets / (81.6 KB). Loaded Objects now: 3596.
Memory consumption went from 127.5 MB to 127.4 MB.
Total: 3.095200 ms (FindLiveObjects: 0.361000 ms CreateObjectMapping: 0.093000 ms MarkObjects: 2.521600 ms  DeleteObjects: 0.118000 ms)

AssetImportParameters requested are different than current active one (requested -> active):
  custom:video-decoder-ogg-theora: a1e56fd34408186e4bbccfd4996cb3dc -> 
  custom:container-muxer-webm: aa71ff27fc2769a1b78a27578f13a17b -> 
  custom:container-demuxer-webm: 4f35f7cbe854078d1ac9338744f61a02 -> 
  custom:video-encoder-webm-vp8: eb34c28f22e8b96e1ab97ce403110664 -> 
  custom:video-codec-MediaFoundation-h265: 746d11721c4dcdbdad8f713fa42b33f4 -> 
  custom:audio-encoder-webm-vorbis: bf7c407c2cedff20999df2af8eb42d56 -> 
  custom:framework-win-MediaFoundation: 216162199b28c13a410421893ffa2e32 -> 
  custom:container-demuxer-ogg: 62fdf1f143b41e24485cea50d1cbac27 -> 
  custom:video-decoder-webm-vp8: 9c59270c3fd7afecdb556c50c9e8de78 -> 
  custom:audio-decoder-ogg-vorbis: bf7c407c2cedff20999df2af8eb42d56 -> 
