Using pre-set license
Built from '2021.3/staging' branch; Version is '2021.3.21f1 (1b156197d683) revision 1774945'; Using compiler version '192829333'; Build Type 'Release'
OS: 'Windows 11  (10.0.22621) 64bit Core' Language: 'ru' Physical Memory: 15741 MB
BatchMode: 1, IsHumanControllingUs: 0, StartBugReporterOnCrash: 0, Is64bit: 1, IsPro: 1

COMMAND LINE ARGUMENTS:
D:\Soft\Unity Hub\Version\2021.3.21f1\Editor\Unity.exe
-adb2
-batchMode
-noUpm
-name
AssetImportWorker9
-projectPath
D:/Projects/track-racing/Road
-logFile
Logs/AssetImportWorker9.log
-srvPort
54122
Successfully changed project path to: D:/Projects/track-racing/Road
D:/Projects/track-racing/Road
[UnityMemory] Configuration Parameters - Can be set up in boot.config
    "memorysetup-bucket-allocator-granularity=16"
    "memorysetup-bucket-allocator-bucket-count=8"
    "memorysetup-bucket-allocator-block-size=33554432"
    "memorysetup-bucket-allocator-block-count=8"
    "memorysetup-main-allocator-block-size=16777216"
    "memorysetup-thread-allocator-block-size=16777216"
    "memorysetup-gfx-main-allocator-block-size=16777216"
    "memorysetup-gfx-thread-allocator-block-size=16777216"
    "memorysetup-cache-allocator-block-size=4194304"
    "memorysetup-typetree-allocator-block-size=2097152"
    "memorysetup-profiler-bucket-allocator-granularity=16"
    "memorysetup-profiler-bucket-allocator-bucket-count=8"
    "memorysetup-profiler-bucket-allocator-block-size=33554432"
    "memorysetup-profiler-bucket-allocator-block-count=8"
    "memorysetup-profiler-allocator-block-size=16777216"
    "memorysetup-profiler-editor-allocator-block-size=1048576"
    "memorysetup-temp-allocator-size-main=16777216"
    "memorysetup-job-temp-allocator-block-size=2097152"
    "memorysetup-job-temp-allocator-block-size-background=1048576"
    "memorysetup-job-temp-allocator-reduction-small-platforms=262144"
    "memorysetup-temp-allocator-size-background-worker=32768"
    "memorysetup-temp-allocator-size-job-worker=262144"
    "memorysetup-temp-allocator-size-preload-manager=33554432"
    "memorysetup-temp-allocator-size-nav-mesh-worker=65536"
    "memorysetup-temp-allocator-size-audio-worker=65536"
    "memorysetup-temp-allocator-size-cloud-worker=32768"
    "memorysetup-temp-allocator-size-gi-baking-worker=262144"
    "memorysetup-temp-allocator-size-gfx=262144"
Player connection [31380] Host "[IP] 192.168.56.1 [Port] 0 [Flags] 2 [Guid] 649460594 [EditorId] 649460594 [Version] 1048832 [Id] WindowsEditor(7,t3rixis) [Debug] 1 [PackageName] WindowsEditor [ProjectName] Editor" joined multi-casting on [225.0.0.222:54997]...

Player connection [31380] Host "[IP] 192.168.56.1 [Port] 0 [Flags] 2 [Guid] 649460594 [EditorId] 649460594 [Version] 1048832 [Id] WindowsEditor(7,t3rixis) [Debug] 1 [PackageName] WindowsEditor [ProjectName] Editor" joined alternative multi-casting on [225.0.0.222:34997]...

Refreshing native plugins compatible for Editor in 81.32 ms, found 3 plugins.
Preloading 0 native plugins for Editor in 0.00 ms.
Initialize engine version: 2021.3.21f1 (1b156197d683)
[Subsystems] Discovering subsystems at path D:/Soft/Unity Hub/Version/2021.3.21f1/Editor/Data/Resources/UnitySubsystems
[Subsystems] Discovering subsystems at path D:/Projects/track-racing/Road/Assets
GfxDevice: creating device client; threaded=0; jobified=0
Direct3D:
    Version:  Direct3D 11.0 [level 11.1]
    Renderer: NVIDIA GeForce GTX 1650 (ID=0x1f99)
    Vendor:   NVIDIA
    VRAM:     3950 MB
    Driver:   31.0.15.3623
Initialize mono
Mono path[0] = 'D:/Soft/Unity Hub/Version/2021.3.21f1/Editor/Data/Managed'
Mono path[1] = 'D:/Soft/Unity Hub/Version/2021.3.21f1/Editor/Data/MonoBleedingEdge/lib/mono/unityjit-win32'
Mono config path = 'D:/Soft/Unity Hub/Version/2021.3.21f1/Editor/Data/MonoBleedingEdge/etc'
Using monoOptions --debugger-agent=transport=dt_socket,embedding=1,server=y,suspend=n,address=127.0.0.1:56392
Begin MonoManager ReloadAssembly
Registering precompiled unity dll's ...
Register platform support module: D:/Soft/Unity Hub/Version/2021.3.21f1/Editor/Data/PlaybackEngines/WindowsStandaloneSupport/UnityEditor.WindowsStandalone.Extensions.dll
Registered in 0.002238 seconds.
Native extension for WindowsStandalone target not found
Refreshing native plugins compatible for Editor in 80.07 ms, found 3 plugins.
Preloading 0 native plugins for Editor in 0.00 ms.
Mono: successfully reloaded assembly
- Completed reload, in  0.861 seconds
Domain Reload Profiling:
	ReloadAssembly (861ms)
		BeginReloadAssembly (89ms)
			ExecutionOrderSort (0ms)
			DisableScriptedObjects (0ms)
			BackupInstance (0ms)
			ReleaseScriptingObjects (0ms)
			CreateAndSetChildDomain (1ms)
		EndReloadAssembly (664ms)
			LoadAssemblies (89ms)
			RebuildTransferFunctionScriptingTraits (0ms)
			SetupTypeCache (326ms)
			ReleaseScriptCaches (0ms)
			RebuildScriptCaches (28ms)
			SetupLoadedEditorAssemblies (263ms)
				LogAssemblyErrors (0ms)
				InitializePlatformSupportModulesInManaged (7ms)
				SetLoadedEditorAssemblies (0ms)
				RefreshPlugins (80ms)
				BeforeProcessingInitializeOnLoad (1ms)
				ProcessInitializeOnLoadAttributes (129ms)
				ProcessInitializeOnLoadMethodAttributes (45ms)
				AfterProcessingInitializeOnLoad (0ms)
				EditorAssembliesLoaded (0ms)
			ExecutionOrderSort2 (0ms)
			AwakeInstancesAfterBackupRestoration (0ms)
Platform modules already initialized, skipping
Registering precompiled user dll's ...
Registered in 0.004549 seconds.
Begin MonoManager ReloadAssembly
Symbol file LoadedFromMemory doesn't match image D:\Projects\track-racing\Road\Library\PackageCache\com.unity.visualscripting@1.8.0\Editor\VisualScripting.Core\Dependencies\YamlDotNet\Unity.VisualScripting.YamlDotNet.dll
Symbol file LoadedFromMemory doesn't match image D:\Projects\track-racing\Road\Library\PackageCache\com.unity.visualscripting@1.8.0\Editor\VisualScripting.Core\Dependencies\DotNetZip\Unity.VisualScripting.IonicZip.dll
Native extension for WindowsStandalone target not found
Refreshing native plugins compatible for Editor in 0.63 ms, found 3 plugins.
Preloading 0 native plugins for Editor in 0.00 ms.
Mono: successfully reloaded assembly
- Completed reload, in  1.174 seconds
Domain Reload Profiling:
	ReloadAssembly (1175ms)
		BeginReloadAssembly (123ms)
			ExecutionOrderSort (0ms)
			DisableScriptedObjects (7ms)
			BackupInstance (0ms)
			ReleaseScriptingObjects (0ms)
			CreateAndSetChildDomain (20ms)
		EndReloadAssembly (948ms)
			LoadAssemblies (89ms)
			RebuildTransferFunctionScriptingTraits (0ms)
			SetupTypeCache (268ms)
			ReleaseScriptCaches (1ms)
			RebuildScriptCaches (212ms)
			SetupLoadedEditorAssemblies (339ms)
				LogAssemblyErrors (0ms)
				InitializePlatformSupportModulesInManaged (4ms)
				SetLoadedEditorAssemblies (0ms)
				RefreshPlugins (1ms)
				BeforeProcessingInitializeOnLoad (72ms)
				ProcessInitializeOnLoadAttributes (242ms)
				ProcessInitializeOnLoadMethodAttributes (18ms)
				AfterProcessingInitializeOnLoad (2ms)
				EditorAssembliesLoaded (0ms)
			ExecutionOrderSort2 (0ms)
			AwakeInstancesAfterBackupRestoration (5ms)
Platform modules already initialized, skipping
========================================================================
Worker process is ready to serve import requests
Launched and connected shader compiler UnityShaderCompiler.exe after 0.05 seconds
Refreshing native plugins compatible for Editor in 0.59 ms, found 3 plugins.
Preloading 0 native plugins for Editor in 0.00 ms.
Unloading 3093 Unused Serialized files (Serialized files now loaded: 0)
Unloading 24 unused Assets / (114.4 KB). Loaded Objects now: 3576.
Memory consumption went from 123.5 MB to 123.4 MB.
Total: 3.358400 ms (FindLiveObjects: 0.377300 ms CreateObjectMapping: 0.143200 ms MarkObjects: 2.700400 ms  DeleteObjects: 0.135400 ms)

AssetImportParameters requested are different than current active one (requested -> active):
  custom:video-decoder-ogg-theora: a1e56fd34408186e4bbccfd4996cb3dc -> 
  custom:container-muxer-webm: aa71ff27fc2769a1b78a27578f13a17b -> 
  custom:container-demuxer-webm: 4f35f7cbe854078d1ac9338744f61a02 -> 
  custom:video-encoder-webm-vp8: eb34c28f22e8b96e1ab97ce403110664 -> 
  custom:video-codec-MediaFoundation-h265: 746d11721c4dcdbdad8f713fa42b33f4 -> 
  custom:audio-encoder-webm-vorbis: bf7c407c2cedff20999df2af8eb42d56 -> 
  custom:framework-win-MediaFoundation: 216162199b28c13a410421893ffa2e32 -> 
  custom:container-demuxer-ogg: 62fdf1f143b41e24485cea50d1cbac27 -> 
  custom:video-decoder-webm-vp8: 9c59270c3fd7afecdb556c50c9e8de78 -> 
  custom:audio-decoder-ogg-vorbis: bf7c407c2cedff20999df2af8eb42d56 -> 
========================================================================
Received Import Request.
  Time since last request: 1396281.983083 seconds.
  path: Assets/Car/Prefabs/Lanncia_Stratoss_Group_4.prefab
  artifactKey: Guid(d9385a8bb3cdea840807f0f1c0c426ed) Importer(815301076,1909f56bfc062723c751e8b465ee728b)
Start importing Assets/Car/Prefabs/Lanncia_Stratoss_Group_4.prefab using Guid(d9385a8bb3cdea840807f0f1c0c426ed) Importer(815301076,1909f56bfc062723c751e8b465ee728b)  -> (artifact id: '9f413df7c5df8ac7c648d7784e5960b8') in 0.159438 seconds 
========================================================================
Received Import Request.
  Time since last request: 1.526816 seconds.
  path: Assets/Car/Prefabs/Lanncia_Stratoss_Group_4.prefab
  artifactKey: Guid(d9385a8bb3cdea840807f0f1c0c426ed) Importer(815301076,1909f56bfc062723c751e8b465ee728b)
Start importing Assets/Car/Prefabs/Lanncia_Stratoss_Group_4.prefab using Guid(d9385a8bb3cdea840807f0f1c0c426ed) Importer(815301076,1909f56bfc062723c751e8b465ee728b)  -> (artifact id: '6232ee766e27635e3df83dd8ce213661') in 0.014525 seconds 
========================================================================
Received Import Request.
  Time since last request: 0.000047 seconds.
  path: Assets/Car/Prefabs/peugeott_205.prefab
  artifactKey: Guid(8ed30a1afa878444eb55989315b9d758) Importer(815301076,1909f56bfc062723c751e8b465ee728b)
Start importing Assets/Car/Prefabs/peugeott_205.prefab using Guid(8ed30a1afa878444eb55989315b9d758) Importer(815301076,1909f56bfc062723c751e8b465ee728b)  -> (artifact id: 'db300faf999dc1b4dc2fb26ea6910e09') in 0.015370 seconds 
========================================================================
Received Import Request.
  Time since last request: 0.000023 seconds.
  path: Assets/Car/Prefabs/Peugiot_405_T16.prefab
  artifactKey: Guid(8e25cc09edd5f394a99b2e0e802596a9) Importer(815301076,1909f56bfc062723c751e8b465ee728b)
Start importing Assets/Car/Prefabs/Peugiot_405_T16.prefab using Guid(8e25cc09edd5f394a99b2e0e802596a9) Importer(815301076,1909f56bfc062723c751e8b465ee728b)  -> (artifact id: '78991230d9c3af72345ae3b4d35910a7') in 0.014183 seconds 
========================================================================
Received Import Request.
  Time since last request: 2.808333 seconds.
  path: Assets/Car/Prefabs/Mittsubisi_Lancer_GSR.prefab
  artifactKey: Guid(0c46890417ee50f4e89ccff14d280e96) Importer(815301076,1909f56bfc062723c751e8b465ee728b)
Start importing Assets/Car/Prefabs/Mittsubisi_Lancer_GSR.prefab using Guid(0c46890417ee50f4e89ccff14d280e96) Importer(815301076,1909f56bfc062723c751e8b465ee728b)  -> (artifact id: 'c5bf4833e28f8746cc09e93f62064d91') in 0.016128 seconds 
========================================================================
Received Import Request.
  Time since last request: 0.000049 seconds.
  path: Assets/Car/Prefabs/peugeott_205.prefab
  artifactKey: Guid(8ed30a1afa878444eb55989315b9d758) Importer(815301076,1909f56bfc062723c751e8b465ee728b)
Start importing Assets/Car/Prefabs/peugeott_205.prefab using Guid(8ed30a1afa878444eb55989315b9d758) Importer(815301076,1909f56bfc062723c751e8b465ee728b)  -> (artifact id: '80c42e13acacef3ee53fe3bf060bd8aa') in 0.012892 seconds 
========================================================================
Received Import Request.
  Time since last request: 5.077144 seconds.
  path: Assets/Car/Prefabs/Lanncia_Stratoss_Group_4.prefab
  artifactKey: Guid(d9385a8bb3cdea840807f0f1c0c426ed) Importer(815301076,1909f56bfc062723c751e8b465ee728b)
Start importing Assets/Car/Prefabs/Lanncia_Stratoss_Group_4.prefab using Guid(d9385a8bb3cdea840807f0f1c0c426ed) Importer(815301076,1909f56bfc062723c751e8b465ee728b)  -> (artifact id: '0691fe692b85b2769d6e95418912715f') in 0.012986 seconds 
========================================================================
Received Import Request.
  Time since last request: 0.000030 seconds.
  path: Assets/Car/Prefabs/Toyotta_Celicca_GT.prefab
  artifactKey: Guid(6641eee37a124604d8b604928849579f) Importer(815301076,1909f56bfc062723c751e8b465ee728b)
Start importing Assets/Car/Prefabs/Toyotta_Celicca_GT.prefab using Guid(6641eee37a124604d8b604928849579f) Importer(815301076,1909f56bfc062723c751e8b465ee728b)  -> (artifact id: '16c8e0be8148bf7371618a48df81fac3') in 0.014734 seconds 
Editor requested this worker to shutdown with reason: Scaling down because of idle timeout
AssetImportWorker is now disconnected from the server
Process exiting
Exiting without the bug reporter. Application will terminate with return code 0